{"/home/rawbin/Projets/_1projets_en_cours/modulo/modulo/src/core/components/StaticComponents/StaticCoverPage.js": {"path":"/home/rawbin/Projets/_1projets_en_cours/modulo/modulo/src/core/components/StaticComponents/StaticCoverPage.js","statementMap":{"1":{"start":{"line":1,"column":0},"end":{"line":null,"column":-1}},"2":{"start":{"line":2,"column":0},"end":{"line":null,"column":-1}},"3":{"start":{"line":3,"column":0},"end":{"line":null,"column":-1}},"4":{"start":{"line":11,"column":21},"end":{"line":11,"column":45}},"5":{"start":{"line":25,"column":16},"end":{"line":25,"column":10}},"6":{"start":{"line":26,"column":6},"end":{"line":25,"column":36}},"7":{"start":{"line":28,"column":4},"end":{"line":28,"column":3}},"8":{"start":{"line":29,"column":6},"end":{"line":28,"column":13}},"9":{"start":{"line":31,"column":4},"end":{"line":24,"column":28}},"10":{"start":{"line":39,"column":4},"end":{"line":38,"column":11}},"11":{"start":{"line":77,"column":16},"end":{"line":76,"column":81}},"12":{"start":{"line":100,"column":16},"end":{"line":99,"column":90}},"13":{"start":{"line":11,"column":21},"end":{"line":21,"column":24}}},"fnMap":{"1":{"name":"(anonymous_11)","decl":{"start":{"line":25,"column":26},"end":{"line":25,"column":26}},"loc":{"start":{"line":25,"column":36},"end":{"line":25,"column":26}}},"2":{"name":"(anonymous_13)","decl":{"start":{"line":76,"column":70},"end":{"line":76,"column":70}},"loc":{"start":{"line":76,"column":81},"end":{"line":76,"column":70}}},"3":{"name":"(anonymous_14)","decl":{"start":{"line":99,"column":79},"end":{"line":99,"column":79}},"loc":{"start":{"line":99,"column":90},"end":{"line":99,"column":79}}}},"branchMap":{"1":{"loc":{"start":{"line":11,"column":21},"end":{"line":11,"column":45}},"type":"binary-expr","locations":[{"start":{"line":11,"column":21},"end":{"line":11,"column":45}},{"start":{"line":11,"column":45},"end":{"line":null,"column":-1}}]},"2":{"loc":{"start":{"line":26,"column":13},"end":{"line":26,"column":12}},"type":"binary-expr","locations":[{"start":{"line":26,"column":13},"end":{"line":26,"column":12}},{"start":{"line":26,"column":42},"end":{"line":26,"column":41}}]},"3":{"loc":{"start":{"line":28,"column":13},"end":{"line":28,"column":4}},"type":"if","locations":[{"start":{"line":28,"column":13},"end":{"line":28,"column":4}}]}},"s":{"1":1,"2":1,"3":1,"4":1,"5":10,"6":78,"7":10,"8":10,"9":0,"10":1,"11":1,"12":1,"13":1},"f":{"1":78,"2":1,"3":1},"b":{"1":[1,0],"2":[78,78],"3":[10]}}
,"/home/rawbin/Projets/_1projets_en_cours/modulo/modulo/src/core/components/StaticComponents/StaticDocument.js": {"path":"/home/rawbin/Projets/_1projets_en_cours/modulo/modulo/src/core/components/StaticComponents/StaticDocument.js","statementMap":{"1":{"start":{"line":1,"column":0},"end":{"line":null,"column":-1}},"2":{"start":{"line":2,"column":0},"end":{"line":null,"column":-1}},"3":{"start":{"line":3,"column":0},"end":{"line":null,"column":-1}},"4":{"start":{"line":4,"column":0},"end":{"line":null,"column":-1}},"5":{"start":{"line":5,"column":0},"end":{"line":null,"column":-1}},"6":{"start":{"line":21,"column":21},"end":{"line":21,"column":44}},"7":{"start":{"line":39,"column":20},"end":{"line":39,"column":10}},"8":{"start":{"line":40,"column":20},"end":{"line":40,"column":10}},"9":{"start":{"line":41,"column":20},"end":{"line":41,"column":10}},"10":{"start":{"line":42,"column":6},"end":{"line":41,"column":65}},"11":{"start":{"line":44,"column":6},"end":{"line":43,"column":28}},"12":{"start":{"line":50,"column":4},"end":{"line":38,"column":11}},"13":{"start":{"line":59,"column":10},"end":{"line":58,"column":57}},"14":{"start":{"line":61,"column":10},"end":{"line":60,"column":24}},"15":{"start":{"line":63,"column":12},"end":{"line":62,"column":10}},"16":{"start":{"line":65,"column":12},"end":{"line":64,"column":10}},"17":{"start":{"line":67,"column":12},"end":{"line":66,"column":10}},"18":{"start":{"line":71,"column":20},"end":{"line":70,"column":44}},"19":{"start":{"line":78,"column":12},"end":{"line":77,"column":10}},"20":{"start":{"line":110,"column":12},"end":{"line":109,"column":69}},"21":{"start":{"line":120,"column":16},"end":{"line":119,"column":58}},"22":{"start":{"line":21,"column":21},"end":{"line":31,"column":24}}},"fnMap":{"1":{"name":"(anonymous_11)","decl":{"start":{"line":41,"column":47},"end":{"line":41,"column":47}},"loc":{"start":{"line":41,"column":65},"end":{"line":41,"column":47}}},"2":{"name":"(anonymous_12)","decl":{"start":{"line":43,"column":11},"end":{"line":43,"column":11}},"loc":{"start":{"line":43,"column":28},"end":{"line":43,"column":11}}},"3":{"name":"(anonymous_13)","decl":{"start":{"line":58,"column":48},"end":{"line":58,"column":48}},"loc":{"start":{"line":58,"column":57},"end":{"line":58,"column":48}}},"4":{"name":"(anonymous_14)","decl":{"start":{"line":60,"column":15},"end":{"line":60,"column":15}},"loc":{"start":{"line":60,"column":24},"end":{"line":60,"column":15}}},"5":{"name":"(anonymous_15)","decl":{"start":{"line":70,"column":33},"end":{"line":70,"column":33}},"loc":{"start":{"line":70,"column":44},"end":{"line":70,"column":33}}},"6":{"name":"(anonymous_16)","decl":{"start":{"line":109,"column":43},"end":{"line":109,"column":43}},"loc":{"start":{"line":109,"column":69},"end":{"line":109,"column":43}}},"7":{"name":"(anonymous_17)","decl":{"start":{"line":119,"column":41},"end":{"line":119,"column":41}},"loc":{"start":{"line":119,"column":58},"end":{"line":119,"column":41}}}},"branchMap":{"1":{"loc":{"start":{"line":21,"column":21},"end":{"line":21,"column":44}},"type":"binary-expr","locations":[{"start":{"line":21,"column":21},"end":{"line":21,"column":44}},{"start":{"line":21,"column":44},"end":{"line":null,"column":-1}}]},"2":{"loc":{"start":{"line":62,"column":10},"end":{"line":62,"column":9}},"type":"switch","locations":[{"start":{"line":62,"column":10},"end":{"line":62,"column":9}},{"start":{"line":61,"column":10},"end":{"line":64,"column":10}},{"start":{"line":61,"column":10},"end":{"line":66,"column":10}},{"start":{"line":61,"column":10},"end":{"line":77,"column":10}}]},"3":{"loc":{"start":{"line":84,"column":10},"end":{"line":83,"column":10}},"type":"cond-expr","locations":[{"start":{"line":84,"column":10},"end":{"line":83,"column":10}},{"start":{"line":85,"column":12},"end":{"line":83,"column":10}}]},"4":{"loc":{"start":{"line":90,"column":10},"end":{"line":89,"column":10}},"type":"cond-expr","locations":[{"start":{"line":90,"column":10},"end":{"line":89,"column":10}},{"start":{"line":91,"column":12},"end":{"line":89,"column":10}}]},"5":{"loc":{"start":{"line":102,"column":12},"end":{"line":101,"column":10}},"type":"cond-expr","locations":[{"start":{"line":102,"column":12},"end":{"line":101,"column":10}},{"start":{"line":105,"column":17},"end":{"line":101,"column":10}}]},"6":{"loc":{"start":{"line":116,"column":10},"end":{"line":115,"column":10}},"type":"cond-expr","locations":[{"start":{"line":116,"column":10},"end":{"line":115,"column":10}},{"start":{"line":123,"column":15},"end":{"line":115,"column":10}}]},"7":{"loc":{"start":{"line":120,"column":35},"end":{"line":120,"column":34}},"type":"binary-expr","locations":[{"start":{"line":120,"column":35},"end":{"line":120,"column":34}},{"start":{"line":120,"column":51},"end":{"line":120,"column":35}}]},"8":{"loc":{"start":{"line":128,"column":10},"end":{"line":127,"column":10}},"type":"cond-expr","locations":[{"start":{"line":128,"column":10},"end":{"line":127,"column":10}},{"start":{"line":129,"column":12},"end":{"line":127,"column":10}}]}},"s":{"1":1,"2":1,"3":1,"4":1,"5":1,"6":1,"7":1,"8":1,"9":1,"10":4,"11":3,"12":1,"13":24,"14":16,"15":1,"16":1,"17":1,"18":1,"19":13,"20":3,"21":0,"22":1},"f":{"1":4,"2":3,"3":24,"4":16,"5":1,"6":3,"7":0},"b":{"1":[1,0],"2":[1,1,1,13],"3":[1,0],"4":[0,1],"5":[0,1],"6":[0,1],"7":[0,0],"8":[1,0]}}
,"/home/rawbin/Projets/_1projets_en_cours/modulo/modulo/src/core/components/StaticComponents/StaticEndNotes.js": {"path":"/home/rawbin/Projets/_1projets_en_cours/modulo/modulo/src/core/components/StaticComponents/StaticEndNotes.js","statementMap":{"1":{"start":{"line":1,"column":0},"end":{"line":null,"column":-1}},"2":{"start":{"line":2,"column":0},"end":{"line":null,"column":-1}},"3":{"start":{"line":3,"column":0},"end":{"line":null,"column":-1}},"4":{"start":{"line":11,"column":21},"end":{"line":11,"column":44}},"5":{"start":{"line":29,"column":4},"end":{"line":28,"column":11}},"6":{"start":{"line":37,"column":12},"end":{"line":36,"column":52}},"7":{"start":{"line":11,"column":21},"end":{"line":21,"column":24}}},"fnMap":{"1":{"name":"(anonymous_11)","decl":{"start":{"line":36,"column":32},"end":{"line":36,"column":32}},"loc":{"start":{"line":36,"column":52},"end":{"line":36,"column":32}}}},"branchMap":{"1":{"loc":{"start":{"line":11,"column":21},"end":{"line":11,"column":44}},"type":"binary-expr","locations":[{"start":{"line":11,"column":21},"end":{"line":11,"column":44}},{"start":{"line":11,"column":44},"end":{"line":null,"column":-1}}]},"2":{"loc":{"start":{"line":33,"column":39},"end":{"line":33,"column":9}},"type":"cond-expr","locations":[{"start":{"line":33,"column":39},"end":{"line":33,"column":9}},{"start":{"line":33,"column":96},"end":{"line":33,"column":9}}]}},"s":{"1":1,"2":1,"3":1,"4":1,"5":0,"6":0,"7":1},"f":{"1":0},"b":{"1":[1,0],"2":[0,0]}}
,"/home/rawbin/Projets/_1projets_en_cours/modulo/modulo/src/core/components/StaticComponents/StaticImageFigure.js": {"path":"/home/rawbin/Projets/_1projets_en_cours/modulo/modulo/src/core/components/StaticComponents/StaticImageFigure.js","statementMap":{"1":{"start":{"line":1,"column":0},"end":{"line":null,"column":-1}},"2":{"start":{"line":2,"column":0},"end":{"line":null,"column":-1}},"3":{"start":{"line":10,"column":21},"end":{"line":10,"column":47}},"4":{"start":{"line":38,"column":4},"end":{"line":37,"column":11}}},"fnMap":{},"branchMap":{"1":{"loc":{"start":{"line":10,"column":21},"end":{"line":10,"column":47}},"type":"binary-expr","locations":[{"start":{"line":10,"column":21},"end":{"line":10,"column":47}},{"start":{"line":10,"column":47},"end":{"line":null,"column":-1}}]}},"s":{"1":1,"2":1,"3":1,"4":4},"f":{},"b":{"1":[1,0]}}
,"/home/rawbin/Projets/_1projets_en_cours/modulo/modulo/src/core/components/StaticComponents/StaticImageGallery.js": {"path":"/home/rawbin/Projets/_1projets_en_cours/modulo/modulo/src/core/components/StaticComponents/StaticImageGallery.js","statementMap":{"1":{"start":{"line":1,"column":0},"end":{"line":null,"column":-1}},"2":{"start":{"line":2,"column":0},"end":{"line":null,"column":-1}},"3":{"start":{"line":4,"column":0},"end":{"line":null,"column":-1}},"4":{"start":{"line":12,"column":21},"end":{"line":12,"column":48}},"5":{"start":{"line":37,"column":4},"end":{"line":36,"column":11}},"6":{"start":{"line":50,"column":18},"end":{"line":49,"column":54}}},"fnMap":{"1":{"name":"(anonymous_11)","decl":{"start":{"line":49,"column":42},"end":{"line":49,"column":42}},"loc":{"start":{"line":49,"column":54},"end":{"line":49,"column":42}}}},"branchMap":{"1":{"loc":{"start":{"line":12,"column":21},"end":{"line":12,"column":48}},"type":"binary-expr","locations":[{"start":{"line":12,"column":21},"end":{"line":12,"column":48}},{"start":{"line":12,"column":48},"end":{"line":null,"column":-1}}]},"2":{"loc":{"start":{"line":45,"column":50},"end":{"line":45,"column":78}},"type":"cond-expr","locations":[{"start":{"line":45,"column":50},"end":{"line":45,"column":78}},{"start":{"line":45,"column":104},"end":{"line":45,"column":24}}]},"3":{"loc":{"start":{"line":46,"column":44},"end":{"line":46,"column":72}},"type":"cond-expr","locations":[{"start":{"line":46,"column":44},"end":{"line":46,"column":72}},{"start":{"line":46,"column":98},"end":{"line":46,"column":18}}]}},"s":{"1":1,"2":1,"3":1,"4":1,"5":2,"6":3},"f":{"1":3},"b":{"1":[1,0],"2":[2,0],"3":[2,0]}}
,"/home/rawbin/Projets/_1projets_en_cours/modulo/modulo/src/core/components/StaticComponents/StaticNote.js": {"path":"/home/rawbin/Projets/_1projets_en_cours/modulo/modulo/src/core/components/StaticComponents/StaticNote.js","statementMap":{"1":{"start":{"line":1,"column":0},"end":{"line":null,"column":-1}},"2":{"start":{"line":2,"column":0},"end":{"line":null,"column":-1}},"3":{"start":{"line":3,"column":0},"end":{"line":null,"column":-1}},"4":{"start":{"line":11,"column":21},"end":{"line":11,"column":40}},"5":{"start":{"line":32,"column":20},"end":{"line":32,"column":10}},"6":{"start":{"line":33,"column":4},"end":{"line":31,"column":11}},"7":{"start":{"line":11,"column":21},"end":{"line":22,"column":24}}},"fnMap":{},"branchMap":{"1":{"loc":{"start":{"line":11,"column":21},"end":{"line":11,"column":40}},"type":"binary-expr","locations":[{"start":{"line":11,"column":21},"end":{"line":11,"column":40}},{"start":{"line":11,"column":40},"end":{"line":null,"column":-1}}]}},"s":{"1":1,"2":1,"3":1,"4":1,"5":0,"6":0,"7":1},"f":{},"b":{"1":[1,0]}}
,"/home/rawbin/Projets/_1projets_en_cours/modulo/modulo/src/core/components/StaticComponents/StaticSection.js": {"path":"/home/rawbin/Projets/_1projets_en_cours/modulo/modulo/src/core/components/StaticComponents/StaticSection.js","statementMap":{"1":{"start":{"line":1,"column":0},"end":{"line":null,"column":-1}},"2":{"start":{"line":2,"column":0},"end":{"line":null,"column":-1}},"3":{"start":{"line":3,"column":0},"end":{"line":null,"column":-1}},"4":{"start":{"line":4,"column":0},"end":{"line":null,"column":-1}},"5":{"start":{"line":6,"column":0},"end":{"line":null,"column":-1}},"6":{"start":{"line":18,"column":21},"end":{"line":18,"column":43}},"7":{"start":{"line":36,"column":20},"end":{"line":36,"column":10}},"8":{"start":{"line":37,"column":20},"end":{"line":37,"column":10}},"9":{"start":{"line":38,"column":4},"end":{"line":35,"column":11}},"10":{"start":{"line":18,"column":21},"end":{"line":28,"column":24}}},"fnMap":{},"branchMap":{"1":{"loc":{"start":{"line":18,"column":21},"end":{"line":18,"column":43}},"type":"binary-expr","locations":[{"start":{"line":18,"column":21},"end":{"line":18,"column":43}},{"start":{"line":18,"column":43},"end":{"line":null,"column":-1}}]},"2":{"loc":{"start":{"line":57,"column":10},"end":{"line":56,"column":9}},"type":"cond-expr","locations":[{"start":{"line":57,"column":10},"end":{"line":56,"column":9}},{"start":{"line":60,"column":15},"end":{"line":56,"column":9}}]}},"s":{"1":1,"2":1,"3":1,"4":1,"5":1,"6":1,"7":3,"8":3,"9":3,"10":1},"f":{},"b":{"1":[1,0],"2":[0,3]}}
,"/home/rawbin/Projets/_1projets_en_cours/modulo/modulo/src/core/components/StaticComponents/StaticTableOfContents.js": {"path":"/home/rawbin/Projets/_1projets_en_cours/modulo/modulo/src/core/components/StaticComponents/StaticTableOfContents.js","statementMap":{"1":{"start":{"line":1,"column":0},"end":{"line":null,"column":-1}},"2":{"start":{"line":2,"column":0},"end":{"line":null,"column":-1}},"3":{"start":{"line":10,"column":21},"end":{"line":10,"column":51}},"4":{"start":{"line":31,"column":4},"end":{"line":30,"column":11}},"5":{"start":{"line":38,"column":12},"end":{"line":37,"column":47}},"6":{"start":{"line":46,"column":6},"end":{"line":46,"column":43}},"7":{"start":{"line":71,"column":4},"end":{"line":70,"column":11}}},"fnMap":{"1":{"name":"(anonymous_11)","decl":{"start":{"line":37,"column":35},"end":{"line":37,"column":35}},"loc":{"start":{"line":37,"column":47},"end":{"line":37,"column":35}}}},"branchMap":{"1":{"loc":{"start":{"line":10,"column":21},"end":{"line":10,"column":51}},"type":"binary-expr","locations":[{"start":{"line":10,"column":21},"end":{"line":10,"column":51}},{"start":{"line":10,"column":51},"end":{"line":null,"column":-1}}]}},"s":{"1":1,"2":1,"3":1,"4":1,"5":3,"6":1,"7":3},"f":{"1":3},"b":{"1":[1,0]}}
,"/home/rawbin/Projets/_1projets_en_cours/modulo/modulo/src/core/components/StaticComponents/StaticWebsitePoster.js": {"path":"/home/rawbin/Projets/_1projets_en_cours/modulo/modulo/src/core/components/StaticComponents/StaticWebsitePoster.js","statementMap":{"1":{"start":{"line":1,"column":0},"end":{"line":null,"column":-1}},"2":{"start":{"line":2,"column":0},"end":{"line":null,"column":-1}},"3":{"start":{"line":3,"column":0},"end":{"line":null,"column":-1}},"4":{"start":{"line":4,"column":0},"end":{"line":null,"column":-1}},"5":{"start":{"line":12,"column":21},"end":{"line":12,"column":53}},"6":{"start":{"line":38,"column":27},"end":{"line":38,"column":10}},"7":{"start":{"line":41,"column":4},"end":{"line":37,"column":11}}},"fnMap":{},"branchMap":{"1":{"loc":{"start":{"line":12,"column":21},"end":{"line":12,"column":53}},"type":"binary-expr","locations":[{"start":{"line":12,"column":21},"end":{"line":12,"column":53}},{"start":{"line":12,"column":53},"end":{"line":null,"column":-1}}]},"2":{"loc":{"start":{"line":50,"column":44},"end":{"line":50,"column":72}},"type":"cond-expr","locations":[{"start":{"line":50,"column":44},"end":{"line":50,"column":72}},{"start":{"line":50,"column":98},"end":{"line":50,"column":18}}]}},"s":{"1":1,"2":1,"3":1,"4":1,"5":1,"6":1,"7":1},"f":{},"b":{"1":[1,0],"2":[1,0]}}
,"/home/rawbin/Projets/_1projets_en_cours/modulo/modulo/src/core/components/StructuredDataComponents/StructuredCite.js": {"path":"/home/rawbin/Projets/_1projets_en_cours/modulo/modulo/src/core/components/StructuredDataComponents/StructuredCite.js","statementMap":{"1":{"start":{"line":1,"column":0},"end":{"line":null,"column":-1}},"2":{"start":{"line":2,"column":0},"end":{"line":null,"column":-1}},"3":{"start":{"line":10,"column":21},"end":{"line":10,"column":44}},"4":{"start":{"line":29,"column":4},"end":{"line":28,"column":11}}},"fnMap":{},"branchMap":{"1":{"loc":{"start":{"line":10,"column":21},"end":{"line":10,"column":44}},"type":"binary-expr","locations":[{"start":{"line":10,"column":21},"end":{"line":10,"column":44}},{"start":{"line":10,"column":44},"end":{"line":null,"column":-1}}]}},"s":{"1":1,"2":1,"3":1,"4":3},"f":{},"b":{"1":[1,0]}}
,"/home/rawbin/Projets/_1projets_en_cours/modulo/modulo/src/core/components/StructuredDataComponents/StructuredDate.js": {"path":"/home/rawbin/Projets/_1projets_en_cours/modulo/modulo/src/core/components/StructuredDataComponents/StructuredDate.js","statementMap":{"1":{"start":{"line":1,"column":0},"end":{"line":null,"column":-1}},"2":{"start":{"line":2,"column":0},"end":{"line":null,"column":-1}},"3":{"start":{"line":10,"column":21},"end":{"line":10,"column":44}},"4":{"start":{"line":29,"column":4},"end":{"line":29,"column":3}},"5":{"start":{"line":30,"column":20},"end":{"line":30,"column":12}},"6":{"start":{"line":31,"column":6},"end":{"line":31,"column":5}},"7":{"start":{"line":32,"column":8},"end":{"line":31,"column":17}},"8":{"start":{"line":35,"column":4},"end":{"line":28,"column":36}},"9":{"start":{"line":43,"column":23},"end":{"line":43,"column":10}},"10":{"start":{"line":44,"column":4},"end":{"line":42,"column":11}}},"fnMap":{},"branchMap":{"1":{"loc":{"start":{"line":10,"column":21},"end":{"line":10,"column":44}},"type":"binary-expr","locations":[{"start":{"line":10,"column":21},"end":{"line":10,"column":44}},{"start":{"line":10,"column":44},"end":{"line":null,"column":-1}}]},"2":{"loc":{"start":{"line":29,"column":61},"end":{"line":29,"column":4}},"type":"if","locations":[{"start":{"line":29,"column":61},"end":{"line":29,"column":4}}]},"3":{"loc":{"start":{"line":29,"column":8},"end":{"line":29,"column":7}},"type":"binary-expr","locations":[{"start":{"line":29,"column":8},"end":{"line":29,"column":7}},{"start":{"line":29,"column":37},"end":{"line":29,"column":36}}]},"4":{"loc":{"start":{"line":31,"column":17},"end":{"line":31,"column":6}},"type":"if","locations":[{"start":{"line":31,"column":17},"end":{"line":31,"column":6}}]}},"s":{"1":1,"2":1,"3":1,"4":7,"5":0,"6":0,"7":0,"8":7,"9":7,"10":7},"f":{},"b":{"1":[1,0],"2":[0],"3":[7,4],"4":[0]}}
,"/home/rawbin/Projets/_1projets_en_cours/modulo/modulo/src/core/components/StructuredDataComponents/StructuredHyperLink.js": {"path":"/home/rawbin/Projets/_1projets_en_cours/modulo/modulo/src/core/components/StructuredDataComponents/StructuredHyperLink.js","statementMap":{"1":{"start":{"line":1,"column":0},"end":{"line":null,"column":-1}},"2":{"start":{"line":2,"column":0},"end":{"line":null,"column":-1}},"3":{"start":{"line":10,"column":21},"end":{"line":10,"column":49}},"4":{"start":{"line":36,"column":27},"end":{"line":36,"column":10}},"5":{"start":{"line":39,"column":4},"end":{"line":35,"column":11}}},"fnMap":{},"branchMap":{"1":{"loc":{"start":{"line":10,"column":21},"end":{"line":10,"column":49}},"type":"binary-expr","locations":[{"start":{"line":10,"column":21},"end":{"line":10,"column":49}},{"start":{"line":10,"column":49},"end":{"line":null,"column":-1}}]}},"s":{"1":1,"2":1,"3":1,"4":2,"5":2},"f":{},"b":{"1":[1,0]}}
,"/home/rawbin/Projets/_1projets_en_cours/modulo/modulo/src/core/components/StructuredDataComponents/StructuredMetadataPlaceholder.js": {"path":"/home/rawbin/Projets/_1projets_en_cours/modulo/modulo/src/core/components/StructuredDataComponents/StructuredMetadataPlaceholder.js","statementMap":{"1":{"start":{"line":1,"column":0},"end":{"line":null,"column":-1}},"2":{"start":{"line":2,"column":0},"end":{"line":null,"column":-1}},"3":{"start":{"line":3,"column":0},"end":{"line":null,"column":-1}},"4":{"start":{"line":15,"column":21},"end":{"line":15,"column":59}},"5":{"start":{"line":32,"column":4},"end":{"line":31,"column":11}},"6":{"start":{"line":38,"column":10},"end":{"line":37,"column":53}},"7":{"start":{"line":40,"column":10},"end":{"line":39,"column":24}},"8":{"start":{"line":42,"column":12},"end":{"line":41,"column":10}},"9":{"start":{"line":44,"column":12},"end":{"line":43,"column":10}},"10":{"start":{"line":46,"column":12},"end":{"line":45,"column":10}},"11":{"start":{"line":50,"column":20},"end":{"line":49,"column":44}},"12":{"start":{"line":57,"column":12},"end":{"line":56,"column":10}},"13":{"start":{"line":15,"column":21},"end":{"line":24,"column":24}}},"fnMap":{"1":{"name":"(anonymous_11)","decl":{"start":{"line":37,"column":44},"end":{"line":37,"column":44}},"loc":{"start":{"line":37,"column":53},"end":{"line":37,"column":44}}},"2":{"name":"(anonymous_12)","decl":{"start":{"line":39,"column":15},"end":{"line":39,"column":15}},"loc":{"start":{"line":39,"column":24},"end":{"line":39,"column":15}}},"3":{"name":"(anonymous_13)","decl":{"start":{"line":49,"column":33},"end":{"line":49,"column":33}},"loc":{"start":{"line":49,"column":44},"end":{"line":49,"column":33}}}},"branchMap":{"1":{"loc":{"start":{"line":15,"column":21},"end":{"line":15,"column":59}},"type":"binary-expr","locations":[{"start":{"line":15,"column":21},"end":{"line":15,"column":59}},{"start":{"line":15,"column":59},"end":{"line":null,"column":-1}}]},"2":{"loc":{"start":{"line":41,"column":10},"end":{"line":41,"column":9}},"type":"switch","locations":[{"start":{"line":41,"column":10},"end":{"line":41,"column":9}},{"start":{"line":40,"column":10},"end":{"line":43,"column":10}},{"start":{"line":40,"column":10},"end":{"line":45,"column":10}},{"start":{"line":40,"column":10},"end":{"line":56,"column":10}}]}},"s":{"1":1,"2":1,"3":1,"4":1,"5":3,"6":73,"7":49,"8":3,"9":3,"10":3,"11":5,"12":40,"13":1},"f":{"1":73,"2":49,"3":5},"b":{"1":[1,0],"2":[3,3,3,40]}}
,"/home/rawbin/Projets/_1projets_en_cours/modulo/modulo/src/core/components/StructuredDataComponents/StructuredParentJournal.js": {"path":"/home/rawbin/Projets/_1projets_en_cours/modulo/modulo/src/core/components/StructuredDataComponents/StructuredParentJournal.js","statementMap":{"1":{"start":{"line":1,"column":0},"end":{"line":null,"column":-1}},"2":{"start":{"line":2,"column":0},"end":{"line":null,"column":-1}},"3":{"start":{"line":3,"column":0},"end":{"line":null,"column":-1}},"4":{"start":{"line":4,"column":0},"end":{"line":null,"column":-1}},"5":{"start":{"line":9,"column":0},"end":{"line":null,"column":-1}},"6":{"start":{"line":17,"column":21},"end":{"line":17,"column":53}},"7":{"start":{"line":38,"column":48},"end":{"line":38,"column":58}},"8":{"start":{"line":38,"column":66},"end":{"line":38,"column":75}},"9":{"start":{"line":39,"column":4},"end":{"line":39,"column":3}},"10":{"start":{"line":40,"column":6},"end":{"line":39,"column":27}},"11":{"start":{"line":55,"column":4},"end":{"line":38,"column":79}},"12":{"start":{"line":63,"column":30},"end":{"line":63,"column":10}},"13":{"start":{"line":68,"column":29},"end":{"line":68,"column":10}},"14":{"start":{"line":73,"column":28},"end":{"line":73,"column":10}},"15":{"start":{"line":79,"column":21},"end":{"line":79,"column":20}},"16":{"start":{"line":81,"column":4},"end":{"line":62,"column":32}},"17":{"start":{"line":83,"column":4},"end":{"line":83,"column":3}},"18":{"start":{"line":84,"column":6},"end":{"line":83,"column":25}},"19":{"start":{"line":85,"column":11},"end":{"line":83,"column":4}},"20":{"start":{"line":87,"column":4},"end":{"line":87,"column":3}},"21":{"start":{"line":88,"column":6},"end":{"line":87,"column":24}},"22":{"start":{"line":89,"column":11},"end":{"line":87,"column":4}},"23":{"start":{"line":91,"column":4},"end":{"line":91,"column":3}},"24":{"start":{"line":92,"column":6},"end":{"line":91,"column":23}},"25":{"start":{"line":93,"column":11},"end":{"line":91,"column":4}},"26":{"start":{"line":94,"column":4},"end":{"line":62,"column":32}},"27":{"start":{"line":102,"column":4},"end":{"line":null,"column":-1}}},"fnMap":{},"branchMap":{"1":{"loc":{"start":{"line":17,"column":21},"end":{"line":17,"column":53}},"type":"binary-expr","locations":[{"start":{"line":17,"column":21},"end":{"line":17,"column":53}},{"start":{"line":17,"column":53},"end":{"line":null,"column":-1}}]},"2":{"loc":{"start":{"line":38,"column":58},"end":{"line":38,"column":78}},"type":"cond-expr","locations":[{"start":{"line":38,"column":58},"end":{"line":38,"column":78}},{"start":{"line":38,"column":58},"end":{"line":38,"column":78}}]},"3":{"loc":{"start":{"line":38,"column":48},"end":{"line":38,"column":57}},"type":"binary-expr","locations":[{"start":{"line":38,"column":48},"end":{"line":38,"column":57}},{"start":{"line":38,"column":48},"end":{"line":38,"column":57}}]},"4":{"loc":{"start":{"line":38,"column":75},"end":{"line":38,"column":78}},"type":"cond-expr","locations":[{"start":{"line":38,"column":75},"end":{"line":38,"column":78}},{"start":{"line":38,"column":75},"end":{"line":38,"column":78}}]},"5":{"loc":{"start":{"line":38,"column":66},"end":{"line":38,"column":74}},"type":"binary-expr","locations":[{"start":{"line":38,"column":66},"end":{"line":38,"column":74}},{"start":{"line":38,"column":66},"end":{"line":38,"column":74}}]},"6":{"loc":{"start":{"line":39,"column":27},"end":{"line":39,"column":4}},"type":"if","locations":[{"start":{"line":39,"column":27},"end":{"line":39,"column":4}}]},"7":{"loc":{"start":{"line":48,"column":25},"end":{"line":48,"column":24}},"type":"cond-expr","locations":[{"start":{"line":48,"column":25},"end":{"line":48,"column":24}},{"start":{"line":48,"column":46},"end":{"line":48,"column":9}}]},"8":{"loc":{"start":{"line":50,"column":25},"end":{"line":50,"column":24}},"type":"cond-expr","locations":[{"start":{"line":50,"column":25},"end":{"line":50,"column":24}},{"start":{"line":50,"column":47},"end":{"line":50,"column":9}}]},"9":{"loc":{"start":{"line":83,"column":25},"end":{"line":83,"column":4}},"type":"if","locations":[{"start":{"line":83,"column":25},"end":{"line":83,"column":4}},{"start":{"line":85,"column":11},"end":{"line":83,"column":4}}]},"10":{"loc":{"start":{"line":87,"column":24},"end":{"line":87,"column":4}},"type":"if","locations":[{"start":{"line":87,"column":24},"end":{"line":87,"column":4}},{"start":{"line":89,"column":11},"end":{"line":87,"column":4}}]},"11":{"loc":{"start":{"line":91,"column":23},"end":{"line":91,"column":4}},"type":"if","locations":[{"start":{"line":91,"column":23},"end":{"line":91,"column":4}},{"start":{"line":93,"column":11},"end":{"line":91,"column":4}}]}},"s":{"1":1,"2":1,"3":1,"4":1,"5":1,"6":1,"7":1,"8":1,"9":1,"10":1,"11":0,"12":1,"13":1,"14":1,"15":1,"16":1,"17":1,"18":1,"19":0,"20":1,"21":1,"22":0,"23":1,"24":1,"25":0,"26":1,"27":1},"f":{},"b":{"1":[1,0],"2":[1,0],"3":[1,0],"4":[1,0],"5":[1,0],"6":[1],"7":[0,1],"8":[0,1],"9":[1,0],"10":[1,0],"11":[1,0]}}
,"/home/rawbin/Projets/_1projets_en_cours/modulo/modulo/src/core/components/StructuredDataComponents/StructuredPerson.js": {"path":"/home/rawbin/Projets/_1projets_en_cours/modulo/modulo/src/core/components/StructuredDataComponents/StructuredPerson.js","statementMap":{"1":{"start":{"line":1,"column":0},"end":{"line":null,"column":-1}},"2":{"start":{"line":2,"column":0},"end":{"line":null,"column":-1}},"3":{"start":{"line":3,"column":0},"end":{"line":null,"column":-1}},"4":{"start":{"line":11,"column":21},"end":{"line":11,"column":46}},"5":{"start":{"line":37,"column":17},"end":{"line":37,"column":10}},"6":{"start":{"line":39,"column":36},"end":{"line":39,"column":10}},"7":{"start":{"line":40,"column":35},"end":{"line":40,"column":10}},"8":{"start":{"line":36,"column":35},"end":{"line":42,"column":4}},"9":{"start":{"line":43,"column":6},"end":{"line":43,"column":5}},"10":{"start":{"line":45,"column":23},"end":{"line":45,"column":12}},"11":{"start":{"line":46,"column":10},"end":{"line":46,"column":9}},"12":{"start":{"line":47,"column":12},"end":{"line":46,"column":31}},"13":{"start":{"line":49,"column":10},"end":{"line":45,"column":61}},"14":{"start":{"line":43,"column":54},"end":{"line":43,"column":53}},"15":{"start":{"line":53,"column":10},"end":{"line":53,"column":9}},"16":{"start":{"line":54,"column":12},"end":{"line":53,"column":31}},"17":{"start":{"line":56,"column":10},"end":{"line":52,"column":57}},"18":{"start":{"line":58,"column":8},"end":{"line":43,"column":54}},"19":{"start":{"line":61,"column":4},"end":{"line":61,"column":3}},"20":{"start":{"line":62,"column":6},"end":{"line":62,"column":5}},"21":{"start":{"line":63,"column":8},"end":{"line":62,"column":53}},"22":{"start":{"line":66,"column":4},"end":{"line":36,"column":35}},"23":{"start":{"line":74,"column":17},"end":{"line":74,"column":10}},"24":{"start":{"line":75,"column":4},"end":{"line":73,"column":15}},"25":{"start":{"line":76,"column":4},"end":{"line":73,"column":15}},"26":{"start":{"line":77,"column":4},"end":{"line":73,"column":15}},"27":{"start":{"line":78,"column":4},"end":{"line":73,"column":15}},"28":{"start":{"line":79,"column":18},"end":{"line":79,"column":8}},"29":{"start":{"line":84,"column":4},"end":{"line":73,"column":15}},"30":{"start":{"line":85,"column":4},"end":{"line":73,"column":15}},"31":{"start":{"line":93,"column":4},"end":{"line":92,"column":11}}},"fnMap":{"1":{"name":"(anonymous_11)","decl":{"start":{"line":45,"column":53},"end":{"line":45,"column":53}},"loc":{"start":{"line":45,"column":61},"end":{"line":45,"column":53}}},"2":{"name":"(anonymous_12)","decl":{"start":{"line":52,"column":49},"end":{"line":52,"column":49}},"loc":{"start":{"line":52,"column":57},"end":{"line":52,"column":49}}}},"branchMap":{"1":{"loc":{"start":{"line":11,"column":21},"end":{"line":11,"column":46}},"type":"binary-expr","locations":[{"start":{"line":11,"column":21},"end":{"line":11,"column":46}},{"start":{"line":11,"column":46},"end":{"line":null,"column":-1}}]},"2":{"loc":{"start":{"line":42,"column":33},"end":{"line":42,"column":4}},"type":"if","locations":[{"start":{"line":42,"column":33},"end":{"line":42,"column":4}}]},"3":{"loc":{"start":{"line":43,"column":54},"end":{"line":43,"column":6}},"type":"if","locations":[{"start":{"line":43,"column":54},"end":{"line":43,"column":6}}]},"4":{"loc":{"start":{"line":46,"column":31},"end":{"line":46,"column":10}},"type":"if","locations":[{"start":{"line":46,"column":31},"end":{"line":46,"column":10}}]},"5":{"loc":{"start":{"line":53,"column":31},"end":{"line":53,"column":10}},"type":"if","locations":[{"start":{"line":53,"column":31},"end":{"line":53,"column":10}}]},"6":{"loc":{"start":{"line":61,"column":32},"end":{"line":61,"column":4}},"type":"if","locations":[{"start":{"line":61,"column":32},"end":{"line":61,"column":4}}]},"7":{"loc":{"start":{"line":62,"column":53},"end":{"line":62,"column":6}},"type":"if","locations":[{"start":{"line":62,"column":53},"end":{"line":62,"column":6}}]},"8":{"loc":{"start":{"line":78,"column":42},"end":{"line":78,"column":41}},"type":"cond-expr","locations":[{"start":{"line":78,"column":42},"end":{"line":78,"column":41}},{"start":{"line":78,"column":128},"end":{"line":78,"column":23}}]}},"s":{"1":1,"2":1,"3":1,"4":1,"5":17,"6":17,"7":17,"8":17,"9":13,"10":0,"11":0,"12":0,"13":0,"14":0,"15":0,"16":0,"17":0,"18":0,"19":17,"20":17,"21":10,"22":17,"23":17,"24":17,"25":17,"26":17,"27":17,"28":17,"29":17,"30":17,"31":17},"f":{"1":0,"2":0},"b":{"1":[1,0],"2":[13],"3":[0],"4":[0],"5":[0],"6":[17],"7":[10],"8":[1,16]}}
,"/home/rawbin/Projets/_1projets_en_cours/modulo/modulo/src/core/components/StructuredDataComponents/StructuredPublisher.js": {"path":"/home/rawbin/Projets/_1projets_en_cours/modulo/modulo/src/core/components/StructuredDataComponents/StructuredPublisher.js","statementMap":{"1":{"start":{"line":1,"column":0},"end":{"line":null,"column":-1}},"2":{"start":{"line":2,"column":0},"end":{"line":null,"column":-1}},"3":{"start":{"line":3,"column":0},"end":{"line":null,"column":-1}},"4":{"start":{"line":11,"column":21},"end":{"line":11,"column":49}},"5":{"start":{"line":37,"column":32},"end":{"line":37,"column":10}},"6":{"start":{"line":40,"column":21},"end":{"line":40,"column":8}},"7":{"start":{"line":42,"column":4},"end":{"line":42,"column":3}},"8":{"start":{"line":43,"column":6},"end":{"line":42,"column":26}},"9":{"start":{"line":46,"column":4},"end":{"line":36,"column":32}},"10":{"start":{"line":54,"column":4},"end":{"line":53,"column":11}}},"fnMap":{},"branchMap":{"1":{"loc":{"start":{"line":11,"column":21},"end":{"line":11,"column":49}},"type":"binary-expr","locations":[{"start":{"line":11,"column":21},"end":{"line":11,"column":49}},{"start":{"line":11,"column":49},"end":{"line":null,"column":-1}}]},"2":{"loc":{"start":{"line":42,"column":26},"end":{"line":42,"column":4}},"type":"if","locations":[{"start":{"line":42,"column":26},"end":{"line":42,"column":4}}]}},"s":{"1":1,"2":1,"3":1,"4":1,"5":0,"6":0,"7":0,"8":0,"9":0,"10":0},"f":{},"b":{"1":[1,0],"2":[0]}}
,"/home/rawbin/Projets/_1projets_en_cours/modulo/modulo/src/core/components/StructuredDataComponents/StructuredSpan.js": {"path":"/home/rawbin/Projets/_1projets_en_cours/modulo/modulo/src/core/components/StructuredDataComponents/StructuredSpan.js","statementMap":{"1":{"start":{"line":1,"column":0},"end":{"line":null,"column":-1}},"2":{"start":{"line":2,"column":0},"end":{"line":null,"column":-1}},"3":{"start":{"line":10,"column":21},"end":{"line":10,"column":44}},"4":{"start":{"line":33,"column":4},"end":{"line":32,"column":11}}},"fnMap":{},"branchMap":{"1":{"loc":{"start":{"line":10,"column":21},"end":{"line":10,"column":44}},"type":"binary-expr","locations":[{"start":{"line":10,"column":21},"end":{"line":10,"column":44}},{"start":{"line":10,"column":44},"end":{"line":null,"column":-1}}]}},"s":{"1":1,"2":1,"3":1,"4":9},"f":{},"b":{"1":[1,0]}}
,"/home/rawbin/Projets/_1projets_en_cours/modulo/modulo/src/core/connectors/filesystem/connector.js": {"path":"/home/rawbin/Projets/_1projets_en_cours/modulo/modulo/src/core/connectors/filesystem/connector.js","statementMap":{"1":{"start":{"line":1,"column":0},"end":{"line":null,"column":-1}},"2":{"start":{"line":2,"column":0},"end":{"line":null,"column":-1}},"3":{"start":{"line":3,"column":0},"end":{"line":null,"column":-1}},"4":{"start":{"line":4,"column":0},"end":{"line":null,"column":-1}},"5":{"start":{"line":6,"column":23},"end":{"line":6,"column":22}},"6":{"start":{"line":7,"column":15},"end":{"line":7,"column":8}},"7":{"start":{"line":8,"column":2},"end":{"line":6,"column":51}},"8":{"start":{"line":16,"column":24},"end":{"line":16,"column":23}},"9":{"start":{"line":17,"column":2},"end":{"line":17,"column":1}},"10":{"start":{"line":18,"column":4},"end":{"line":17,"column":18}},"11":{"start":{"line":20,"column":2},"end":{"line":16,"column":53}},"12":{"start":{"line":21,"column":4},"end":{"line":20,"column":37}},"13":{"start":{"line":27,"column":21},"end":{"line":27,"column":20}},"14":{"start":{"line":27,"column":31},"end":{"line":27,"column":38}},"15":{"start":{"line":27,"column":42},"end":{"line":27,"column":113}},"16":{"start":{"line":27,"column":51},"end":{"line":27,"column":113}},"17":{"start":{"line":27,"column":63},"end":{"line":27,"column":113}},"18":{"start":{"line":27,"column":70},"end":{"line":27,"column":113}},"19":{"start":{"line":27,"column":83},"end":{"line":27,"column":113}},"20":{"start":{"line":29,"column":2},"end":{"line":43,"column":9}},"21":{"start":{"line":30,"column":4},"end":{"line":37,"column":6}},"22":{"start":{"line":31,"column":6},"end":{"line":30,"column":8}},"23":{"start":{"line":32,"column":8},"end":{"line":32,"column":7}},"24":{"start":{"line":33,"column":10},"end":{"line":32,"column":17}},"25":{"start":{"line":35,"column":8},"end":{"line":31,"column":48}},"26":{"start":{"line":38,"column":6},"end":{"line":37,"column":24}},"27":{"start":{"line":43,"column":9},"end":{"line":43,"column":8}},"28":{"start":{"line":44,"column":4},"end":{"line":null,"column":-1}},"29":{"start":{"line":45,"column":23},"end":{"line":45,"column":12}},"30":{"start":{"line":47,"column":24},"end":{"line":46,"column":39}},"31":{"start":{"line":49,"column":23},"end":{"line":49,"column":22}},"32":{"start":{"line":50,"column":6},"end":{"line":44,"column":53}},"33":{"start":{"line":51,"column":8},"end":{"line":50,"column":49}},"34":{"start":{"line":53,"column":8},"end":{"line":52,"column":40}},"35":{"start":{"line":58,"column":4},"end":{"line":57,"column":9}},"36":{"start":{"line":63,"column":30},"end":{"line":63,"column":37}},"37":{"start":{"line":63,"column":41},"end":{"line":63,"column":143}},"38":{"start":{"line":63,"column":49},"end":{"line":63,"column":57}},"39":{"start":{"line":63,"column":60},"end":{"line":63,"column":73}},"40":{"start":{"line":63,"column":80},"end":{"line":63,"column":101}},"41":{"start":{"line":64,"column":23},"end":{"line":64,"column":22}},"42":{"start":{"line":65,"column":20},"end":{"line":65,"column":19}},"43":{"start":{"line":66,"column":6},"end":{"line":66,"column":2}},"44":{"start":{"line":67,"column":15},"end":{"line":67,"column":8}},"45":{"start":{"line":69,"column":2},"end":{"line":76,"column":3}},"46":{"start":{"line":70,"column":4},"end":{"line":69,"column":6}},"47":{"start":{"line":77,"column":4},"end":{"line":76,"column":15}},"48":{"start":{"line":80,"column":2},"end":{"line":82,"column":9}},"49":{"start":{"line":81,"column":4},"end":{"line":80,"column":36}},"50":{"start":{"line":82,"column":9},"end":{"line":82,"column":8}},"51":{"start":{"line":83,"column":4},"end":{"line":82,"column":63}},"52":{"start":{"line":84,"column":6},"end":{"line":84,"column":5}},"53":{"start":{"line":85,"column":8},"end":{"line":84,"column":15}},"54":{"start":{"line":87,"column":6},"end":{"line":83,"column":46}},"55":{"start":{"line":90,"column":4},"end":{"line":89,"column":9}},"56":{"start":{"line":95,"column":32},"end":{"line":95,"column":39}},"57":{"start":{"line":95,"column":43},"end":{"line":95,"column":116}},"58":{"start":{"line":95,"column":51},"end":{"line":95,"column":58}},"59":{"start":{"line":95,"column":66},"end":{"line":95,"column":83}},"60":{"start":{"line":95,"column":87},"end":{"line":95,"column":99}},"61":{"start":{"line":96,"column":23},"end":{"line":96,"column":22}},"62":{"start":{"line":97,"column":20},"end":{"line":97,"column":19}},"63":{"start":{"line":98,"column":20},"end":{"line":98,"column":8}},"64":{"start":{"line":98,"column":62},"end":{"line":98,"column":61}},"65":{"start":{"line":100,"column":21},"end":{"line":100,"column":8}},"66":{"start":{"line":101,"column":2},"end":{"line":95,"column":117}},"67":{"start":{"line":103,"column":4},"end":{"line":103,"column":3}},"68":{"start":{"line":104,"column":19},"end":{"line":104,"column":18}},"69":{"start":{"line":105,"column":6},"end":{"line":null,"column":-1}},"70":{"start":{"line":106,"column":8},"end":{"line":106,"column":7}},"71":{"start":{"line":107,"column":10},"end":{"line":106,"column":21}},"72":{"start":{"line":109,"column":10},"end":{"line":108,"column":14}},"73":{"start":{"line":110,"column":12},"end":{"line":109,"column":36}},"74":{"start":{"line":116,"column":6},"end":{"line":115,"column":11}},"75":{"start":{"line":121,"column":4},"end":{"line":119,"column":27}},"76":{"start":{"line":122,"column":6},"end":{"line":122,"column":5}},"77":{"start":{"line":123,"column":8},"end":{"line":127,"column":14}},"78":{"start":{"line":124,"column":10},"end":{"line":123,"column":29}},"79":{"start":{"line":125,"column":12},"end":{"line":124,"column":71}},"80":{"start":{"line":127,"column":14},"end":{"line":127,"column":13}},"81":{"start":{"line":128,"column":10},"end":{"line":127,"column":40}},"82":{"start":{"line":129,"column":12},"end":{"line":128,"column":43}},"83":{"start":{"line":132,"column":10},"end":{"line":131,"column":14}},"84":{"start":{"line":135,"column":8},"end":{"line":134,"column":12}},"85":{"start":{"line":142,"column":32},"end":{"line":142,"column":39}},"86":{"start":{"line":142,"column":43},"end":{"line":142,"column":82}},"87":{"start":{"line":142,"column":51},"end":{"line":142,"column":68}},"88":{"start":{"line":143,"column":23},"end":{"line":143,"column":22}},"89":{"start":{"line":144,"column":20},"end":{"line":144,"column":8}},"90":{"start":{"line":145,"column":2},"end":{"line":142,"column":83}},"91":{"start":{"line":146,"column":4},"end":{"line":146,"column":3}},"92":{"start":{"line":147,"column":24},"end":{"line":147,"column":12}},"93":{"start":{"line":147,"column":66},"end":{"line":147,"column":65}},"94":{"start":{"line":148,"column":26},"end":{"line":148,"column":12}},"95":{"start":{"line":149,"column":22},"end":{"line":149,"column":12}},"96":{"start":{"line":150,"column":6},"end":{"line":152,"column":13}},"97":{"start":{"line":151,"column":8},"end":{"line":150,"column":40}},"98":{"start":{"line":152,"column":13},"end":{"line":152,"column":12}},"99":{"start":{"line":153,"column":8},"end":{"line":152,"column":42}},"100":{"start":{"line":154,"column":10},"end":{"line":153,"column":59}},"101":{"start":{"line":158,"column":6},"end":{"line":157,"column":10}},"102":{"start":{"line":164,"column":32},"end":{"line":164,"column":39}},"103":{"start":{"line":164,"column":43},"end":{"line":164,"column":61}},"104":{"start":{"line":165,"column":23},"end":{"line":165,"column":22}},"105":{"start":{"line":166,"column":20},"end":{"line":166,"column":19}},"106":{"start":{"line":167,"column":2},"end":{"line":164,"column":62}},"107":{"start":{"line":168,"column":4},"end":{"line":168,"column":3}},"108":{"start":{"line":169,"column":24},"end":{"line":169,"column":12}},"109":{"start":{"line":169,"column":67},"end":{"line":169,"column":66}},"110":{"start":{"line":170,"column":26},"end":{"line":170,"column":12}},"111":{"start":{"line":171,"column":22},"end":{"line":171,"column":12}},"112":{"start":{"line":172,"column":6},"end":{"line":176,"column":12}},"113":{"start":{"line":173,"column":8},"end":{"line":172,"column":40}},"114":{"start":{"line":174,"column":10},"end":{"line":173,"column":57}},"115":{"start":{"line":176,"column":12},"end":{"line":176,"column":11}},"116":{"start":{"line":177,"column":8},"end":{"line":176,"column":41}},"117":{"start":{"line":178,"column":10},"end":{"line":177,"column":40}},"118":{"start":{"line":182,"column":6},"end":{"line":181,"column":10}},"119":{"start":{"line":192,"column":29},"end":{"line":192,"column":53}},"120":{"start":{"line":192,"column":35},"end":{"line":192,"column":53}},"121":{"start":{"line":193,"column":23},"end":{"line":193,"column":22}},"122":{"start":{"line":194,"column":20},"end":{"line":194,"column":19}},"123":{"start":{"line":195,"column":2},"end":{"line":192,"column":54}}},"fnMap":{"1":{"name":"analyseElement","decl":{"start":{"line":6,"column":6},"end":{"line":6,"column":23}},"loc":{"start":{"line":6,"column":51},"end":{"line":6,"column":23}}},"2":{"name":"analyseContents","decl":{"start":{"line":16,"column":6},"end":{"line":16,"column":24}},"loc":{"start":{"line":16,"column":53},"end":{"line":16,"column":24}}},"3":{"name":"(anonymous_4)","decl":{"start":{"line":20,"column":23},"end":{"line":20,"column":23}},"loc":{"start":{"line":20,"column":37},"end":{"line":20,"column":23}}},"4":{"name":"parseElement","decl":{"start":{"line":27,"column":6},"end":{"line":27,"column":21}},"loc":{"start":{"line":27,"column":114},"end":{"line":27,"column":21}}},"5":{"name":"(anonymous_6)","decl":{"start":{"line":31,"column":29},"end":{"line":31,"column":37}},"loc":{"start":{"line":31,"column":48},"end":{"line":31,"column":29}}},"6":{"name":"(anonymous_7)","decl":{"start":{"line":44,"column":32},"end":{"line":44,"column":40}},"loc":{"start":{"line":44,"column":53},"end":{"line":44,"column":32}}},"7":{"name":"(anonymous_8)","decl":{"start":{"line":46,"column":30},"end":{"line":46,"column":30}},"loc":{"start":{"line":46,"column":39},"end":{"line":46,"column":30}}},"8":{"name":"(anonymous_9)","decl":{"start":{"line":50,"column":25},"end":{"line":50,"column":33}},"loc":{"start":{"line":50,"column":49},"end":{"line":50,"column":25}}},"9":{"name":"(anonymous_10)","decl":{"start":{"line":52,"column":9},"end":{"line":52,"column":17}},"loc":{"start":{"line":52,"column":40},"end":{"line":52,"column":9}}},"10":{"name":"readFromPath","decl":{"start":{"line":63,"column":16},"end":{"line":63,"column":7}},"loc":{"start":{"line":63,"column":144},"end":{"line":63,"column":7}}},"11":{"name":"(anonymous_12)","decl":{"start":{"line":83,"column":32},"end":{"line":83,"column":32}},"loc":{"start":{"line":83,"column":46},"end":{"line":83,"column":32}}},"12":{"name":"createFromPath","decl":{"start":{"line":95,"column":16},"end":{"line":95,"column":7}},"loc":{"start":{"line":95,"column":117},"end":{"line":95,"column":7}}},"13":{"name":"(anonymous_14)","decl":{"start":{"line":98,"column":48},"end":{"line":98,"column":48}},"loc":{"start":{"line":98,"column":61},"end":{"line":98,"column":48}}},"14":{"name":"(anonymous_15)","decl":{"start":{"line":101,"column":37},"end":{"line":101,"column":45}},"loc":{"start":{"line":101,"column":74},"end":{"line":101,"column":37}}},"15":{"name":"(anonymous_17)","decl":{"start":{"line":105,"column":19},"end":{"line":105,"column":27}},"loc":{"start":{"line":105,"column":37},"end":{"line":105,"column":19}}},"16":{"name":"(anonymous_18)","decl":{"start":{"line":109,"column":22},"end":{"line":109,"column":30}},"loc":{"start":{"line":109,"column":36},"end":{"line":109,"column":22}}},"17":{"name":"(anonymous_19)","decl":{"start":{"line":119,"column":5},"end":{"line":119,"column":13}},"loc":{"start":{"line":119,"column":27},"end":{"line":119,"column":5}}},"18":{"name":"(anonymous_20)","decl":{"start":{"line":121,"column":22},"end":{"line":121,"column":30}},"loc":{"start":{"line":121,"column":40},"end":{"line":121,"column":22}}},"19":{"name":"(anonymous_21)","decl":{"start":{"line":124,"column":55},"end":{"line":124,"column":63}},"loc":{"start":{"line":124,"column":71},"end":{"line":124,"column":55}}},"20":{"name":"(anonymous_22)","decl":{"start":{"line":128,"column":27},"end":{"line":128,"column":35}},"loc":{"start":{"line":128,"column":43},"end":{"line":128,"column":27}}},"21":{"name":"updateFromPath","decl":{"start":{"line":142,"column":16},"end":{"line":142,"column":7}},"loc":{"start":{"line":142,"column":83},"end":{"line":142,"column":7}}},"22":{"name":"(anonymous_24)","decl":{"start":{"line":145,"column":20},"end":{"line":145,"column":28}},"loc":{"start":{"line":145,"column":38},"end":{"line":145,"column":20}}},"23":{"name":"(anonymous_25)","decl":{"start":{"line":147,"column":52},"end":{"line":147,"column":52}},"loc":{"start":{"line":147,"column":65},"end":{"line":147,"column":52}}},"24":{"name":"(anonymous_26)","decl":{"start":{"line":153,"column":45},"end":{"line":153,"column":53}},"loc":{"start":{"line":153,"column":59},"end":{"line":153,"column":45}}},"25":{"name":"deleteFromPath","decl":{"start":{"line":164,"column":16},"end":{"line":164,"column":7}},"loc":{"start":{"line":164,"column":62},"end":{"line":164,"column":7}}},"26":{"name":"(anonymous_28)","decl":{"start":{"line":167,"column":20},"end":{"line":167,"column":28}},"loc":{"start":{"line":167,"column":38},"end":{"line":167,"column":20}}},"27":{"name":"(anonymous_29)","decl":{"start":{"line":169,"column":52},"end":{"line":169,"column":52}},"loc":{"start":{"line":169,"column":66},"end":{"line":169,"column":52}}},"28":{"name":"(anonymous_30)","decl":{"start":{"line":173,"column":43},"end":{"line":173,"column":51}},"loc":{"start":{"line":173,"column":57},"end":{"line":173,"column":43}}},"29":{"name":"(anonymous_31)","decl":{"start":{"line":177,"column":26},"end":{"line":177,"column":34}},"loc":{"start":{"line":177,"column":40},"end":{"line":177,"column":26}}},"30":{"name":"getAssetUri","decl":{"start":{"line":192,"column":16},"end":{"line":192,"column":7}},"loc":{"start":{"line":192,"column":54},"end":{"line":192,"column":7}}}},"branchMap":{"1":{"loc":{"start":{"line":11,"column":44},"end":{"line":11,"column":10}},"type":"cond-expr","locations":[{"start":{"line":11,"column":44},"end":{"line":11,"column":10}},{"start":{"line":11,"column":58},"end":{"line":11,"column":10}}]},"2":{"loc":{"start":{"line":17,"column":18},"end":{"line":17,"column":2}},"type":"if","locations":[{"start":{"line":17,"column":18},"end":{"line":17,"column":2}}]},"3":{"loc":{"start":{"line":27,"column":38},"end":{"line":27,"column":113}},"type":"cond-expr","locations":[{"start":{"line":27,"column":38},"end":{"line":27,"column":113}},{"start":{"line":27,"column":38},"end":{"line":27,"column":113}}]},"4":{"loc":{"start":{"line":29,"column":106},"end":{"line":29,"column":2}},"type":"if","locations":[{"start":{"line":29,"column":106},"end":{"line":29,"column":2}},{"start":{"line":43,"column":9},"end":{"line":43,"column":8}}]},"5":{"loc":{"start":{"line":29,"column":6},"end":{"line":29,"column":5}},"type":"binary-expr","locations":[{"start":{"line":29,"column":6},"end":{"line":29,"column":5}},{"start":{"line":29,"column":33},"end":{"line":29,"column":32}},{"start":{"line":29,"column":56},"end":{"line":29,"column":102}}]},"6":{"loc":{"start":{"line":32,"column":17},"end":{"line":32,"column":8}},"type":"if","locations":[{"start":{"line":32,"column":17},"end":{"line":32,"column":8}}]},"7":{"loc":{"start":{"line":43,"column":86},"end":{"line":43,"column":9}},"type":"if","locations":[{"start":{"line":43,"column":86},"end":{"line":43,"column":9}},{"start":{"line":57,"column":9},"end":{"line":43,"column":9}}]},"8":{"loc":{"start":{"line":43,"column":13},"end":{"line":43,"column":12}},"type":"binary-expr","locations":[{"start":{"line":43,"column":13},"end":{"line":43,"column":12}},{"start":{"line":43,"column":46},"end":{"line":43,"column":45}},{"start":{"line":43,"column":69},"end":{"line":43,"column":68}}]},"9":{"loc":{"start":{"line":47,"column":31},"end":{"line":47,"column":30}},"type":"binary-expr","locations":[{"start":{"line":47,"column":31},"end":{"line":47,"column":30}},{"start":{"line":47,"column":61},"end":{"line":47,"column":105}}]},"10":{"loc":{"start":{"line":63,"column":37},"end":{"line":63,"column":143}},"type":"cond-expr","locations":[{"start":{"line":63,"column":37},"end":{"line":63,"column":143}},{"start":{"line":63,"column":37},"end":{"line":63,"column":143}}]},"11":{"loc":{"start":{"line":63,"column":57},"end":{"line":63,"column":143}},"type":"cond-expr","locations":[{"start":{"line":63,"column":57},"end":{"line":63,"column":143}},{"start":{"line":63,"column":57},"end":{"line":63,"column":143}}]},"12":{"loc":{"start":{"line":63,"column":73},"end":{"line":63,"column":143}},"type":"cond-expr","locations":[{"start":{"line":63,"column":73},"end":{"line":63,"column":143}},{"start":{"line":63,"column":73},"end":{"line":63,"column":143}}]},"13":{"loc":{"start":{"line":63,"column":101},"end":{"line":63,"column":143}},"type":"cond-expr","locations":[{"start":{"line":63,"column":101},"end":{"line":63,"column":143}},{"start":{"line":63,"column":101},"end":{"line":63,"column":143}}]},"14":{"loc":{"start":{"line":64,"column":47},"end":{"line":64,"column":23}},"type":"cond-expr","locations":[{"start":{"line":64,"column":47},"end":{"line":64,"column":23}},{"start":{"line":64,"column":64},"end":{"line":64,"column":23}}]},"15":{"loc":{"start":{"line":73,"column":51},"end":{"line":73,"column":12}},"type":"cond-expr","locations":[{"start":{"line":73,"column":51},"end":{"line":73,"column":12}},{"start":{"line":73,"column":65},"end":{"line":73,"column":12}}]},"16":{"loc":{"start":{"line":80,"column":36},"end":{"line":80,"column":2}},"type":"if","locations":[{"start":{"line":80,"column":36},"end":{"line":80,"column":2}},{"start":{"line":82,"column":9},"end":{"line":82,"column":8}}]},"17":{"loc":{"start":{"line":82,"column":63},"end":{"line":82,"column":9}},"type":"if","locations":[{"start":{"line":82,"column":63},"end":{"line":82,"column":9}},{"start":{"line":89,"column":9},"end":{"line":82,"column":9}}]},"18":{"loc":{"start":{"line":84,"column":15},"end":{"line":84,"column":6}},"type":"if","locations":[{"start":{"line":84,"column":15},"end":{"line":84,"column":6}}]},"19":{"loc":{"start":{"line":95,"column":39},"end":{"line":95,"column":116}},"type":"cond-expr","locations":[{"start":{"line":95,"column":39},"end":{"line":95,"column":116}},{"start":{"line":95,"column":39},"end":{"line":95,"column":116}}]},"20":{"loc":{"start":{"line":95,"column":58},"end":{"line":95,"column":116}},"type":"cond-expr","locations":[{"start":{"line":95,"column":58},"end":{"line":95,"column":116}},{"start":{"line":95,"column":58},"end":{"line":95,"column":116}}]},"21":{"loc":{"start":{"line":95,"column":83},"end":{"line":95,"column":116}},"type":"cond-expr","locations":[{"start":{"line":95,"column":83},"end":{"line":95,"column":116}},{"start":{"line":95,"column":83},"end":{"line":95,"column":116}}]},"22":{"loc":{"start":{"line":95,"column":99},"end":{"line":95,"column":116}},"type":"cond-expr","locations":[{"start":{"line":95,"column":99},"end":{"line":95,"column":116}},{"start":{"line":95,"column":99},"end":{"line":95,"column":116}}]},"23":{"loc":{"start":{"line":96,"column":47},"end":{"line":96,"column":23}},"type":"cond-expr","locations":[{"start":{"line":96,"column":47},"end":{"line":96,"column":23}},{"start":{"line":96,"column":64},"end":{"line":96,"column":23}}]},"24":{"loc":{"start":{"line":103,"column":54},"end":{"line":103,"column":4}},"type":"if","locations":[{"start":{"line":103,"column":54},"end":{"line":103,"column":4}},{"start":{"line":115,"column":11},"end":{"line":103,"column":4}}]},"25":{"loc":{"start":{"line":106,"column":21},"end":{"line":106,"column":8}},"type":"if","locations":[{"start":{"line":106,"column":21},"end":{"line":106,"column":8}},{"start":{"line":108,"column":14},"end":{"line":106,"column":8}}]},"26":{"loc":{"start":{"line":122,"column":55},"end":{"line":122,"column":6}},"type":"if","locations":[{"start":{"line":122,"column":55},"end":{"line":122,"column":6}},{"start":{"line":134,"column":12},"end":{"line":122,"column":6}}]},"27":{"loc":{"start":{"line":122,"column":10},"end":{"line":122,"column":11}},"type":"binary-expr","locations":[{"start":{"line":122,"column":10},"end":{"line":122,"column":11}},{"start":{"line":122,"column":22},"end":{"line":122,"column":21}},{"start":{"line":122,"column":45},"end":{"line":122,"column":44}}]},"28":{"loc":{"start":{"line":123,"column":29},"end":{"line":123,"column":8}},"type":"if","locations":[{"start":{"line":123,"column":29},"end":{"line":123,"column":8}},{"start":{"line":127,"column":14},"end":{"line":127,"column":13}}]},"29":{"loc":{"start":{"line":127,"column":40},"end":{"line":127,"column":14}},"type":"if","locations":[{"start":{"line":127,"column":40},"end":{"line":127,"column":14}},{"start":{"line":131,"column":14},"end":{"line":127,"column":14}}]},"30":{"loc":{"start":{"line":142,"column":39},"end":{"line":142,"column":82}},"type":"cond-expr","locations":[{"start":{"line":142,"column":39},"end":{"line":142,"column":82}},{"start":{"line":142,"column":39},"end":{"line":142,"column":82}}]},"31":{"loc":{"start":{"line":142,"column":68},"end":{"line":142,"column":82}},"type":"cond-expr","locations":[{"start":{"line":142,"column":68},"end":{"line":142,"column":82}},{"start":{"line":142,"column":68},"end":{"line":142,"column":82}}]},"32":{"loc":{"start":{"line":143,"column":47},"end":{"line":143,"column":23}},"type":"cond-expr","locations":[{"start":{"line":143,"column":47},"end":{"line":143,"column":23}},{"start":{"line":143,"column":64},"end":{"line":143,"column":23}}]},"33":{"loc":{"start":{"line":146,"column":17},"end":{"line":146,"column":4}},"type":"if","locations":[{"start":{"line":146,"column":17},"end":{"line":146,"column":4}},{"start":{"line":157,"column":10},"end":{"line":146,"column":4}}]},"34":{"loc":{"start":{"line":150,"column":40},"end":{"line":150,"column":6}},"type":"if","locations":[{"start":{"line":150,"column":40},"end":{"line":150,"column":6}},{"start":{"line":152,"column":13},"end":{"line":152,"column":12}}]},"35":{"loc":{"start":{"line":152,"column":42},"end":{"line":152,"column":13}},"type":"if","locations":[{"start":{"line":152,"column":42},"end":{"line":152,"column":13}}]},"36":{"loc":{"start":{"line":164,"column":39},"end":{"line":164,"column":61}},"type":"cond-expr","locations":[{"start":{"line":164,"column":39},"end":{"line":164,"column":61}},{"start":{"line":164,"column":39},"end":{"line":164,"column":61}}]},"37":{"loc":{"start":{"line":165,"column":47},"end":{"line":165,"column":23}},"type":"cond-expr","locations":[{"start":{"line":165,"column":47},"end":{"line":165,"column":23}},{"start":{"line":165,"column":64},"end":{"line":165,"column":23}}]},"38":{"loc":{"start":{"line":168,"column":17},"end":{"line":168,"column":4}},"type":"if","locations":[{"start":{"line":168,"column":17},"end":{"line":168,"column":4}},{"start":{"line":181,"column":10},"end":{"line":168,"column":4}}]},"39":{"loc":{"start":{"line":172,"column":40},"end":{"line":172,"column":6}},"type":"if","locations":[{"start":{"line":172,"column":40},"end":{"line":172,"column":6}},{"start":{"line":176,"column":12},"end":{"line":176,"column":11}}]},"40":{"loc":{"start":{"line":176,"column":41},"end":{"line":176,"column":12}},"type":"if","locations":[{"start":{"line":176,"column":41},"end":{"line":176,"column":12}}]},"41":{"loc":{"start":{"line":193,"column":47},"end":{"line":193,"column":23}},"type":"cond-expr","locations":[{"start":{"line":193,"column":47},"end":{"line":193,"column":23}},{"start":{"line":193,"column":64},"end":{"line":193,"column":23}}]}},"s":{"1":1,"2":1,"3":1,"4":1,"5":1,"6":359,"7":359,"8":1,"9":149,"10":0,"11":149,"12":356,"13":1,"14":316,"15":316,"16":316,"17":316,"18":316,"19":316,"20":316,"21":128,"22":128,"23":128,"24":0,"25":128,"26":0,"27":188,"28":149,"29":149,"30":356,"31":149,"32":149,"33":307,"34":149,"35":39,"36":16,"37":16,"38":16,"39":16,"40":16,"41":16,"42":16,"43":16,"44":16,"45":16,"46":16,"47":2,"48":14,"49":9,"50":5,"51":4,"52":4,"53":0,"54":4,"55":1,"56":17,"57":17,"58":17,"59":17,"60":17,"61":17,"62":17,"63":17,"64":264,"65":17,"66":17,"67":225,"68":208,"69":208,"70":208,"71":204,"72":4,"73":4,"74":17,"75":17,"76":17,"77":16,"78":12,"79":12,"80":4,"81":4,"82":4,"83":0,"84":1,"85":3,"86":3,"87":3,"88":3,"89":3,"90":3,"91":3,"92":1,"93":10,"94":1,"95":1,"96":1,"97":0,"98":1,"99":1,"100":1,"101":2,"102":3,"103":3,"104":3,"105":3,"106":3,"107":3,"108":2,"109":35,"110":2,"111":2,"112":2,"113":2,"114":2,"115":0,"116":0,"117":0,"118":1,"119":234,"120":234,"121":234,"122":234,"123":234},"f":{"1":359,"2":149,"3":356,"4":316,"5":128,"6":149,"7":356,"8":307,"9":149,"10":16,"11":4,"12":17,"13":264,"14":225,"15":208,"16":4,"17":17,"18":17,"19":12,"20":4,"21":3,"22":3,"23":10,"24":1,"25":3,"26":3,"27":35,"28":2,"29":0,"30":234},"b":{"1":[150,209],"2":[0],"3":[0,316],"4":[128,188],"5":[316,159,128],"6":[0],"7":[149,39],"8":[188,157,148],"9":[356,208],"10":[1,15],"11":[8,8],"12":[6,10],"13":[12,4],"14":[6,10],"15":[9,5],"16":[9,5],"17":[4,1],"18":[0],"19":[1,16],"20":[5,12],"21":[1,16],"22":[1,16],"23":[0,17],"24":[208,17],"25":[204,4],"26":[16,1],"27":[17,4,14],"28":[12,4],"29":[4,0],"30":[0,3],"31":[2,1],"32":[0,3],"33":[1,2],"34":[0,1],"35":[1],"36":[1,2],"37":[0,3],"38":[2,1],"39":[2,0],"40":[0],"41":[0,234]}}
,"/home/rawbin/Projets/_1projets_en_cours/modulo/modulo/src/core/connectors/filesystem/index.js": {"path":"/home/rawbin/Projets/_1projets_en_cours/modulo/modulo/src/core/connectors/filesystem/index.js","statementMap":{"1":{"start":{"line":1,"column":0},"end":{"line":null,"column":-1}},"2":{"start":{"line":1,"column":12},"end":{"line":null,"column":-1}},"3":{"start":{"line":3,"column":13},"end":{"line":3,"column":28}},"4":{"start":{"line":4,"column":13},"end":{"line":4,"column":30}},"5":{"start":{"line":5,"column":13},"end":{"line":5,"column":30}},"6":{"start":{"line":6,"column":13},"end":{"line":6,"column":30}},"7":{"start":{"line":8,"column":13},"end":{"line":8,"column":27}}},"fnMap":{},"branchMap":{},"s":{"1":1,"2":1,"3":1,"4":1,"5":1,"6":1,"7":1},"f":{},"b":{}}
,"/home/rawbin/Projets/_1projets_en_cours/modulo/modulo/src/core/contextualizers/index.js": {"path":"/home/rawbin/Projets/_1projets_en_cours/modulo/modulo/src/core/contextualizers/index.js","statementMap":{"1":{"start":{"line":1,"column":0},"end":{"line":null,"column":-1}},"2":{"start":{"line":1,"column":12},"end":{"line":null,"column":-1}},"3":{"start":{"line":2,"column":0},"end":{"line":null,"column":-1}},"4":{"start":{"line":2,"column":12},"end":{"line":null,"column":-1}},"5":{"start":{"line":3,"column":0},"end":{"line":null,"column":-1}},"6":{"start":{"line":3,"column":12},"end":{"line":null,"column":-1}},"7":{"start":{"line":4,"column":0},"end":{"line":null,"column":-1}},"8":{"start":{"line":4,"column":12},"end":{"line":null,"column":-1}},"9":{"start":{"line":7,"column":13},"end":{"line":7,"column":12}},"10":{"start":{"line":8,"column":13},"end":{"line":8,"column":12}},"11":{"start":{"line":9,"column":13},"end":{"line":9,"column":12}},"12":{"start":{"line":10,"column":13},"end":{"line":10,"column":12}}},"fnMap":{},"branchMap":{},"s":{"1":1,"2":1,"3":1,"4":1,"5":1,"6":1,"7":1,"8":1,"9":1,"10":1,"11":1,"12":1},"f":{},"b":{}}
,"/home/rawbin/Projets/_1projets_en_cours/modulo/modulo/src/core/contextualizers/citation/index.js": {"path":"/home/rawbin/Projets/_1projets_en_cours/modulo/modulo/src/core/contextualizers/citation/index.js","statementMap":{"1":{"start":{"line":1,"column":0},"end":{"line":null,"column":-1}},"2":{"start":{"line":2,"column":0},"end":{"line":null,"column":-1}},"3":{"start":{"line":3,"column":0},"end":{"line":null,"column":-1}},"4":{"start":{"line":6,"column":18},"end":{"line":6,"column":8}},"5":{"start":{"line":7,"column":28},"end":{"line":7,"column":8}},"6":{"start":{"line":8,"column":6},"end":{"line":8,"column":2}},"7":{"start":{"line":9,"column":6},"end":{"line":9,"column":2}},"8":{"start":{"line":10,"column":6},"end":{"line":10,"column":2}},"9":{"start":{"line":11,"column":6},"end":{"line":11,"column":2}},"10":{"start":{"line":12,"column":20},"end":{"line":12,"column":8}},"11":{"start":{"line":13,"column":25},"end":{"line":13,"column":24}},"12":{"start":{"line":5,"column":97},"end":{"line":15,"column":2}},"13":{"start":{"line":16,"column":4},"end":{"line":16,"column":3}},"14":{"start":{"line":17,"column":6},"end":{"line":16,"column":55}},"15":{"start":{"line":18,"column":6},"end":{"line":16,"column":55}},"16":{"start":{"line":5,"column":97},"end":{"line":22,"column":2}},"17":{"start":{"line":23,"column":4},"end":{"line":23,"column":3}},"18":{"start":{"line":24,"column":6},"end":{"line":23,"column":77}},"19":{"start":{"line":25,"column":6},"end":{"line":23,"column":77}},"20":{"start":{"line":29,"column":6},"end":{"line":29,"column":2}},"21":{"start":{"line":30,"column":6},"end":{"line":30,"column":2}},"22":{"start":{"line":32,"column":21},"end":{"line":32,"column":8}},"23":{"start":{"line":33,"column":4},"end":{"line":null,"column":-1}},"24":{"start":{"line":34,"column":6},"end":{"line":33,"column":42}},"25":{"start":{"line":32,"column":69},"end":{"line":38,"column":4}},"26":{"start":{"line":39,"column":6},"end":{"line":38,"column":18}},"27":{"start":{"line":41,"column":8},"end":{"line":41,"column":7}},"28":{"start":{"line":42,"column":10},"end":{"line":41,"column":35}},"29":{"start":{"line":43,"column":10},"end":{"line":41,"column":35}},"30":{"start":{"line":32,"column":69},"end":{"line":48,"column":4}},"31":{"start":{"line":49,"column":6},"end":{"line":49,"column":5}},"32":{"start":{"line":50,"column":8},"end":{"line":50,"column":7}},"33":{"start":{"line":51,"column":32},"end":{"line":51,"column":16}},"34":{"start":{"line":52,"column":10},"end":{"line":50,"column":81}},"35":{"start":{"line":54,"column":12},"end":{"line":54,"column":11}},"36":{"start":{"line":55,"column":14},"end":{"line":54,"column":39}},"37":{"start":{"line":56,"column":14},"end":{"line":54,"column":39}},"38":{"start":{"line":32,"column":69},"end":{"line":32,"column":68}},"39":{"start":{"line":68,"column":15},"end":{"line":68,"column":8}},"40":{"start":{"line":69,"column":6},"end":{"line":69,"column":2}},"41":{"start":{"line":71,"column":22},"end":{"line":71,"column":8}},"42":{"start":{"line":72,"column":8},"end":{"line":72,"column":4}},"43":{"start":{"line":73,"column":4},"end":{"line":71,"column":53}},"44":{"start":{"line":74,"column":4},"end":{"line":74,"column":3}},"45":{"start":{"line":75,"column":6},"end":{"line":75,"column":19}},"46":{"start":{"line":74,"column":15},"end":{"line":77,"column":6}},"47":{"start":{"line":78,"column":8},"end":{"line":77,"column":42}},"48":{"start":{"line":80,"column":30},"end":{"line":80,"column":29}},"49":{"start":{"line":81,"column":8},"end":{"line":79,"column":13}},"50":{"start":{"line":83,"column":21},"end":{"line":83,"column":12}},"51":{"start":{"line":87,"column":6},"end":{"line":74,"column":15}},"52":{"start":{"line":89,"column":4},"end":{"line":71,"column":53}},"53":{"start":{"line":91,"column":2},"end":{"line":5,"column":97}},"54":{"start":{"line":95,"column":18},"end":{"line":95,"column":8}},"55":{"start":{"line":96,"column":28},"end":{"line":96,"column":8}},"56":{"start":{"line":97,"column":6},"end":{"line":97,"column":2}},"57":{"start":{"line":98,"column":6},"end":{"line":98,"column":2}},"58":{"start":{"line":99,"column":6},"end":{"line":99,"column":2}},"59":{"start":{"line":100,"column":20},"end":{"line":100,"column":8}},"60":{"start":{"line":101,"column":24},"end":{"line":101,"column":23}},"61":{"start":{"line":94,"column":96},"end":{"line":94,"column":95}},"62":{"start":{"line":104,"column":4},"end":{"line":104,"column":3}},"63":{"start":{"line":105,"column":6},"end":{"line":104,"column":55}},"64":{"start":{"line":106,"column":6},"end":{"line":104,"column":55}},"65":{"start":{"line":109,"column":2},"end":{"line":109,"column":1}},"66":{"start":{"line":110,"column":4},"end":{"line":110,"column":3}},"67":{"start":{"line":111,"column":6},"end":{"line":110,"column":77}},"68":{"start":{"line":112,"column":6},"end":{"line":110,"column":77}},"69":{"start":{"line":115,"column":6},"end":{"line":115,"column":2}},"70":{"start":{"line":116,"column":6},"end":{"line":116,"column":2}},"71":{"start":{"line":118,"column":21},"end":{"line":118,"column":8}},"72":{"start":{"line":119,"column":4},"end":{"line":null,"column":-1}},"73":{"start":{"line":120,"column":6},"end":{"line":119,"column":42}},"74":{"start":{"line":118,"column":69},"end":{"line":124,"column":4}},"75":{"start":{"line":125,"column":6},"end":{"line":124,"column":18}},"76":{"start":{"line":127,"column":8},"end":{"line":127,"column":7}},"77":{"start":{"line":128,"column":10},"end":{"line":127,"column":35}},"78":{"start":{"line":129,"column":10},"end":{"line":127,"column":35}},"79":{"start":{"line":118,"column":69},"end":{"line":134,"column":4}},"80":{"start":{"line":135,"column":6},"end":{"line":135,"column":5}},"81":{"start":{"line":136,"column":8},"end":{"line":136,"column":7}},"82":{"start":{"line":137,"column":32},"end":{"line":137,"column":16}},"83":{"start":{"line":138,"column":10},"end":{"line":136,"column":81}},"84":{"start":{"line":141,"column":12},"end":{"line":141,"column":11}},"85":{"start":{"line":142,"column":14},"end":{"line":141,"column":39}},"86":{"start":{"line":143,"column":14},"end":{"line":141,"column":39}},"87":{"start":{"line":118,"column":69},"end":{"line":151,"column":4}},"88":{"start":{"line":156,"column":15},"end":{"line":156,"column":8}},"89":{"start":{"line":157,"column":6},"end":{"line":157,"column":2}},"90":{"start":{"line":158,"column":22},"end":{"line":158,"column":8}},"91":{"start":{"line":159,"column":8},"end":{"line":159,"column":4}},"92":{"start":{"line":160,"column":4},"end":{"line":158,"column":53}},"93":{"start":{"line":161,"column":4},"end":{"line":161,"column":3}},"94":{"start":{"line":162,"column":6},"end":{"line":161,"column":15}},"95":{"start":{"line":163,"column":21},"end":{"line":163,"column":12}},"96":{"start":{"line":167,"column":6},"end":{"line":161,"column":15}},"97":{"start":{"line":169,"column":4},"end":{"line":158,"column":53}},"98":{"start":{"line":171,"column":2},"end":{"line":94,"column":96}},"99":{"start":{"line":175,"column":2},"end":{"line":174,"column":88}},"100":{"start":{"line":179,"column":2},"end":{"line":178,"column":87}}},"fnMap":{"1":{"name":"contextualizeInlineStatic","decl":{"start":{"line":5,"column":16},"end":{"line":5,"column":7}},"loc":{"start":{"line":5,"column":97},"end":{"line":5,"column":7}}},"2":{"name":"(anonymous_3)","decl":{"start":{"line":15,"column":34},"end":{"line":15,"column":34}},"loc":{"start":{"line":15,"column":53},"end":{"line":15,"column":34}}},"3":{"name":"(anonymous_4)","decl":{"start":{"line":32,"column":53},"end":{"line":32,"column":53}},"loc":{"start":{"line":32,"column":69},"end":{"line":32,"column":53}}},"4":{"name":"(anonymous_5)","decl":{"start":{"line":33,"column":33},"end":{"line":33,"column":33}},"loc":{"start":{"line":33,"column":42},"end":{"line":33,"column":33}}},"5":{"name":"(anonymous_6)","decl":{"start":{"line":39,"column":30},"end":{"line":39,"column":30}},"loc":{"start":{"line":39,"column":40},"end":{"line":39,"column":30}}},"6":{"name":"(anonymous_7)","decl":{"start":{"line":52,"column":39},"end":{"line":52,"column":39}},"loc":{"start":{"line":52,"column":49},"end":{"line":52,"column":39}}},"7":{"name":"(anonymous_8)","decl":{"start":{"line":71,"column":43},"end":{"line":71,"column":43}},"loc":{"start":{"line":71,"column":53},"end":{"line":71,"column":43}}},"8":{"name":"contextualizeBlockStatic","decl":{"start":{"line":94,"column":16},"end":{"line":94,"column":7}},"loc":{"start":{"line":94,"column":96},"end":{"line":94,"column":7}}},"9":{"name":"(anonymous_10)","decl":{"start":{"line":103,"column":34},"end":{"line":103,"column":34}},"loc":{"start":{"line":103,"column":53},"end":{"line":103,"column":34}}},"10":{"name":"(anonymous_11)","decl":{"start":{"line":118,"column":53},"end":{"line":118,"column":53}},"loc":{"start":{"line":118,"column":69},"end":{"line":118,"column":53}}},"11":{"name":"(anonymous_12)","decl":{"start":{"line":119,"column":33},"end":{"line":119,"column":33}},"loc":{"start":{"line":119,"column":42},"end":{"line":119,"column":33}}},"12":{"name":"(anonymous_13)","decl":{"start":{"line":125,"column":30},"end":{"line":125,"column":30}},"loc":{"start":{"line":125,"column":40},"end":{"line":125,"column":30}}},"13":{"name":"(anonymous_14)","decl":{"start":{"line":138,"column":39},"end":{"line":138,"column":39}},"loc":{"start":{"line":138,"column":49},"end":{"line":138,"column":39}}},"14":{"name":"(anonymous_15)","decl":{"start":{"line":158,"column":43},"end":{"line":158,"column":43}},"loc":{"start":{"line":158,"column":53},"end":{"line":158,"column":43}}},"15":{"name":"contextualizeInlineDynamic","decl":{"start":{"line":174,"column":16},"end":{"line":174,"column":7}},"loc":{"start":{"line":174,"column":88},"end":{"line":174,"column":7}}},"16":{"name":"contextualizeBlockDynamic","decl":{"start":{"line":178,"column":16},"end":{"line":178,"column":7}},"loc":{"start":{"line":178,"column":87},"end":{"line":178,"column":7}}}},"branchMap":{"1":{"loc":{"start":{"line":16,"column":55},"end":{"line":16,"column":4}},"type":"if","locations":[{"start":{"line":16,"column":55},"end":{"line":16,"column":4}}]},"2":{"loc":{"start":{"line":23,"column":77},"end":{"line":23,"column":4}},"type":"if","locations":[{"start":{"line":23,"column":77},"end":{"line":23,"column":4}}]},"3":{"loc":{"start":{"line":38,"column":18},"end":{"line":38,"column":4}},"type":"if","locations":[{"start":{"line":38,"column":18},"end":{"line":38,"column":4}}]},"4":{"loc":{"start":{"line":41,"column":35},"end":{"line":41,"column":8}},"type":"if","locations":[{"start":{"line":41,"column":35},"end":{"line":41,"column":8}}]},"5":{"loc":{"start":{"line":48,"column":27},"end":{"line":48,"column":4}},"type":"if","locations":[{"start":{"line":48,"column":27},"end":{"line":48,"column":4}}]},"6":{"loc":{"start":{"line":48,"column":8},"end":{"line":48,"column":19}},"type":"binary-expr","locations":[{"start":{"line":48,"column":8},"end":{"line":48,"column":19}},{"start":{"line":48,"column":20},"end":{"line":48,"column":19}}]},"7":{"loc":{"start":{"line":50,"column":81},"end":{"line":50,"column":8}},"type":"if","locations":[{"start":{"line":50,"column":81},"end":{"line":50,"column":8}}]},"8":{"loc":{"start":{"line":54,"column":39},"end":{"line":54,"column":12}},"type":"if","locations":[{"start":{"line":54,"column":39},"end":{"line":54,"column":12}}]},"9":{"loc":{"start":{"line":74,"column":15},"end":{"line":74,"column":4}},"type":"if","locations":[{"start":{"line":74,"column":15},"end":{"line":74,"column":4}}]},"10":{"loc":{"start":{"line":77,"column":42},"end":{"line":77,"column":6}},"type":"if","locations":[{"start":{"line":77,"column":42},"end":{"line":77,"column":6}},{"start":{"line":79,"column":13},"end":{"line":77,"column":6}}]},"11":{"loc":{"start":{"line":80,"column":44},"end":{"line":80,"column":43}},"type":"cond-expr","locations":[{"start":{"line":80,"column":44},"end":{"line":80,"column":43}},{"start":{"line":80,"column":152},"end":{"line":80,"column":31}}]},"12":{"loc":{"start":{"line":81,"column":87},"end":{"line":81,"column":74}},"type":"cond-expr","locations":[{"start":{"line":81,"column":87},"end":{"line":81,"column":74}},{"start":{"line":81,"column":93},"end":{"line":81,"column":74}}]},"13":{"loc":{"start":{"line":104,"column":55},"end":{"line":104,"column":4}},"type":"if","locations":[{"start":{"line":104,"column":55},"end":{"line":104,"column":4}}]},"14":{"loc":{"start":{"line":110,"column":77},"end":{"line":110,"column":4}},"type":"if","locations":[{"start":{"line":110,"column":77},"end":{"line":110,"column":4}}]},"15":{"loc":{"start":{"line":124,"column":18},"end":{"line":124,"column":4}},"type":"if","locations":[{"start":{"line":124,"column":18},"end":{"line":124,"column":4}}]},"16":{"loc":{"start":{"line":127,"column":35},"end":{"line":127,"column":8}},"type":"if","locations":[{"start":{"line":127,"column":35},"end":{"line":127,"column":8}}]},"17":{"loc":{"start":{"line":134,"column":27},"end":{"line":134,"column":4}},"type":"if","locations":[{"start":{"line":134,"column":27},"end":{"line":134,"column":4}}]},"18":{"loc":{"start":{"line":134,"column":8},"end":{"line":134,"column":19}},"type":"binary-expr","locations":[{"start":{"line":134,"column":8},"end":{"line":134,"column":19}},{"start":{"line":134,"column":20},"end":{"line":134,"column":19}}]},"19":{"loc":{"start":{"line":136,"column":81},"end":{"line":136,"column":8}},"type":"if","locations":[{"start":{"line":136,"column":81},"end":{"line":136,"column":8}}]},"20":{"loc":{"start":{"line":141,"column":39},"end":{"line":141,"column":12}},"type":"if","locations":[{"start":{"line":141,"column":39},"end":{"line":141,"column":12}}]},"21":{"loc":{"start":{"line":161,"column":15},"end":{"line":161,"column":4}},"type":"if","locations":[{"start":{"line":161,"column":15},"end":{"line":161,"column":4}}]}},"s":{"1":1,"2":1,"3":1,"4":5,"5":5,"6":5,"7":5,"8":5,"9":5,"10":5,"11":5,"12":5,"13":59,"14":5,"15":5,"16":5,"17":13,"18":4,"19":4,"20":5,"21":5,"22":5,"23":5,"24":17,"25":5,"26":4,"27":4,"28":3,"29":3,"30":5,"31":1,"32":11,"33":2,"34":2,"35":2,"36":0,"37":0,"38":5,"39":5,"40":5,"41":5,"42":135,"43":135,"44":135,"45":5,"46":5,"47":0,"48":5,"49":5,"50":5,"51":5,"52":130,"53":5,"54":3,"55":3,"56":3,"57":3,"58":3,"59":3,"60":3,"61":3,"62":6,"63":3,"64":3,"65":3,"66":2,"67":2,"68":2,"69":3,"70":3,"71":3,"72":3,"73":17,"74":3,"75":2,"76":2,"77":0,"78":0,"79":3,"80":2,"81":3,"82":3,"83":3,"84":3,"85":0,"86":0,"87":3,"88":3,"89":3,"90":3,"91":24,"92":24,"93":24,"94":3,"95":3,"96":3,"97":21,"98":3,"99":0,"100":0},"f":{"1":5,"2":59,"3":5,"4":17,"5":4,"6":2,"7":135,"8":3,"9":6,"10":3,"11":17,"12":2,"13":3,"14":24,"15":0,"16":0},"b":{"1":[5],"2":[4],"3":[4],"4":[3],"5":[1],"6":[5,4],"7":[2],"8":[0],"9":[5],"10":[0,5],"11":[2,3],"12":[2,3],"13":[3],"14":[2],"15":[2],"16":[0],"17":[2],"18":[3,2],"19":[3],"20":[0],"21":[3]}}
,"/home/rawbin/Projets/_1projets_en_cours/modulo/modulo/src/core/contextualizers/imageplayer/index.js": {"path":"/home/rawbin/Projets/_1projets_en_cours/modulo/modulo/src/core/contextualizers/imageplayer/index.js","statementMap":{"1":{"start":{"line":1,"column":0},"end":{"line":null,"column":-1}},"2":{"start":{"line":2,"column":0},"end":{"line":null,"column":-1}},"3":{"start":{"line":3,"column":0},"end":{"line":null,"column":-1}},"4":{"start":{"line":7,"column":18},"end":{"line":7,"column":8}},"5":{"start":{"line":9,"column":6},"end":{"line":9,"column":2}},"6":{"start":{"line":10,"column":15},"end":{"line":10,"column":6}},"7":{"start":{"line":11,"column":6},"end":{"line":11,"column":2}},"8":{"start":{"line":12,"column":2},"end":{"line":12,"column":1}},"9":{"start":{"line":13,"column":4},"end":{"line":12,"column":129}},"10":{"start":{"line":14,"column":4},"end":{"line":14,"column":3}},"11":{"start":{"line":15,"column":6},"end":{"line":14,"column":190}},"12":{"start":{"line":16,"column":6},"end":{"line":14,"column":190}},"13":{"start":{"line":18,"column":4},"end":{"line":12,"column":129}},"14":{"start":{"line":21,"column":6},"end":{"line":21,"column":2}},"15":{"start":{"line":22,"column":6},"end":{"line":22,"column":2}},"16":{"start":{"line":24,"column":2},"end":{"line":24,"column":1}},"17":{"start":{"line":25,"column":4},"end":{"line":24,"column":16}},"18":{"start":{"line":26,"column":4},"end":{"line":24,"column":16}},"19":{"start":{"line":28,"column":4},"end":{"line":27,"column":9}},"20":{"start":{"line":29,"column":4},"end":{"line":27,"column":9}},"21":{"start":{"line":31,"column":15},"end":{"line":31,"column":8}},"22":{"start":{"line":32,"column":20},"end":{"line":32,"column":8}},"23":{"start":{"line":33,"column":21},"end":{"line":33,"column":10}},"24":{"start":{"line":34,"column":6},"end":{"line":33,"column":53}},"25":{"start":{"line":36,"column":4},"end":{"line":32,"column":72}},"26":{"start":{"line":37,"column":4},"end":{"line":32,"column":72}},"27":{"start":{"line":39,"column":6},"end":{"line":39,"column":2}},"28":{"start":{"line":40,"column":6},"end":{"line":40,"column":2}},"29":{"start":{"line":41,"column":20},"end":{"line":41,"column":6}},"30":{"start":{"line":42,"column":4},"end":{"line":41,"column":58}},"31":{"start":{"line":43,"column":4},"end":{"line":43,"column":3}},"32":{"start":{"line":44,"column":25},"end":{"line":44,"column":24}},"33":{"start":{"line":45,"column":6},"end":{"line":45,"column":5}},"34":{"start":{"line":46,"column":8},"end":{"line":45,"column":43}},"35":{"start":{"line":48,"column":6},"end":{"line":43,"column":15}},"36":{"start":{"line":53,"column":4},"end":{"line":41,"column":58}},"37":{"start":{"line":55,"column":2},"end":{"line":55,"column":1}},"38":{"start":{"line":56,"column":21},"end":{"line":56,"column":73}},"39":{"start":{"line":57,"column":20},"end":{"line":57,"column":10}},"40":{"start":{"line":58,"column":4},"end":{"line":55,"column":30}},"41":{"start":{"line":6,"column":92},"end":{"line":6,"column":91}},"42":{"start":{"line":66,"column":4},"end"
[...]
03,"column":10},"end":{"line":198,"column":37}},"97":{"start":{"line":205,"column":8},"end":{"line":197,"column":38}},"98":{"start":{"line":207,"column":6},"end":{"line":196,"column":47}},"99":{"start":{"line":212,"column":4},"end":{"line":211,"column":2}}},"fnMap":{"1":{"name":"getResourceModel","decl":{"start":{"line":8,"column":16},"end":{"line":8,"column":7}},"loc":{"start":{"line":8,"column":58},"end":{"line":8,"column":7}}},"2":{"name":"(anonymous_5)","decl":{"start":{"line":17,"column":29},"end":{"line":17,"column":29}},"loc":{"start":{"line":17,"column":43},"end":{"line":17,"column":29}}},"3":{"name":"(anonymous_6)","decl":{"start":{"line":20,"column":28},"end":{"line":20,"column":28}},"loc":{"start":{"line":20,"column":37},"end":{"line":20,"column":28}}},"4":{"name":"(anonymous_7)","decl":{"start":{"line":21,"column":49},"end":{"line":21,"column":49}},"loc":{"start":{"line":21,"column":62},"end":{"line":21,"column":49}}},"5":{"name":"(anonymous_8)","decl":{"start":{"line":40,"column":28},"end":{"line":40,"column":28}},"loc":{"start":{"line":40,"column":37},"end":{"line":40,"column":28}}},"6":{"name":"(anonymous_9)","decl":{"start":{"line":41,"column":49},"end":{"line":41,"column":49}},"loc":{"start":{"line":41,"column":62},"end":{"line":41,"column":49}}},"7":{"name":"getContextualizerModel","decl":{"start":{"line":57,"column":16},"end":{"line":57,"column":7}},"loc":{"start":{"line":57,"column":70},"end":{"line":57,"column":7}}},"8":{"name":"(anonymous_12)","decl":{"start":{"line":65,"column":29},"end":{"line":65,"column":29}},"loc":{"start":{"line":65,"column":43},"end":{"line":65,"column":29}}},"9":{"name":"(anonymous_13)","decl":{"start":{"line":68,"column":28},"end":{"line":68,"column":28}},"loc":{"start":{"line":68,"column":37},"end":{"line":68,"column":28}}},"10":{"name":"(anonymous_14)","decl":{"start":{"line":69,"column":49},"end":{"line":69,"column":49}},"loc":{"start":{"line":69,"column":62},"end":{"line":69,"column":49}}},"11":{"name":"(anonymous_15)","decl":{"start":{"line":84,"column":28},"end":{"line":84,"column":28}},"loc":{"start":{"line":84,"column":37},"end":{"line":84,"column":28}}},"12":{"name":"(anonymous_16)","decl":{"start":{"line":85,"column":49},"end":{"line":85,"column":49}},"loc":{"start":{"line":85,"column":62},"end":{"line":85,"column":49}}},"13":{"name":"serializePropAgainstType","decl":{"start":{"line":100,"column":16},"end":{"line":100,"column":7}},"loc":{"start":{"line":100,"column":65},"end":{"line":100,"column":7}}},"14":{"name":"(anonymous_18)","decl":{"start":{"line":112,"column":20},"end":{"line":112,"column":20}},"loc":{"start":{"line":112,"column":31},"end":{"line":112,"column":20}}},"15":{"name":"(anonymous_19)","decl":{"start":{"line":121,"column":31},"end":{"line":121,"column":31}},"loc":{"start":{"line":121,"column":38},"end":{"line":121,"column":31}}},"16":{"name":"(anonymous_20)","decl":{"start":{"line":123,"column":44},"end":{"line":123,"column":44}},"loc":{"start":{"line":123,"column":51},"end":{"line":123,"column":44}}},"17":{"name":"(anonymous_21)","decl":{"start":{"line":129,"column":29},"end":{"line":129,"column":29}},"loc":{"start":{"line":129,"column":37},"end":{"line":129,"column":29}}},"18":{"name":"resolvePropAgainstType","decl":{"start":{"line":145,"column":16},"end":{"line":145,"column":7}},"loc":{"start":{"line":145,"column":63},"end":{"line":145,"column":7}}},"19":{"name":"(anonymous_23)","decl":{"start":{"line":154,"column":41},"end":{"line":154,"column":41}},"loc":{"start":{"line":154,"column":52},"end":{"line":154,"column":41}}},"20":{"name":"(anonymous_24)","decl":{"start":{"line":172,"column":31},"end":{"line":172,"column":31}},"loc":{"start":{"line":172,"column":42},"end":{"line":172,"column":31}}},"21":{"name":"(anonymous_25)","decl":{"start":{"line":190,"column":33},"end":{"line":190,"column":33}},"loc":{"start":{"line":190,"column":42},"end":{"line":190,"column":33}}},"22":{"name":"(anonymous_26)","decl":{"start":{"line":197,"column":31},"end":{"line":197,"column":31}},"loc":{"start":{"line":197,"column":38},"end":{"line":197,"column":31}}},"23":{"name":"(anonymous_27)","decl":{"start":{"line":199,"column":47},"end":{"line":199,"column":47}},"loc":{"start":{"line":199,"column":71},"end":{"line":199,"column":47}}}},"branchMap":{"1":{"loc":{"start":{"line":10,"column":13},"end":{"line":10,"column":2}},"type":"if","locations":[{"start":{"line":10,"column":13},"end":{"line":10,"column":2}}]},"2":{"loc":{"start":{"line":24,"column":36},"end":{"line":24,"column":22}},"type":"if","locations":[{"start":{"line":24,"column":36},"end":{"line":24,"column":22}}]},"3":{"loc":{"start":{"line":32,"column":95},"end":{"line":32,"column":6}},"type":"if","locations":[{"start":{"line":32,"column":95},"end":{"line":32,"column":6}}]},"4":{"loc":{"start":{"line":32,"column":10},"end":{"line":32,"column":9}},"type":"binary-expr","locations":[{"start":{"line":32,"column":10},"end":{"line":32,"column":9}},{"start":{"line":32,"column":71},"end":{"line":32,"column":70}}]},"5":{"loc":{"start":{"line":44,"column":36},"end":{"line":44,"column":22}},"type":"if","locations":[{"start":{"line":44,"column":36},"end":{"line":44,"column":22}}]},"6":{"loc":{"start":{"line":59,"column":13},"end":{"line":59,"column":2}},"type":"if","locations":[{"start":{"line":59,"column":13},"end":{"line":59,"column":2}}]},"7":{"loc":{"start":{"line":72,"column":36},"end":{"line":72,"column":22}},"type":"if","locations":[{"start":{"line":72,"column":36},"end":{"line":72,"column":22}}]},"8":{"loc":{"start":{"line":88,"column":36},"end":{"line":88,"column":22}},"type":"if","locations":[{"start":{"line":88,"column":36},"end":{"line":88,"column":22}}]},"9":{"loc":{"start":{"line":101,"column":26},"end":{"line":101,"column":2}},"type":"if","locations":[{"start":{"line":101,"column":26},"end":{"line":101,"column":2}}]},"10":{"loc":{"start":{"line":105,"column":2},"end":{"line":105,"column":1}},"type":"switch","locations":[{"start":{"line":105,"column":2},"end":{"line":105,"column":1}},{"start":{"line":104,"column":2},"end":{"line":108,"column":2}},{"start":{"line":104,"column":2},"end":{"line":111,"column":2}},{"start":{"line":104,"column":2},"end":{"line":119,"column":2}},{"start":{"line":104,"column":2},"end":{"line":138,"column":2}}]},"11":{"loc":{"start":{"line":113,"column":28},"end":{"line":113,"column":6}},"type":"if","locations":[{"start":{"line":113,"column":28},"end":{"line":113,"column":6}}]},"12":{"loc":{"start":{"line":120,"column":47},"end":{"line":120,"column":4}},"type":"if","locations":[{"start":{"line":120,"column":47},"end":{"line":120,"column":4}}]},"13":{"loc":{"start":{"line":120,"column":8},"end":{"line":120,"column":7}},"type":"binary-expr","locations":[{"start":{"line":120,"column":8},"end":{"line":120,"column":7}},{"start":{"line":120,"column":26},"end":{"line":120,"column":8}}]},"14":{"loc":{"start":{"line":122,"column":37},"end":{"line":122,"column":8}},"type":"if","locations":[{"start":{"line":122,"column":37},"end":{"line":122,"column":8}}]},"15":{"loc":{"start":{"line":122,"column":19},"end":{"line":122,"column":11}},"type":"cond-expr","locations":[{"start":{"line":122,"column":19},"end":{"line":122,"column":11}},{"start":{"line":122,"column":19},"end":{"line":122,"column":11}}]},"16":{"loc":{"start":{"line":124,"column":40},"end":{"line":124,"column":12}},"type":"if","locations":[{"start":{"line":124,"column":40},"end":{"line":124,"column":12}}]},"17":{"loc":{"start":{"line":146,"column":26},"end":{"line":146,"column":2}},"type":"if","locations":[{"start":{"line":146,"column":26},"end":{"line":146,"column":2}},{"start":{"line":153,"column":9},"end":{"line":153,"column":8}}]},"18":{"loc":{"start":{"line":148,"column":23},"end":{"line":148,"column":4}},"type":"if","locations":[{"start":{"line":148,"column":23},"end":{"line":148,"column":4}}]},"19":{"loc":{"start":{"line":153,"column":27},"end":{"line":153,"column":9}},"type":"if","locations":[{"start":{"line":153,"column":27},"end":{"line":153,"column":9}}]},"20":{"loc":{"start":{"line":158,"column":34},"end":{"line":158,"column":4}},"type":"if","locations":[{"start":{"line":158,"column":34},"end":{"line":158,"column":4}}]},"21":{"loc":{"start":{"line":160,"column":25},"end":{"line":160,"column":6}},"type":"if","locations":[{"start":{"line":160,"column":25},"end":{"line":160,"column":6}}]},"22":{"loc":{"start":{"line":168,"column":2},"end":{"line":168,"column":1}},"type":"switch","locations":[{"start":{"line":168,"column":2},"end":{"line":168,"column":1}},{"start":{"line":167,"column":2},"end":{"line":171,"column":2}},{"start":{"line":167,"column":2},"end":{"line":176,"column":2}},{"start":{"line":167,"column":2},"end":{"line":189,"column":2}},{"start":{"line":167,"column":2},"end":{"line":192,"column":2}},{"start":{"line":167,"column":2},"end":{"line":195,"column":2}},{"start":{"line":167,"column":2},"end":{"line":211,"column":2}}]},"23":{"loc":{"start":{"line":196,"column":47},"end":{"line":196,"column":4}},"type":"if","locations":[{"start":{"line":196,"column":47},"end":{"line":196,"column":4}}]},"24":{"loc":{"start":{"line":196,"column":8},"end":{"line":196,"column":7}},"type":"binary-expr","locations":[{"start":{"line":196,"column":8},"end":{"line":196,"column":7}},{"start":{"line":196,"column":26},"end":{"line":196,"column":8}}]},"25":{"loc":{"start":{"line":198,"column":37},"end":{"line":198,"column":8}},"type":"if","locations":[{"start":{"line":198,"column":37},"end":{"line":198,"column":8}}]},"26":{"loc":{"start":{"line":198,"column":19},"end":{"line":198,"column":11}},"type":"cond-expr","locations":[{"start":{"line":198,"column":19},"end":{"line":198,"column":11}},{"start":{"line":198,"column":19},"end":{"line":198,"column":11}}]}},"s":{"1":1,"2":260,"3":260,"4":260,"5":260,"6":260,"7":260,"8":260,"9":262,"10":970,"11":3843,"12":970,"13":0,"14":970,"15":262,"16":262,"17":118,"18":260,"19":3080,"20":21844,"21":3080,"22":250,"23":2830,"24":260,"25":260,"26":0,"27":210,"28":210,"29":210,"30":210,"31":210,"32":210,"33":80,"34":0,"35":0,"36":0,"37":0,"38":0,"39":80,"40":210,"41":1680,"42":10960,"43":1680,"44":0,"45":1680,"46":210,"47":210,"48":0,"49":258,"50":0,"51":258,"52":214,"53":4,"54":16,"55":26,"56":26,"57":0,"58":10,"59":10,"60":20,"61":20,"62":180,"63":50,"64":130,"65":20,"66":180,"67":0,"68":10,"69":0,"70":14,"71":4445,"72":1905,"73":385,"74":1520,"75":2540,"76":20,"77":40,"78":20,"79":0,"80":0,"81":0,"82":2540,"83":130,"84":0,"85":0,"86":1960,"87":40,"88":250,"89":140,"90":50,"91":45,"92":90,"93":90,"94":810,"95":810,"96":90,"97":0,"98":45,"99":225},"f":{"1":260,"2":262,"3":970,"4":3843,"5":3080,"6":21844,"7":210,"8":80,"9":0,"10":0,"11":1680,"12":10960,"13":258,"14":26,"15":20,"16":180,"17":180,"18":4445,"19":40,"20":0,"21":250,"22":90,"23":810},"b":{"1":[260],"2":[0],"3":[118],"4":[262,118],"5":[250],"6":[210],"7":[0],"8":[0],"9":[0],"10":[214,4,16,10,14],"11":[26],"12":[10],"13":[10,10],"14":[20],"15":[0,20],"16":[50],"17":[1905,2540],"18":[385],"19":[20],"20":[0],"21":[0],"22":[130,0,1960,40,140,50,225],"23":[45],"24":[50,50],"25":[90],"26":[0,90]}}
,"/home/rawbin/Projets/_1projets_en_cours/modulo/modulo/src/core/utils/sectionUtils/index.js": {"path":"/home/rawbin/Projets/_1projets_en_cours/modulo/modulo/src/core/utils/sectionUtils/index.js","statementMap":{"1":{"start":{"line":7,"column":15},"end":{"line":7,"column":8}},"2":{"start":{"line":8,"column":4},"end":{"line":7,"column":38}},"3":{"start":{"line":10,"column":2},"end":{"line":10,"column":1}},"4":{"start":{"line":11,"column":4},"end":{"line":10,"column":12}},"5":{"start":{"line":13,"column":2},"end":{"line":6,"column":52}},"6":{"start":{"line":17,"column":22},"end":{"line":17,"column":8}},"7":{"start":{"line":18,"column":4},"end":{"line":18,"column":3}},"8":{"start":{"line":19,"column":6},"end":{"line":18,"column":52}},"9":{"start":{"line":21,"column":4},"end":{"line":17,"column":44}},"10":{"start":{"line":23,"column":2},"end":{"line":16,"column":62}},"11":{"start":{"line":27,"column":2},"end":{"line":29,"column":8}},"12":{"start":{"line":28,"column":4},"end":{"line":27,"column":34}},"13":{"start":{"line":29,"column":8},"end":{"line":29,"column":7}},"14":{"start":{"line":30,"column":4},"end":{"line":29,"column":27}},"15":{"start":{"line":32,"column":2},"end":{"line":26,"column":47}},"16":{"start":{"line":36,"column":2},"end":{"line":35,"column":61}},"17":{"start":{"line":37,"column":17},"end":{"line":37,"column":10}},"18":{"start":{"line":38,"column":4},"end":{"line":36,"column":35}},"19":{"start":{"line":43,"column":2},"end":{"line":42,"column":44}},"20":{"start":{"line":47,"column":2},"end":{"line":46,"column":50}},"21":{"start":{"line":48,"column":4},"end":{"line":47,"column":33}},"22":{"start":{"line":54,"column":16},"end":{"line":54,"column":8}},"23":{"start":{"line":55,"column":17},"end":{"line":55,"column":16}},"24":{"start":{"line":56,"column":14},"end":{"line":56,"column":8}},"25":{"start":{"line":57,"column":2},"end":{"line":53,"column":40}},"26":{"start":{"line":61,"column":2},"end":{"line":60,"column":53}},"27":{"start":{"line":62,"column":4},"end":{"line":61,"column":36}},"28":{"start":{"line":67,"column":2},"end":{"line":66,"column":59}},"29":{"start":{"line":68,"column":4},"end":{"line":67,"column":38}}},"fnMap":{"1":{"name":"getMetaValue","decl":{"start":{"line":6,"column":16},"end":{"line":6,"column":7}},"loc":{"start":{"line":6,"column":52},"end":{"line":6,"column":7}}},"2":{"name":"(anonymous_2)","decl":{"start":{"line":7,"column":29},"end":{"line":7,"column":29}},"loc":{"start":{"line":7,"column":38},"end":{"line":7,"column":29}}},"3":{"name":"setMetaValue","decl":{"start":{"line":16,"column":16},"end":{"line":16,"column":7}},"loc":{"start":{"line":16,"column":62},"end":{"line":16,"column":7}}},"4":{"name":"(anonymous_4)","decl":{"start":{"line":17,"column":35},"end":{"line":17,"column":35}},"loc":{"start":{"line":17,"column":44},"end":{"line":17,"column":35}}},"5":{"name":"hasMeta","decl":{"start":{"line":26,"column":16},"end":{"line":26,"column":7}},"loc":{"start":{"line":26,"column":47},"end":{"line":26,"column":7}}},"6":{"name":"findByMetadata","decl":{"start":{"line":35,"column":16},"end":{"line":35,"column":7}},"loc":{"start":{"line":35,"column":61},"end":{"line":35,"column":7}}},"7":{"name":"(anonymous_7)","decl":{"start":{"line":36,"column":23},"end":{"line":36,"column":23}},"loc":{"start":{"line":36,"column":35},"end":{"line":36,"column":23}}},"8":{"name":"sameMetaScope","decl":{"start":{"line":42,"column":16},"end":{"line":42,"column":7}},"loc":{"start":{"line":42,"column":44},"end":{"line":42,"column":7}}},"9":{"name":"deleteMeta","decl":{"start":{"line":46,"column":16},"end":{"line":46,"column":7}},"loc":{"start":{"line":46,"column":50},"end":{"line":46,"column":7}}},"10":{"name":"(anonymous_10)","decl":{"start":{"line":47,"column":25},"end":{"line":47,"column":25}},"loc":{"start":{"line":47,"column":33},"end":{"line":47,"column":25}}},"11":{"name":"metaStringToCouple","decl":{"start":{"line":53,"column":16},"end":{"line":53,"column":7}},"loc":{"start":{"line":53,"column":40},"end":{"line":53,"column":7}}},"12":{"name":"hasResource","decl":{"start":{"line":60,"column":16},"end":{"line":60,"column":7}},"loc":{"start":{"line":60,"column":53},"end":{"line":60,"column":7}}},"13":{"name":"(anonymous_13)","decl":{"start":{"line":61,"column":28},"end":{"line":61,"column":28}},"loc":{"start":{"line":61,"column":36},"end":{"line":61,"column":28}}},"14":{"name":"filterResources","decl":{"start":{"line":66,"column":16},"end":{"line":66,"column":7}},"loc":{"start":{"line":66,"column":59},"end":{"line":66,"column":7}}},"15":{"name":"(anonymous_15)","decl":{"start":{"line":67,"column":30},"end":{"line":67,"column":30}},"loc":{"start":{"line":67,"column":38},"end":{"line":67,"column":30}}}},"branchMap":{"1":{"loc":{"start":{"line":8,"column":11},"end":{"line":8,"column":10}},"type":"binary-expr","locations":[{"start":{"line":8,"column":11},"end":{"line":8,"column":10}},{"start":{"line":8,"column":37},"end":{"line":8,"column":36}}]},"2":{"loc":{"start":{"line":10,"column":12},"end":{"line":10,"column":2}},"type":"if","locations":[{"start":{"line":10,"column":12},"end":{"line":10,"column":2}}]},"3":{"loc":{"start":{"line":18,"column":52},"end":{"line":18,"column":4}},"type":"if","locations":[{"start":{"line":18,"column":52},"end":{"line":18,"column":4}}]},"4":{"loc":{"start":{"line":18,"column":8},"end":{"line":18,"column":7}},"type":"binary-expr","locations":[{"start":{"line":18,"column":8},"end":{"line":18,"column":7}},{"start":{"line":18,"column":34},"end":{"line":18,"column":33}}]},"5":{"loc":{"start":{"line":27,"column":34},"end":{"line":27,"column":2}},"type":"if","locations":[{"start":{"line":27,"column":34},"end":{"line":27,"column":2}},{"start":{"line":29,"column":8},"end":{"line":29,"column":7}}]},"6":{"loc":{"start":{"line":29,"column":27},"end":{"line":29,"column":8}},"type":"if","locations":[{"start":{"line":29,"column":27},"end":{"line":29,"column":8}}]},"7":{"loc":{"start":{"line":43,"column":9},"end":{"line":43,"column":26}},"type":"binary-expr","locations":[{"start":{"line":43,"column":9},"end":{"line":43,"column":26}},{"start":{"line":43,"column":42},"end":{"line":43,"column":56}}]},"8":{"loc":{"start":{"line":48,"column":13},"end":{"line":48,"column":24}},"type":"binary-expr","locations":[{"start":{"line":48,"column":13},"end":{"line":48,"column":24}},{"start":{"line":48,"column":39},"end":{"line":48,"column":47}}]},"9":{"loc":{"start":{"line":55,"column":38},"end":{"line":55,"column":17}},"type":"cond-expr","locations":[{"start":{"line":55,"column":38},"end":{"line":55,"column":17}},{"start":{"line":55,"column":54},"end":{"line":55,"column":17}}]}},"s":{"1":923,"2":5257,"3":923,"4":545,"5":378,"6":52,"7":634,"8":51,"9":634,"10":52,"11":403,"12":2,"13":401,"14":400,"15":0,"16":60,"17":100,"18":100,"19":2,"20":10,"21":50,"22":162,"23":162,"24":162,"25":162,"26":125,"27":110,"28":160,"29":1290},"f":{"1":923,"2":5257,"3":52,"4":634,"5":403,"6":60,"7":100,"8":2,"9":10,"10":50,"11":162,"12":125,"13":110,"14":160,"15":1290},"b":{"1":[5257,2657],"2":[545],"3":[51],"4":[634,634],"5":[2,401],"6":[400],"7":[2,2],"8":[50,50],"9":[161,1]}}
,"/home/rawbin/Projets/_1projets_en_cours/modulo/modulo/src/core/validators/sectionValidator/index.js": {"path":"/home/rawbin/Projets/_1projets_en_cours/modulo/modulo/src/core/validators/sectionValidator/index.js","statementMap":{"1":{"start":{"line":5,"column":0},"end":{"line":null,"column":-1}},"2":{"start":{"line":5,"column":12},"end":{"line":null,"column":-1}},"3":{"start":{"line":7,"column":13},"end":{"line":7,"column":33}}},"fnMap":{},"branchMap":{},"s":{"1":1,"2":1,"3":1},"f":{},"b":{}}
,"/home/rawbin/Projets/_1projets_en_cours/modulo/modulo/src/core/validators/sectionValidator/validator.js": {"path":"/home/rawbin/Projets/_1projets_en_cours/modulo/modulo/src/core/validators/sectionValidator/validator.js","statementMap":{"1":{"start":{"line":1,"column":0},"end":{"line":null,"column":-1}},"2":{"start":{"line":5,"column":17},"end":{"line":5,"column":8}},"3":{"start":{"line":7,"column":2},"end":{"line":4,"column":61}},"4":{"start":{"line":9,"column":18},"end":{"line":9,"column":10}},"5":{"start":{"line":10,"column":4},"end":{"line":10,"column":3}},"6":{"start":{"line":11,"column":6},"end":{"line":10,"column":26}},"7":{"start":{"line":20,"column":2},"end":{"line":4,"column":61}}},"fnMap":{"1":{"name":"validateResources","decl":{"start":{"line":4,"column":16},"end":{"line":4,"column":7}},"loc":{"start":{"line":4,"column":61},"end":{"line":4,"column":7}}},"2":{"name":"(anonymous_2)","decl":{"start":{"line":7,"column":28},"end":{"line":7,"column":28}},"loc":{"start":{"line":7,"column":41},"end":{"line":7,"column":28}}}},"branchMap":{"1":{"loc":{"start":{"line":10,"column":26},"end":{"line":10,"column":4}},"type":"if","locations":[{"start":{"line":10,"column":26},"end":{"line":10,"column":4}}]}},"s":{"1":1,"2":20,"3":20,"4":160,"5":160,"6":0,"7":20},"f":{"1":20,"2":160},"b":{"1":[0]}}
}
