TN:
SF:/home/rawbin/Projets/_1projets_en_cours/modulo/modulo/src/core/components/StaticComponents/StaticCoverPage.js
FN:25,(anonymous_11)
FN:76,(anonymous_13)
FN:99,(anonymous_14)
FNF:3
FNH:3
FNDA:78,(anonymous_11)
FNDA:1,(anonymous_13)
FNDA:1,(anonymous_14)
DA:1,1
DA:2,1
DA:3,1
DA:11,1
DA:25,10
DA:26,78
DA:28,10
DA:29,10
DA:31,0
DA:39,1
DA:77,1
DA:100,1
LF:12
LH:11
BRDA:11,1,0,1
BRDA:11,1,1,0
BRDA:26,2,0,78
BRDA:26,2,1,78
BRDA:28,3,0,10
BRF:5
BRH:4
end_of_record
TN:
SF:/home/rawbin/Projets/_1projets_en_cours/modulo/modulo/src/core/components/StaticComponents/StaticDocument.js
FN:41,(anonymous_11)
FN:43,(anonymous_12)
FN:58,(anonymous_13)
FN:60,(anonymous_14)
FN:70,(anonymous_15)
FN:109,(anonymous_16)
FN:119,(anonymous_17)
FNF:7
FNH:6
FNDA:4,(anonymous_11)
FNDA:3,(anonymous_12)
FNDA:24,(anonymous_13)
FNDA:16,(anonymous_14)
FNDA:1,(anonymous_15)
FNDA:3,(anonymous_16)
FNDA:0,(anonymous_17)
DA:1,1
DA:2,1
DA:3,1
DA:4,1
DA:5,1
DA:21,1
DA:39,1
DA:40,1
DA:41,1
DA:42,4
DA:44,3
DA:50,1
DA:59,24
DA:61,16
DA:63,1
DA:65,1
DA:67,1
DA:71,1
DA:78,13
DA:110,3
DA:120,0
LF:21
LH:20
BRDA:21,1,0,1
BRDA:21,1,1,0
BRDA:62,2,0,1
BRDA:62,2,1,1
BRDA:62,2,2,1
BRDA:62,2,3,13
BRDA:84,3,0,1
BRDA:84,3,1,0
BRDA:90,4,0,0
BRDA:90,4,1,1
BRDA:102,5,0,0
BRDA:102,5,1,1
BRDA:116,6,0,0
BRDA:116,6,1,1
BRDA:120,7,0,0
BRDA:120,7,1,0
BRDA:128,8,0,1
BRDA:128,8,1,0
BRF:18
BRH:10
end_of_record
TN:
SF:/home/rawbin/Projets/_1projets_en_cours/modulo/modulo/src/core/components/StaticComponents/StaticEndNotes.js
FN:36,(anonymous_11)
FNF:1
FNH:0
FNDA:0,(anonymous_11)
DA:1,1
DA:2,1
DA:3,1
DA:11,1
DA:29,0
DA:37,0
LF:6
LH:4
BRDA:11,1,0,1
BRDA:11,1,1,0
BRDA:33,2,0,0
BRDA:33,2,1,0
BRF:4
BRH:1
end_of_record
TN:
SF:/home/rawbin/Projets/_1projets_en_cours/modulo/modulo/src/core/components/StaticComponents/StaticImageFigure.js
FNF:0
FNH:0
DA:1,1
DA:2,1
DA:10,1
DA:38,4
LF:4
LH:4
BRDA:10,1,0,1
BRDA:10,1,1,0
BRF:2
BRH:1
end_of_record
TN:
SF:/home/rawbin/Projets/_1projets_en_cours/modulo/modulo/src/core/components/StaticComponents/StaticImageGallery.js
FN:49,(anonymous_11)
FNF:1
FNH:1
FNDA:3,(anonymous_11)
DA:1,1
DA:2,1
DA:4,1
DA:12,1
DA:37,2
DA:50,3
LF:6
LH:6
BRDA:12,1,0,1
BRDA:12,1,1,0
BRDA:45,2,0,2
BRDA:45,2,1,0
BRDA:46,3,0,2
BRDA:46,3,1,0
BRF:6
BRH:3
end_of_record
TN:
SF:/home/rawbin/Projets/_1projets_en_cours/modulo/modulo/src/core/components/StaticComponents/StaticNote.js
FNF:0
FNH:0
DA:1,1
DA:2,1
DA:3,1
DA:11,1
DA:32,0
DA:33,0
LF:6
LH:4
BRDA:11,1,0,1
BRDA:11,1,1,0
BRF:2
BRH:1
end_of_record
TN:
SF:/home/rawbin/Projets/_1projets_en_cours/modulo/modulo/src/core/components/StaticComponents/StaticSection.js
FNF:0
FNH:0
DA:1,1
DA:2,1
DA:3,1
DA:4,1
DA:6,1
DA:18,1
DA:36,3
DA:37,3
DA:38,3
LF:9
LH:9
BRDA:18,1,0,1
BRDA:18,1,1,0
BRDA:57,2,0,0
BRDA:57,2,1,3
BRF:4
BRH:2
end_of_record
TN:
SF:/home/rawbin/Projets/_1projets_en_cours/modulo/modulo/src/core/components/StaticComponents/StaticTableOfContents.js
FN:37,(anonymous_11)
FNF:1
FNH:1
FNDA:3,(anonymous_11)
DA:1,1
DA:2,1
DA:10,1
DA:31,1
DA:38,3
DA:46,1
DA:71,3
LF:7
LH:7
BRDA:10,1,0,1
BRDA:10,1,1,0
BRF:2
BRH:1
end_of_record
TN:
SF:/home/rawbin/Projets/_1projets_en_cours/modulo/modulo/src/core/components/StaticComponents/StaticWebsitePoster.js
FNF:0
FNH:0
DA:1,1
DA:2,1
DA:3,1
DA:4,1
DA:12,1
DA:38,1
DA:41,1
LF:7
LH:7
BRDA:12,1,0,1
BRDA:12,1,1,0
BRDA:50,2,0,1
BRDA:50,2,1,0
BRF:4
BRH:2
end_of_record
TN:
SF:/home/rawbin/Projets/_1projets_en_cours/modulo/modulo/src/core/components/StructuredDataComponents/StructuredCite.js
FNF:0
FNH:0
DA:1,1
DA:2,1
DA:10,1
DA:29,3
LF:4
LH:4
BRDA:10,1,0,1
BRDA:10,1,1,0
BRF:2
BRH:1
end_of_record
TN:
SF:/home/rawbin/Projets/_1projets_en_cours/modulo/modulo/src/core/components/StructuredDataComponents/StructuredDate.js
FNF:0
FNH:0
DA:1,1
DA:2,1
DA:10,1
DA:29,7
DA:30,0
DA:31,0
DA:32,0
DA:35,7
DA:43,7
DA:44,7
LF:10
LH:7
BRDA:10,1,0,1
BRDA:10,1,1,0
BRDA:29,2,0,0
BRDA:29,3,0,7
BRDA:29,3,1,4
BRDA:31,4,0,0
BRF:6
BRH:3
end_of_record
TN:
SF:/home/rawbin/Projets/_1projets_en_cours/modulo/modulo/src/core/components/StructuredDataComponents/StructuredHyperLink.js
FNF:0
FNH:0
DA:1,1
DA:2,1
DA:10,1
DA:36,2
DA:39,2
LF:5
LH:5
BRDA:10,1,0,1
BRDA:10,1,1,0
BRF:2
BRH:1
end_of_record
TN:
SF:/home/rawbin/Projets/_1projets_en_cours/modulo/modulo/src/core/components/StructuredDataComponents/StructuredMetadataPlaceholder.js
FN:37,(anonymous_11)
FN:39,(anonymous_12)
FN:49,(anonymous_13)
FNF:3
FNH:3
FNDA:73,(anonymous_11)
FNDA:49,(anonymous_12)
FNDA:5,(anonymous_13)
DA:1,1
DA:2,1
DA:3,1
DA:15,1
DA:32,3
DA:38,73
DA:40,49
DA:42,3
DA:44,3
DA:46,3
DA:50,5
DA:57,40
LF:12
LH:12
BRDA:15,1,0,1
BRDA:15,1,1,0
BRDA:41,2,0,3
BRDA:41,2,1,3
BRDA:41,2,2,3
BRDA:41,2,3,40
BRF:6
BRH:5
end_of_record
TN:
SF:/home/rawbin/Projets/_1projets_en_cours/modulo/modulo/src/core/components/StructuredDataComponents/StructuredParentJournal.js
FNF:0
FNH:0
DA:1,1
DA:2,1
DA:3,1
DA:4,1
DA:9,1
DA:17,1
DA:38,1
DA:39,1
DA:40,1
DA:55,0
DA:63,1
DA:68,1
DA:73,1
DA:79,1
DA:81,1
DA:83,1
DA:84,1
DA:85,0
DA:87,1
DA:88,1
DA:89,0
DA:91,1
DA:92,1
DA:93,0
DA:94,1
DA:102,1
LF:26
LH:22
BRDA:17,1,0,1
BRDA:17,1,1,0
BRDA:38,2,0,1
BRDA:38,2,1,0
BRDA:38,3,0,1
BRDA:38,3,1,0
BRDA:38,4,0,1
BRDA:38,4,1,0
BRDA:38,5,0,1
BRDA:38,5,1,0
BRDA:39,6,0,1
BRDA:48,7,0,0
BRDA:48,7,1,1
BRDA:50,8,0,0
BRDA:50,8,1,1
BRDA:83,9,0,1
BRDA:83,9,1,0
BRDA:87,10,0,1
BRDA:87,10,1,0
BRDA:91,11,0,1
BRDA:91,11,1,0
BRF:21
BRH:11
end_of_record
TN:
SF:/home/rawbin/Projets/_1projets_en_cours/modulo/modulo/src/core/components/StructuredDataComponents/StructuredPerson.js
FN:45,(anonymous_11)
FN:52,(anonymous_12)
FNF:2
FNH:0
FNDA:0,(anonymous_11)
FNDA:0,(anonymous_12)
DA:1,1
DA:2,1
DA:3,1
DA:11,1
DA:36,17
DA:37,17
DA:39,17
DA:40,17
DA:43,13
DA:45,0
DA:46,0
DA:47,0
DA:49,0
DA:53,0
DA:54,0
DA:56,0
DA:58,0
DA:61,17
DA:62,17
DA:63,10
DA:66,17
DA:74,17
DA:75,17
DA:76,17
DA:77,17
DA:78,17
DA:79,17
DA:84,17
DA:85,17
DA:93,17
LF:30
LH:22
BRDA:11,1,0,1
BRDA:11,1,1,0
BRDA:42,2,0,13
BRDA:43,3,0,0
BRDA:46,4,0,0
BRDA:53,5,0,0
BRDA:61,6,0,17
BRDA:62,7,0,10
BRDA:78,8,0,1
BRDA:78,8,1,16
BRF:10
BRH:6
end_of_record
TN:
SF:/home/rawbin/Projets/_1projets_en_cours/modulo/modulo/src/core/components/StructuredDataComponents/StructuredPublisher.js
FNF:0
FNH:0
DA:1,1
DA:2,1
DA:3,1
DA:11,1
DA:37,0
DA:40,0
DA:42,0
DA:43,0
DA:46,0
DA:54,0
LF:10
LH:4
BRDA:11,1,0,1
BRDA:11,1,1,0
BRDA:42,2,0,0
BRF:3
BRH:1
end_of_record
TN:
SF:/home/rawbin/Projets/_1projets_en_cours/modulo/modulo/src/core/components/StructuredDataComponents/StructuredSpan.js
FNF:0
FNH:0
DA:1,1
DA:2,1
DA:10,1
DA:33,9
LF:4
LH:4
BRDA:10,1,0,1
BRDA:10,1,1,0
BRF:2
BRH:1
end_of_record
TN:
SF:/home/rawbin/Projets/_1projets_en_cours/modulo/modulo/src/core/connectors/filesystem/connector.js
FN:6,analyseElement
FN:16,analyseContents
FN:20,(anonymous_4)
FN:27,parseElement
FN:31,(anonymous_6)
FN:44,(anonymous_7)
FN:46,(anonymous_8)
FN:50,(anonymous_9)
FN:52,(anonymous_10)
FN:63,readFromPath
FN:83,(anonymous_12)
FN:95,createFromPath
FN:98,(anonymous_14)
FN:101,(anonymous_15)
FN:105,(anonymous_17)
FN:109,(anonymous_18)
FN:119,(anonymous_19)
FN:121,(anonymous_20)
FN:124,(anonymous_21)
FN:128,(anonymous_22)
FN:142,updateFromPath
FN:145,(anonymous_24)
FN:147,(anonymous_25)
FN:153,(anonymous_26)
FN:164,deleteFromPath
FN:167,(anonymous_28)
FN:169,(anonymous_29)
FN:173,(anonymous_30)
FN:177,(anonymous_31)
FN:192,getAssetUri
FNF:30
FNH:29
FNDA:359,analyseElement
FNDA:149,analyseContents
FNDA:356,(anonymous_4)
FNDA:316,parseElement
FNDA:128,(anonymous_6)
FNDA:149,(anonymous_7)
FNDA:356,(anonymous_8)
FNDA:307,(anonymous_9)
FNDA:149,(anonymous_10)
FNDA:16,readFromPath
FNDA:4,(anonymous_12)
FNDA:17,createFromPath
FNDA:264,(anonymous_14)
FNDA:225,(anonymous_15)
FNDA:208,(anonymous_17)
FNDA:4,(anonymous_18)
FNDA:17,(anonymous_19)
FNDA:17,(anonymous_20)
FNDA:12,(anonymous_21)
FNDA:4,(anonymous_22)
FNDA:3,updateFromPath
FNDA:3,(anonymous_24)
FNDA:10,(anonymous_25)
FNDA:1,(anonymous_26)
FNDA:3,deleteFromPath
FNDA:3,(anonymous_28)
FNDA:35,(anonymous_29)
FNDA:2,(anonymous_30)
FNDA:0,(anonymous_31)
FNDA:234,getAssetUri
DA:1,1
DA:2,1
DA:3,1
DA:4,1
DA:6,1
DA:7,359
DA:8,359
DA:16,1
DA:17,149
DA:18,0
DA:20,149
DA:21,356
DA:27,316
DA:29,316
DA:30,128
DA:31,128
DA:32,128
DA:33,0
DA:35,128
DA:38,0
DA:43,188
DA:44,149
DA:45,149
DA:47,356
DA:49,149
DA:50,149
DA:51,307
DA:53,149
DA:58,39
DA:63,16
DA:64,16
DA:65,16
DA:66,16
DA:67,16
DA:69,16
DA:70,16
DA:77,2
DA:80,14
DA:81,9
DA:82,5
DA:83,4
DA:84,4
DA:85,0
DA:87,4
DA:90,1
DA:95,17
DA:96,17
DA:97,17
DA:98,264
DA:100,17
DA:101,17
DA:103,225
DA:104,208
DA:105,208
DA:106,208
DA:107,204
DA:109,4
DA:110,4
DA:116,17
DA:121,17
DA:122,17
DA:123,16
DA:124,12
DA:125,12
DA:127,4
DA:128,4
DA:129,4
DA:132,0
DA:135,1
DA:142,3
DA:143,3
DA:144,3
DA:145,3
DA:146,3
DA:147,10
DA:148,1
DA:149,1
DA:150,1
DA:151,0
DA:152,1
DA:153,1
DA:154,1
DA:158,2
DA:164,3
DA:165,3
DA:166,3
DA:167,3
DA:168,3
DA:169,35
DA:170,2
DA:171,2
DA:172,2
DA:173,2
DA:174,2
DA:176,0
DA:177,0
DA:178,0
DA:182,1
DA:192,234
DA:193,234
DA:194,234
DA:195,234
LF:102
LH:93
BRDA:11,1,0,150
BRDA:11,1,1,209
BRDA:17,2,0,0
BRDA:27,3,0,0
BRDA:27,3,1,316
BRDA:29,4,0,128
BRDA:29,4,1,188
BRDA:29,5,0,316
BRDA:29,5,1,159
BRDA:29,5,2,128
BRDA:32,6,0,0
BRDA:43,7,0,149
BRDA:43,7,1,39
BRDA:43,8,0,188
BRDA:43,8,1,157
BRDA:43,8,2,148
BRDA:47,9,0,356
BRDA:47,9,1,208
BRDA:63,10,0,1
BRDA:63,10,1,15
BRDA:63,11,0,8
BRDA:63,11,1,8
BRDA:63,12,0,6
BRDA:63,12,1,10
BRDA:63,13,0,12
BRDA:63,13,1,4
BRDA:64,14,0,6
BRDA:64,14,1,10
BRDA:73,15,0,9
BRDA:73,15,1,5
BRDA:80,16,0,9
BRDA:80,16,1,5
BRDA:82,17,0,4
BRDA:82,17,1,1
BRDA:84,18,0,0
BRDA:95,19,0,1
BRDA:95,19,1,16
BRDA:95,20,0,5
BRDA:95,20,1,12
BRDA:95,21,0,1
BRDA:95,21,1,16
BRDA:95,22,0,1
BRDA:95,22,1,16
BRDA:96,23,0,0
BRDA:96,23,1,17
BRDA:103,24,0,208
BRDA:103,24,1,17
BRDA:106,25,0,204
BRDA:106,25,1,4
BRDA:122,26,0,16
BRDA:122,26,1,1
BRDA:122,27,0,17
BRDA:122,27,1,4
BRDA:122,27,2,14
BRDA:123,28,0,12
BRDA:123,28,1,4
BRDA:127,29,0,4
BRDA:127,29,1,0
BRDA:142,30,0,0
BRDA:142,30,1,3
BRDA:142,31,0,2
BRDA:142,31,1,1
BRDA:143,32,0,0
BRDA:143,32,1,3
BRDA:146,33,0,1
BRDA:146,33,1,2
BRDA:150,34,0,0
BRDA:150,34,1,1
BRDA:152,35,0,1
BRDA:164,36,0,1
BRDA:164,36,1,2
BRDA:165,37,0,0
BRDA:165,37,1,3
BRDA:168,38,0,2
BRDA:168,38,1,1
BRDA:172,39,0,2
BRDA:172,39,1,0
BRDA:176,40,0,0
BRDA:193,41,0,0
BRDA:193,41,1,234
BRF:80
BRH:67
end_of_record
TN:
SF:/home/rawbin/Projets/_1projets_en_cours/modulo/modulo/src/core/connectors/filesystem/index.js
FNF:0
FNH:0
DA:1,1
DA:3,1
DA:4,1
DA:5,1
DA:6,1
DA:8,1
LF:6
LH:6
BRF:0
BRH:0
end_of_record
TN:
SF:/home/rawbin/Projets/_1projets_en_cours/modulo/modulo/src/core/contextualizers/index.js
FNF:0
FNH:0
DA:1,1
DA:2,1
DA:3,1
DA:4,1
DA:7,1
DA:8,1
DA:9,1
DA:10,1
LF:8
LH:8
BRF:0
BRH:0
end_of_record
TN:
SF:/home/rawbin/Projets/_1projets_en_cours/modulo/modulo/src/core/contextualizers/citation/index.js
FN:5,contextualizeInlineStatic
FN:15,(anonymous_3)
FN:32,(anonymous_4)
FN:33,(anonymous_5)
FN:39,(anonymous_6)
FN:52,(anonymous_7)
FN:71,(anonymous_8)
FN:94,contextualizeBlockStatic
FN:103,(anonymous_10)
FN:118,(anonymous_11)
FN:119,(anonymous_12)
FN:125,(anonymous_13)
FN:138,(anonymous_14)
FN:158,(anonymous_15)
FN:174,contextualizeInlineDynamic
FN:178,contextualizeBlockDynamic
FNF:16
FNH:14
FNDA:5,contextualizeInlineStatic
FNDA:59,(anonymous_3)
FNDA:5,(anonymous_4)
FNDA:17,(anonymous_5)
FNDA:4,(anonymous_6)
FNDA:2,(anonymous_7)
FNDA:135,(anonymous_8)
FNDA:3,contextualizeBlockStatic
FNDA:6,(anonymous_10)
FNDA:3,(anonymous_11)
FNDA:17,(anonymous_12)
FNDA:2,(anonymous_13)
FNDA:3,(anonymous_14)
FNDA:24,(anonymous_15)
FNDA:0,contextualizeInlineDynamic
FNDA:0,contextualizeBlockDynamic
DA:1,1
DA:2,1
DA:3,1
DA:5,5
DA:6,5
DA:7,5
DA:8,5
DA:9,5
DA:10,5
DA:11,5
DA:12,5
DA:13,5
DA:16,59
DA:17,5
DA:18,5
DA:23,13
DA:24,4
DA:25,4
DA:29,5
DA:30,5
DA:32,5
DA:33,5
DA:34,17
DA:39,4
DA:41,4
DA:42,3
DA:43,3
DA:49,1
DA:50,11
DA:51,2
DA:52,2
DA:54,2
DA:55,0
DA:56,0
DA:68,5
DA:69,5
DA:71,5
DA:72,135
DA:73,135
DA:74,135
DA:75,5
DA:78,0
DA:80,5
DA:81,5
DA:83,5
DA:87,5
DA:89,130
DA:91,5
DA:94,3
DA:95,3
DA:96,3
DA:97,3
DA:98,3
DA:99,3
DA:100,3
DA:101,3
DA:104,6
DA:105,3
DA:106,3
DA:109,3
DA:110,2
DA:111,2
DA:112,2
DA:115,3
DA:116,3
DA:118,3
DA:119,3
DA:120,17
DA:125,2
DA:127,2
DA:128,0
DA:129,0
DA:135,2
DA:136,3
DA:137,3
DA:138,3
DA:141,3
DA:142,0
DA:143,0
DA:156,3
DA:157,3
DA:158,3
DA:159,24
DA:160,24
DA:161,24
DA:162,3
DA:163,3
DA:167,3
DA:169,21
DA:171,3
DA:175,0
DA:179,0
LF:92
LH:83
BRDA:16,1,0,5
BRDA:23,2,0,4
BRDA:38,3,0,4
BRDA:41,4,0,3
BRDA:48,5,0,1
BRDA:48,6,0,5
BRDA:48,6,1,4
BRDA:50,7,0,2
BRDA:54,8,0,0
BRDA:74,9,0,5
BRDA:77,10,0,0
BRDA:77,10,1,5
BRDA:80,11,0,2
BRDA:80,11,1,3
BRDA:81,12,0,2
BRDA:81,12,1,3
BRDA:104,13,0,3
BRDA:110,14,0,2
BRDA:124,15,0,2
BRDA:127,16,0,0
BRDA:134,17,0,2
BRDA:134,18,0,3
BRDA:134,18,1,2
BRDA:136,19,0,3
BRDA:141,20,0,0
BRDA:161,21,0,3
BRF:26
BRH:22
end_of_record
TN:
SF:/home/rawbin/Projets/_1projets_en_cours/modulo/modulo/src/core/contextualizers/imageplayer/index.js
FN:6,contextualizeInlineStatic
FN:32,(anonymous_4)
FN:33,(anonymous_5)
FN:41,(anonymous_6)
FN:65,(anonymous_7)
FN:75,contextualizeBlockStatic
FN:78,(anonymous_9)
FN:79,(anonymous_10)
FN:86,(anonymous_11)
FN:101,(anonymous_12)
FN:111,contextualizeInlineDynamic
FN:115,contextualizeBlockDynamic
FNF:12
FNH:10
FNDA:3,contextualizeInlineStatic
FNDA:4,(anonymous_4)
FNDA:17,(anonymous_5)
FNDA:80,(anonymous_6)
FNDA:45,(anonymous_7)
FNDA:1,contextualizeBlockStatic
FNDA:2,(anonymous_9)
FNDA:9,(anonymous_10)
FNDA:27,(anonymous_11)
FNDA:15,(anonymous_12)
FNDA:0,contextualizeInlineDynamic
FNDA:0,contextualizeBlockDynamic
DA:1,1
DA:2,1
DA:3,1
DA:6,3
DA:7,3
DA:9,3
DA:10,3
DA:11,3
DA:12,3
DA:13,8
DA:14,8
DA:15,2
DA:16,2
DA:18,6
DA:21,3
DA:22,3
DA:24,3
DA:25,2
DA:26,2
DA:28,1
DA:29,1
DA:31,3
DA:32,3
DA:33,4
DA:34,17
DA:36,4
DA:37,4
DA:39,3
DA:40,3
DA:41,3
DA:42,80
DA:43,80
DA:44,3
DA:45,3
DA:46,3
DA:48,3
DA:53,77
DA:55,3
DA:56,1
DA:57,1
DA:58,1
DA:66,45
DA:67,3
DA:68,3
DA:70,42
DA:72,3
DA:75,1
DA:76,1
DA:77,1
DA:78,1
DA:79,2
DA:80,9
DA:82,2
DA:83,2
DA:85,1
DA:86,1
DA:87,27
DA:88,27
DA:89,1
DA:90,1
DA:97,26
DA:102,15
DA:103,1
DA:104,1
DA:106,14
DA:108,1
DA:112,0
DA:116,0
LF:68
LH:66
BRDA:12,1,0,9
BRDA:12,1,1,9
BRDA:14,2,0,2
BRDA:14,3,0,8
BRDA:14,3,1,8
BRDA:14,3,2,4
BRDA:24,4,0,2
BRDA:24,4,1,1
BRDA:43,5,0,3
BRDA:45,6,0,3
BRDA:55,7,0,1
BRDA:56,8,0,1
BRDA:56,8,1,0
BRDA:66,9,0,3
BRDA:88,10,0,1
BRDA:89,11,0,1
BRDA:89,11,1,0
BRDA:89,11,2,0
BRDA:102,12,0,1
BRF:19
BRH:16
end_of_record
TN:
SF:/home/rawbin/Projets/_1projets_en_cours/modulo/modulo/src/core/contextualizers/timeline/index.js
FN:2,contextualizeInlineStatic
FN:6,contextualizeBlockStatic
FN:10,contextualizeInlineDynamic
FN:14,contextualizeBlockDynamic
FNF:4
FNH:2
FNDA:1,contextualizeInlineStatic
FNDA:3,contextualizeBlockStatic
FNDA:0,contextualizeInlineDynamic
FNDA:0,contextualizeBlockDynamic
DA:3,1
DA:7,3
DA:11,0
DA:15,0
LF:4
LH:2
BRF:0
BRH:0
end_of_record
TN:
SF:/home/rawbin/Projets/_1projets_en_cours/modulo/modulo/src/core/contextualizers/webpage/index.js
FN:5,contextualizeInlineStatic
FN:8,(anonymous_3)
FN:11,(anonymous_4)
FN:27,contextualizeBlockStatic
FN:31,(anonymous_6)
FN:34,(anonymous_7)
FN:37,(anonymous_8)
FN:57,(anonymous_9)
FN:68,contextualizeInlineDynamic
FN:72,contextualizeBlockDynamic
FNF:10
FNH:8
FNDA:1,contextualizeInlineStatic
FNDA:6,(anonymous_3)
FNDA:27,(anonymous_4)
FNDA:1,contextualizeBlockStatic
FNDA:6,(anonymous_6)
FNDA:5,(anonymous_7)
FNDA:27,(anonymous_8)
FNDA:15,(anonymous_9)
FNDA:0,contextualizeInlineDynamic
FNDA:0,contextualizeBlockDynamic
DA:1,1
DA:2,1
DA:3,1
DA:6,1
DA:7,1
DA:8,1
DA:9,6
DA:11,1
DA:12,27
DA:13,27
DA:14,1
DA:15,1
DA:16,1
DA:21,26
DA:24,1
DA:27,1
DA:28,1
DA:29,1
DA:30,1
DA:31,1
DA:32,6
DA:34,1
DA:35,5
DA:37,1
DA:38,27
DA:39,27
DA:40,1
DA:46,1
DA:47,1
DA:48,1
DA:53,26
DA:58,15
DA:59,1
DA:60,1
DA:62,14
DA:65,1
DA:69,0
DA:73,0
LF:38
LH:36
BRDA:13,1,0,1
BRDA:39,2,0,1
BRDA:41,3,0,0
BRDA:41,3,1,1
BRDA:43,4,0,0
BRDA:43,4,1,1
BRDA:58,5,0,1
BRF:7
BRH:5
end_of_record
TN:
SF:/home/rawbin/Projets/_1projets_en_cours/modulo/modulo/src/core/controllers/assetsController/index.js
FN:5,updateConnector
FN:13,getAssetUri
FNF:2
FNH:2
FNDA:233,updateConnector
FNDA:233,getAssetUri
DA:1,1
DA:2,1
DA:3,1
DA:6,233
DA:7,233
DA:8,1
DA:9,1
DA:14,233
DA:15,233
LF:9
LH:9
BRDA:7,1,0,1
BRF:1
BRH:1
end_of_record
TN:
SF:/home/rawbin/Projets/_1projets_en_cours/modulo/modulo/src/core/controllers/contentsController/controller.js
FN:9,updateConnector
FN:21,applyDifference
FN:46,(anonymous_3)
FN:50,(anonymous_4)
FN:52,(anonymous_5)
FN:68,(anonymous_6)
FN:72,(anonymous_7)
FN:74,(anonymous_8)
FN:96,updateFromSource
FN:99,(anonymous_10)
FN:100,(anonymous_11)
FN:104,(anonymous_12)
FN:108,(anonymous_13)
FN:119,updateToSource
FN:121,(anonymous_15)
FN:123,(anonymous_16)
FN:125,(anonymous_17)
FNF:17
FNH:14
FNDA:3,updateConnector
FNDA:6,applyDifference
FNDA:5,(anonymous_3)
FNDA:5,(anonymous_4)
FNDA:6,(anonymous_5)
FNDA:0,(anonymous_6)
FNDA:0,(anonymous_7)
FNDA:0,(anonymous_8)
FNDA:2,updateFromSource
FNDA:2,(anonymous_10)
FNDA:2,(anonymous_11)
FNDA:2,(anonymous_12)
FNDA:2,(anonymous_13)
FNDA:1,updateToSource
FNDA:1,(anonymous_15)
FNDA:6,(anonymous_16)
FNDA:1,(anonymous_17)
DA:1,1
DA:2,1
DA:3,1
DA:5,1
DA:6,1
DA:7,1
DA:10,3
DA:11,3
DA:12,1
DA:13,1
DA:22,6
DA:23,6
DA:26,0
DA:27,0
DA:30,0
DA:31,0
DA:34,1
DA:35,1
DA:37,0
DA:38,0
DA:41,5
DA:43,5
DA:44,5
DA:47,5
DA:51,5
DA:52,3
DA:53,6
DA:55,2
DA:58,5
DA:61,0
DA:62,0
DA:63,0
DA:65,0
DA:66,0
DA:69,0
DA:73,0
DA:74,0
DA:75,0
DA:77,0
DA:80,0
DA:82,0
DA:83,0
DA:85,5
DA:87,0
DA:88,0
DA:90,5
DA:97,2
DA:98,2
DA:100,2
DA:101,2
DA:105,2
DA:109,2
DA:120,1
DA:121,1
DA:122,1
DA:123,1
DA:124,6
DA:126,1
LF:58
LH:37
BRDA:11,1,0,1
BRDA:25,2,0,0
BRDA:25,2,1,0
BRDA:25,2,2,1
BRDA:25,2,3,5
BRDA:25,2,4,0
BRDA:34,3,0,1
BRDA:42,4,0,5
BRDA:42,4,1,0
BRDA:42,4,2,0
BRDA:42,4,3,0
BRDA:47,5,0,5
BRDA:47,5,1,3
BRDA:51,6,0,3
BRDA:51,6,1,2
BRDA:53,7,0,6
BRDA:53,7,1,0
BRDA:69,8,0,0
BRDA:69,8,1,0
BRDA:73,9,0,0
BRDA:73,9,1,0
BRDA:75,10,0,0
BRDA:75,10,1,0
BRF:23
BRH:10
end_of_record
TN:
SF:/home/rawbin/Projets/_1projets_en_cours/modulo/modulo/src/core/controllers/contentsController/index.js
FNF:0
FNH:0
DA:1,1
DA:3,1
DA:4,1
LF:3
LH:3
BRF:0
BRH:0
end_of_record
TN:
SF:/home/rawbin/Projets/_1projets_en_cours/modulo/modulo/src/core/converters/bibTexConverter/converter.js
FN:9,bibTexParser
FN:119,(anonymous_12)
FN:167,validateBibObject
FN:198,serializeBibTexObject
FN:209,(anonymous_17)
FN:227,parseBibTexStr
FN:251,parseBibAuthors
FN:255,(anonymous_20)
FN:257,(anonymous_21)
FN:300,parseBibContextualization
FN:326,(anonymous_23)
FN:340,(anonymous_24)
FN:368,resolveNested
FN:382,(anonymous_26)
FN:396,(anonymous_27)
FN:406,parseBibNestedValues
FNF:16
FNH:16
FNDA:1,bibTexParser
FNDA:45942,(anonymous_12)
FNDA:41,validateBibObject
FNDA:41,serializeBibTexObject
FNDA:24,(anonymous_17)
FNDA:23,parseBibTexStr
FNDA:140,parseBibAuthors
FNDA:220,(anonymous_20)
FNDA:220,(anonymous_21)
FNDA:35,parseBibContextualization
FNDA:35,(anonymous_23)
FNDA:35,(anonymous_24)
FNDA:135,resolveNested
FNDA:100,(anonymous_26)
FNDA:100,(anonymous_27)
FNDA:20,parseBibNestedValues
DA:12,1
DA:16,476
DA:18,19
DA:19,0
DA:20,19
DA:22,457
DA:24,476
DA:28,238
DA:29,238
DA:30,238
DA:35,238
DA:36,238
DA:37,80
DA:38,80
DA:39,79
DA:40,79
DA:41,79
DA:42,79
DA:44,1
DA:50,1
DA:52,158
DA:53,79
DA:54,79
DA:55,79
DA:56,79
DA:57,79
DA:58,79
DA:60,0
DA:66,0
DA:73,79
DA:74,79
DA:75,79
DA:76,79
DA:77,79
DA:78,79
DA:79,79
DA:80,79
DA:81,79
DA:83,79
DA:85,22655
DA:86,22655
DA:88,22655
DA:89,1
DA:95,1
DA:97,22654
DA:98,618
DA:99,618
DA:100,81
DA:102,618
DA:104,22036
DA:105,477
DA:106,477
DA:107,477
DA:108,477
DA:110,21559
DA:111,398
DA:112,398
DA:113,398
DA:114,398
DA:116,21161
DA:117,15617
DA:120,45942
DA:121,540
DA:122,540
DA:125,15617
DA:126,15158
DA:128,15617
DA:131,5544
DA:132,5544
DA:134,22654
DA:136,78
DA:139,78
DA:140,78
DA:142,78
DA:143,78
DA:144,78
DA:145,78
DA:151,23
DA:152,23
DA:153,23
DA:154,23
DA:155,23
DA:156,23
DA:157,23
DA:158,238
DA:160,23
DA:165,1
DA:167,1
DA:168,41
DA:169,1
DA:175,40
DA:176,0
DA:184,40
DA:185,303
DA:186,1
DA:195,39
DA:198,39
DA:199,41
DA:200,41
DA:201,2
DA:203,39
DA:204,39
DA:205,39
DA:206,299
DA:207,299
DA:208,299
DA:209,12
DA:210,24
DA:213,287
DA:214,209
DA:220,39
DA:222,39
DA:228,23
DA:229,23
DA:231,0
DA:252,140
DA:253,140
DA:254,140
DA:255,140
DA:256,220
DA:258,220
DA:259,220
DA:260,220
DA:261,220
DA:262,220
DA:263,220
DA:264,220
DA:265,220
DA:266,20
DA:267,20
DA:268,20
DA:270,20
DA:271,20
DA:272,20
DA:275,220
DA:276,220
DA:277,100
DA:278,100
DA:279,100
DA:281,120
DA:282,120
DA:283,70
DA:284,70
DA:285,50
DA:286,50
DA:287,50
DA:288,50
DA:290,0
DA:291,0
DA:294,220
DA:295,220
DA:301,35
DA:302,35
DA:303,35
DA:306,35
DA:307,35
DA:308,35
DA:309,35
DA:310,35
DA:311,35
DA:314,35
DA:315,15
DA:316,15
DA:319,0
DA:322,15
DA:324,15
DA:326,15
DA:327,35
DA:328,35
DA:329,35
DA:330,35
DA:335,0
DA:336,0
DA:339,15
DA:340,15
DA:341,35
DA:342,35
DA:346,15
DA:348,15
DA:349,10
DA:350,5
DA:351,0
DA:352,5
DA:357,35
DA:358,40
DA:359,40
DA:360,40
DA:364,35
DA:368,135
DA:369,135
DA:370,0
DA:372,135
DA:373,135
DA:374,135
DA:377,95
DA:380,40
DA:381,40
DA:382,40
DA:383,100
DA:384,100
DA:385,100
DA:386,100
DA:391,0
DA:392,0
DA:395,40
DA:396,40
DA:397,100
DA:398,100
DA:402,40
DA:403,40
DA:407,20
DA:408,20
DA:409,20
DA:410,115
DA:411,115
DA:412,115
DA:413,20
DA:415,95
DA:419,20
LF:219
LH:205
BRDA:16,1,0,19
BRDA:16,1,1,457
BRDA:18,2,0,0
BRDA:18,2,1,19
BRDA:36,3,0,80
BRDA:36,3,1,158
BRDA:38,4,0,79
BRDA:52,5,0,79
BRDA:52,5,1,79
BRDA:54,6,0,79
BRDA:73,7,0,79
BRDA:88,8,0,1
BRDA:88,8,1,22654
BRDA:97,9,0,618
BRDA:97,9,1,22036
BRDA:99,10,0,81
BRDA:104,11,0,477
BRDA:104,11,1,21559
BRDA:104,12,0,22036
BRDA:104,12,1,6021
BRDA:110,13,0,398
BRDA:110,13,1,21161
BRDA:110,14,0,21559
BRDA:110,14,1,16015
BRDA:110,14,2,1256
BRDA:116,15,0,15617
BRDA:116,15,1,5544
BRDA:120,16,0,540
BRDA:125,17,0,15158
BRDA:125,18,0,15617
BRDA:125,18,1,540
BRDA:139,19,0,78
BRDA:157,20,0,261
BRDA:157,20,1,259
BRDA:168,21,0,1
BRDA:168,21,1,40
BRDA:175,22,0,0
BRDA:185,23,0,1
BRDA:185,24,0,303
BRDA:185,24,1,14
BRDA:200,25,0,2
BRDA:206,26,0,299
BRDA:208,27,0,12
BRDA:208,27,1,287
BRDA:213,28,0,209
BRDA:213,29,0,287
BRDA:213,29,1,248
BRDA:219,30,0,39
BRDA:228,31,0,23
BRDA:265,32,0,20
BRDA:267,33,0,20
BRDA:270,34,0,20
BRDA:276,35,0,100
BRDA:276,35,1,120
BRDA:282,36,0,70
BRDA:282,36,1,50
BRDA:285,37,0,50
BRDA:285,37,1,0
BRDA:318,38,0,0
BRDA:318,38,1,15
BRDA:328,39,0,35
BRDA:339,40,0,15
BRDA:348,41,0,10
BRDA:348,41,1,5
BRDA:350,42,0,0
BRDA:350,42,1,5
BRDA:369,43,0,0
BRDA:376,44,0,95
BRDA:384,45,0,100
BRDA:395,46,0,40
BRDA:410,47,0,115
BRDA:412,48,0,20
BRDA:412,48,1,95
BRF:73
BRH:67
end_of_record
TN:
SF:/home/rawbin/Projets/_1projets_en_cours/modulo/modulo/src/core/converters/bibTexConverter/index.js
FNF:0
FNH:0
DA:1,1
DA:3,1
DA:4,1
DA:5,1
DA:6,1
DA:7,1
LF:6
LH:6
BRF:0
BRH:0
end_of_record
TN:
SF:/home/rawbin/Projets/_1projets_en_cours/modulo/modulo/src/core/converters/markdownConverter/converter.js
FN:27,eatParamsObject
FN:60,eatNotes
FN:112,eatContextualizations
FN:142,(anonymous_6)
FN:178,(anonymous_7)
FN:193,(anonymous_8)
FN:215,(anonymous_10)
FN:252,(anonymous_11)
FN:265,(anonymous_12)
FN:272,(anonymous_13)
FN:281,eatBlock
FN:323,divideHtmlInBlocks
FN:372,(anonymous_16)
FN:392,regexEscape
FN:396,formatTemplateCalls
FN:407,(anonymous_19)
FN:414,eatHtml
FN:424,markdownToContentsList
FNF:18
FNH:16
FNDA:90,eatParamsObject
FNDA:4,eatNotes
FNDA:20,eatContextualizations
FNDA:10,(anonymous_6)
FNDA:45,(anonymous_7)
FNDA:45,(anonymous_8)
FNDA:0,(anonymous_10)
FNDA:55,(anonymous_11)
FNDA:55,(anonymous_12)
FNDA:170,(anonymous_13)
FNDA:380,eatBlock
FNDA:20,divideHtmlInBlocks
FNDA:3155,(anonymous_16)
FNDA:60,regexEscape
FNDA:20,formatTemplateCalls
FNDA:0,(anonymous_19)
FNDA:20,eatHtml
FNDA:20,markdownToContentsList
DA:5,1
DA:7,1
DA:16,1
DA:28,90
DA:29,90
DA:30,90
DA:31,90
DA:32,90
DA:34,90
DA:35,2575
DA:36,2575
DA:37,55
DA:38,2520
DA:39,55
DA:42,2575
DA:43,35
DA:44,35
DA:45,2540
DA:46,35
DA:47,35
DA:48,2505
DA:49,2440
DA:51,65
DA:52,55
DA:54,2485
DA:56,0
DA:60,4
DA:61,4
DA:62,4
DA:63,4
DA:64,4
DA:65,4
DA:66,4
DA:67,4
DA:68,4
DA:69,4
DA:70,4
DA:73,11
DA:74,11
DA:75,11
DA:76,11
DA:79,11
DA:80,3015
DA:81,3015
DA:82,0
DA:83,3015
DA:84,11
DA:86,3015
DA:89,11
DA:90,11
DA:100,11
DA:101,11
DA:103,0
DA:105,11
DA:106,11
DA:109,4
DA:112,20
DA:113,20
DA:114,20
DA:115,20
DA:117,20
DA:118,20
DA:119,20
DA:120,20
DA:121,20
DA:122,20
DA:123,20
DA:126,20
DA:129,40
DA:130,40
DA:131,40
DA:134,10
DA:135,10
DA:136,10
DA:137,10
DA:138,10
DA:140,10
DA:141,15
DA:142,15
DA:143,10
DA:144,5
DA:145,5
DA:146,5
DA:150,10
DA:153,30
DA:154,30
DA:157,40
DA:158,40
DA:159,15
DA:160,15
DA:163,10
DA:166,5
DA:170,25
DA:171,25
DA:172,25
DA:174,40
DA:175,10
DA:177,40
DA:178,40
DA:179,45
DA:181,40
DA:183,40
DA:185,40
DA:188,40
DA:189,40
DA:194,45
DA:201,50
DA:202,50
DA:204,50
DA:207,0
DA:208,0
DA:209,0
DA:210,0
DA:211,0
DA:213,0
DA:214,0
DA:215,0
DA:216,0
DA:217,0
DA:218,0
DA:219,0
DA:223,0
DA:226,50
DA:227,50
DA:230,50
DA:231,50
DA:232,20
DA:233,20
DA:236,20
DA:239,0
DA:243,30
DA:244,30
DA:245,30
DA:247,50
DA:248,0
DA:251,50
DA:252,50
DA:253,55
DA:255,50
DA:257,50
DA:258,50
DA:261,50
DA:266,55
DA:273,170
DA:274,75
DA:276,95
DA:278,20
DA:282,380
DA:283,380
DA:284,380
DA:285,380
DA:287,380
DA:288,40
DA:289,40
DA:290,40
DA:291,40
DA:292,40
DA:293,340
DA:294,335
DA:295,335
DA:297,5
DA:298,5
DA:299,5
DA:301,5
DA:302,5
DA:303,5
DA:305,20
DA:306,20
DA:307,20
DA:310,10
DA:311,10
DA:313,10
DA:314,10
DA:317,5
DA:320,380
DA:324,20
DA:325,20
DA:363,20
DA:364,20
DA:365,20
DA:366,20
DA:368,720
DA:369,720
DA:373,3155
DA:374,3155
DA:375,380
DA:376,380
DA:377,380
DA:378,380
DA:381,2775
DA:386,340
DA:389,20
DA:392,1
DA:393,60
DA:397,20
DA:398,20
DA:399,20
DA:400,20
DA:401,20
DA:402,20
DA:403,20
DA:404,20
DA:405,5
DA:406,5
DA:407,5
DA:408,5
DA:409,5
DA:411,20
DA:416,20
DA:417,20
DA:418,20
DA:420,20
DA:421,20
DA:425,20
DA:427,20
DA:428,20
DA:430,20
DA:431,20
DA:432,20
DA:433,20
DA:434,20
DA:435,20
LF:222
LH:204
BRDA:36,1,0,55
BRDA:36,1,1,2520
BRDA:38,2,0,55
BRDA:42,3,0,35
BRDA:42,3,1,2540
BRDA:42,4,0,2575
BRDA:42,4,1,100
BRDA:45,5,0,35
BRDA:45,5,1,2505
BRDA:45,6,0,2540
BRDA:45,6,1,2475
BRDA:48,7,0,2440
BRDA:48,7,1,65
BRDA:51,8,0,55
BRDA:51,9,0,65
BRDA:51,9,1,65
BRDA:60,10,0,0
BRDA:60,10,1,4
BRDA:60,11,0,4
BRDA:60,11,1,4
BRDA:60,12,0,0
BRDA:60,12,1,4
BRDA:60,13,0,4
BRDA:60,13,1,4
BRDA:79,14,0,3026
BRDA:79,14,1,3026
BRDA:81,15,0,0
BRDA:81,15,1,3015
BRDA:83,16,0,11
BRDA:100,17,0,11
BRDA:100,17,1,0
BRDA:133,18,0,10
BRDA:133,18,1,30
BRDA:133,19,0,40
BRDA:133,19,1,15
BRDA:143,20,0,5
BRDA:158,21,0,15
BRDA:158,21,1,25
BRDA:162,22,0,10
BRDA:162,22,1,5
BRDA:174,23,0,10
BRDA:187,24,0,15
BRDA:187,24,1,25
BRDA:188,25,0,15
BRDA:188,25,1,25
BRDA:206,26,0,0
BRDA:206,26,1,50
BRDA:206,27,0,50
BRDA:206,27,1,20
BRDA:216,28,0,0
BRDA:231,29,0,20
BRDA:231,29,1,30
BRDA:235,30,0,20
BRDA:235,30,1,0
BRDA:247,31,0,0
BRDA:258,32,0,20
BRDA:258,32,1,30
BRDA:260,33,0,20
BRDA:260,33,1,30
BRDA:273,34,0,75
BRDA:287,35,0,40
BRDA:287,35,1,340
BRDA:293,36,0,335
BRDA:293,36,1,5
BRDA:316,37,0,20
BRDA:316,37,1,15
BRDA:309,38,0,10
BRDA:309,38,1,10
BRDA:309,39,0,20
BRDA:309,39,1,10
BRDA:374,40,0,380
BRDA:385,41,0,340
BRF:72
BRH:64
end_of_record
TN:
SF:/home/rawbin/Projets/_1projets_en_cours/modulo/modulo/src/core/converters/markdownConverter/index.js
FNF:0
FNH:0
DA:1,1
DA:3,1
DA:4,1
LF:3
LH:3
BRF:0
BRH:0
end_of_record
TN:
SF:/home/rawbin/Projets/_1projets_en_cours/modulo/modulo/src/core/converters/markdownIncludesParser/converter.js
FN:9,regexEscape
FN:14,parseMarkdown
FN:37,(anonymous_3)
FN:47,(anonymous_4)
FNF:4
FNH:4
FNDA:156,regexEscape
FNDA:39,parseMarkdown
FNDA:9,(anonymous_3)
FNDA:9,(anonymous_4)
DA:9,1
DA:10,156
DA:14,39
DA:15,39
DA:16,39
DA:17,39
DA:18,39
DA:19,39
DA:20,39
DA:23,50
DA:25,25
DA:31,25
DA:32,8
DA:33,17
DA:34,17
DA:38,9
DA:39,2
DA:41,9
DA:43,25
DA:48,9
DA:49,2
DA:51,7
DA:53,39
LF:23
LH:23
BRDA:23,1,0,64
BRDA:23,1,1,56
BRDA:31,2,0,8
BRDA:31,2,1,17
BRDA:33,3,0,17
BRDA:38,4,0,2
BRDA:48,5,0,2
BRF:7
BRH:7
end_of_record
TN:
SF:/home/rawbin/Projets/_1projets_en_cours/modulo/modulo/src/core/converters/markdownIncludesParser/index.js
FNF:0
FNH:0
DA:1,1
DA:3,1
LF:2
LH:2
BRF:0
BRH:0
end_of_record
TN:
SF:/home/rawbin/Projets/_1projets_en_cours/modulo/modulo/src/core/converters/pdfConverter/index.js
FN:19,exportSection
FN:30,(anonymous_3)
FN:33,(anonymous_4)
FN:34,(anonymous_5)
FN:38,(anonymous_6)
FN:44,(anonymous_7)
FN:47,(anonymous_8)
FNF:7
FNH:6
FNDA:1,exportSection
FNDA:1,(anonymous_3)
FNDA:1,(anonymous_4)
FNDA:1,(anonymous_5)
FNDA:1,(anonymous_6)
FNDA:1,(anonymous_7)
FNDA:0,(anonymous_8)
DA:11,1
DA:12,1
DA:13,1
DA:14,1
DA:16,1
DA:17,1
DA:20,1
DA:21,1
DA:22,1
DA:23,1
DA:24,1
DA:27,1
DA:29,1
DA:31,1
DA:34,1
DA:35,1
DA:39,1
DA:40,1
DA:45,1
DA:46,1
DA:48,0
DA:51,0
LF:22
LH:20
BRDA:24,1,0,1
BRDA:24,1,1,0
BRDA:39,2,0,1
BRDA:39,2,1,0
BRF:4
BRH:2
end_of_record
TN:
SF:/home/rawbin/Projets/_1projets_en_cours/modulo/modulo/src/core/converters/sectionConverter/cleanNaiveTree.js
FN:7,cleanNaiveTree
FN:14,(anonymous_2)
FN:59,(anonymous_3)
FN:61,(anonymous_4)
FN:64,(anonymous_5)
FN:67,(anonymous_6)
FN:71,(anonymous_7)
FNF:7
FNH:7
FNDA:30,cleanNaiveTree
FNDA:75,(anonymous_2)
FNDA:25,(anonymous_3)
FNDA:20,(anonymous_4)
FNDA:25,(anonymous_5)
FNDA:15,(anonymous_6)
FNDA:25,(anonymous_7)
DA:5,1
DA:7,30
DA:8,30
DA:9,30
DA:10,30
DA:12,30
DA:13,30
DA:14,75
DA:16,75
DA:19,5
DA:20,5
DA:22,70
DA:23,1050
DA:24,20
DA:25,20
DA:29,50
DA:31,50
DA:32,325
DA:33,50
DA:39,0
DA:45,0
DA:47,0
DA:50,30
DA:51,10
DA:56,10
DA:57,10
DA:58,20
DA:59,20
DA:60,25
DA:63,20
DA:65,25
DA:68,15
DA:71,20
DA:72,25
DA:74,20
DA:77,5
DA:78,5
LF:37
LH:34
BRDA:7,1,0,30
BRDA:7,1,1,0
BRDA:12,2,0,30
BRDA:12,2,1,30
BRDA:13,3,0,20
BRDA:18,4,0,5
BRDA:23,5,0,20
BRDA:29,6,0,50
BRDA:32,7,0,50
BRDA:38,8,0,0
BRDA:50,9,0,10
BRDA:50,9,1,20
BRDA:50,10,0,30
BRDA:50,10,1,10
BRDA:56,11,0,10
BRDA:56,11,1,0
BRDA:58,12,0,20
BRDA:77,13,0,0
BRDA:77,13,1,5
BRF:19
BRH:15
end_of_record
TN:
SF:/home/rawbin/Projets/_1projets_en_cours/modulo/modulo/src/core/converters/sectionConverter/concatTree.js
FN:12,populateElementWithIncludes
FN:17,(anonymous_2)
FN:32,include
FN:35,(anonymous_4)
FN:44,(anonymous_5)
FN:58,resolveFileIncludes
FN:76,nestIncludes
FN:78,(anonymous_8)
FN:89,buildFinalMdContent
FN:94,(anonymous_10)
FN:97,(anonymous_11)
FN:98,(anonymous_12)
FN:113,resolveNestedIncludes
FN:115,(anonymous_14)
FN:121,concatCustomizers
FN:123,(anonymous_16)
FN:126,(anonymous_17)
FN:128,(anonymous_18)
FN:143,concatTree
FN:147,(anonymous_20)
FN:150,(anonymous_21)
FN:158,(anonymous_22)
FN:162,(anonymous_23)
FN:168,(anonymous_24)
FN:169,(anonymous_25)
FN:171,(anonymous_26)
FN:174,(anonymous_27)
FN:177,(anonymous_28)
FN:179,(anonymous_29)
FN:189,(anonymous_30)
FN:196,(anonymous_31)
FN:198,(anonymous_32)
FNF:32
FNH:32
FNDA:35,populateElementWithIncludes
FNDA:35,(anonymous_2)
FNDA:10,include
FNDA:35,(anonymous_4)
FNDA:5,(anonymous_5)
FNDA:30,resolveFileIncludes
FNDA:40,nestIncludes
FNDA:25,(anonymous_8)
FNDA:35,buildFinalMdContent
FNDA:10,(anonymous_10)
FNDA:10,(anonymous_11)
FNDA:10,(anonymous_12)
FNDA:40,resolveNestedIncludes
FNDA:25,(anonymous_14)
FNDA:40,concatCustomizers
FNDA:145,(anonymous_16)
FNDA:20,(anonymous_17)
FNDA:25,(anonymous_18)
FNDA:40,concatTree
FNDA:145,(anonymous_20)
FNDA:50,(anonymous_21)
FNDA:145,(anonymous_22)
FNDA:145,(anonymous_23)
FNDA:40,(anonymous_24)
FNDA:35,(anonymous_25)
FNDA:40,(anonymous_26)
FNDA:35,(anonymous_27)
FNDA:15,(anonymous_28)
FNDA:5,(anonymous_29)
FNDA:40,(anonymous_30)
FNDA:35,(anonymous_31)
FNDA:40,(anonymous_32)
DA:1,1
DA:2,1
DA:4,1
DA:12,1
DA:13,35
DA:17,35
DA:18,35
DA:19,35
DA:20,35
DA:22,35
DA:32,1
DA:33,10
DA:34,10
DA:36,35
DA:37,10
DA:38,10
DA:41,10
DA:42,10
DA:45,5
DA:47,10
DA:48,5
DA:50,10
DA:51,10
DA:58,1
DA:59,30
DA:60,30
DA:61,30
DA:62,15
DA:63,15
DA:64,10
DA:65,10
DA:66,10
DA:76,40
DA:78,40
DA:79,25
DA:81,40
DA:89,1
DA:90,35
DA:91,35
DA:92,35
DA:93,10
DA:95,10
DA:98,10
DA:99,10
DA:101,10
DA:102,10
DA:106,35
DA:113,40
DA:114,40
DA:116,25
DA:118,40
DA:121,1
DA:122,40
DA:124,145
DA:127,20
DA:128,20
DA:129,25
DA:131,20
DA:144,40
DA:146,40
DA:148,145
DA:151,50
DA:152,50
DA:154,0
DA:157,40
DA:159,145
DA:161,40
DA:163,145
DA:165,40
DA:166,40
DA:169,40
DA:170,35
DA:173,40
DA:175,35
DA:176,35
DA:178,15
DA:180,5
DA:182,35
DA:184,40
DA:189,40
DA:190,40
DA:191,40
DA:192,40
DA:193,10
DA:197,35
DA:199,40
DA:200,40
LF:87
LH:86
BRDA:18,1,0,35
BRDA:36,2,0,10
BRDA:41,3,0,10
BRDA:47,4,0,5
BRDA:63,5,0,10
BRDA:91,6,0,35
BRDA:91,6,1,30
BRDA:91,6,2,10
BRDA:92,7,0,10
BRDA:124,8,0,145
BRDA:124,8,1,55
BRDA:148,9,0,145
BRDA:148,9,1,90
BRDA:151,10,0,50
BRDA:159,11,0,145
BRDA:159,11,1,90
BRDA:163,12,0,145
BRDA:163,12,1,55
BRDA:192,13,0,10
BRF:19
BRH:19
end_of_record
TN:
SF:/home/rawbin/Projets/_1projets_en_cours/modulo/modulo/src/core/converters/sectionConverter/converter.js
FN:21,concatSection
FN:22,(anonymous_4)
FN:25,(anonymous_5)
FN:45,(anonymous_6)
FN:47,(anonymous_7)
FN:51,(anonymous_9)
FN:53,(anonymous_10)
FN:67,(anonymous_11)
FN:69,(anonymous_12)
FN:73,(anonymous_14)
FN:75,(anonymous_15)
FN:94,(anonymous_16)
FN:109,sectionListToFsTree
FN:110,(anonymous_18)
FN:141,(anonymous_19)
FN:144,(anonymous_20)
FN:154,serializeSectionList
FN:156,(anonymous_22)
FN:157,(anonymous_23)
FN:159,(anonymous_24)
FN:163,(anonymous_25)
FN:171,parseSection
FN:174,(anonymous_27)
FN:179,(anonymous_28)
FN:183,(anonymous_29)
FN:187,(anonymous_30)
FN:191,(anonymous_31)
FN:195,(anonymous_32)
FN:197,(anonymous_33)
FN:199,(anonymous_34)
FN:200,(anonymous_35)
FN:203,(anonymous_36)
FN:210,(anonymous_37)
FN:211,(anonymous_38)
FN:213,(anonymous_39)
FN:214,(anonymous_40)
FN:217,(anonymous_41)
FN:225,(anonymous_42)
FN:226,(anonymous_43)
FN:228,(anonymous_44)
FN:229,(anonymous_45)
FN:232,(anonymous_46)
FN:239,(anonymous_47)
FN:240,(anonymous_48)
FN:242,(anonymous_49)
FN:243,(anonymous_50)
FN:246,(anonymous_51)
FNF:47
FNH:47
FNDA:8,concatSection
FNDA:194,(anonymous_4)
FNDA:56,(anonymous_5)
FNDA:64,(anonymous_6)
FNDA:20,(anonymous_7)
FNDA:130,(anonymous_9)
FNDA:1232,(anonymous_10)
FNDA:44,(anonymous_11)
FNDA:10,(anonymous_12)
FNDA:190,(anonymous_14)
FNDA:1420,(anonymous_15)
FNDA:8,(anonymous_16)
FNDA:2,sectionListToFsTree
FNDA:8,(anonymous_18)
FNDA:2,(anonymous_19)
FNDA:8,(anonymous_20)
FNDA:2,serializeSectionList
FNDA:2,(anonymous_22)
FNDA:8,(anonymous_23)
FNDA:2,(anonymous_24)
FNDA:2,(anonymous_25)
FNDA:5,parseSection
FNDA:5,(anonymous_27)
FNDA:5,(anonymous_28)
FNDA:5,(anonymous_29)
FNDA:5,(anonymous_30)
FNDA:5,(anonymous_31)
FNDA:5,(anonymous_32)
FNDA:20,(anonymous_33)
FNDA:5,(anonymous_34)
FNDA:20,(anonymous_35)
FNDA:20,(anonymous_36)
FNDA:5,(anonymous_37)
FNDA:20,(anonymous_38)
FNDA:5,(anonymous_39)
FNDA:20,(anonymous_40)
FNDA:20,(anonymous_41)
FNDA:5,(anonymous_42)
FNDA:20,(anonymous_43)
FNDA:5,(anonymous_44)
FNDA:20,(anonymous_45)
FNDA:20,(anonymous_46)
FNDA:5,(anonymous_47)
FNDA:20,(anonymous_48)
FNDA:5,(anonymous_49)
FNDA:20,(anonymous_50)
FNDA:20,(anonymous_51)
DA:5,1
DA:7,1
DA:8,1
DA:9,1
DA:10,1
DA:11,1
DA:12,1
DA:13,1
DA:14,1
DA:15,1
DA:16,1
DA:17,1
DA:18,1
DA:21,8
DA:22,8
DA:23,194
DA:25,8
DA:26,56
DA:27,56
DA:28,56
DA:29,50
DA:30,6
DA:31,56
DA:33,8
DA:34,8
DA:35,8
DA:36,6
DA:38,2
DA:41,8
DA:42,2
DA:45,8
DA:46,64
DA:48,20
DA:49,20
DA:50,20
DA:51,20
DA:52,130
DA:53,130
DA:54,1232
DA:56,130
DA:57,130
DA:58,0
DA:61,130
DA:64,0
DA:67,8
DA:68,44
DA:70,10
DA:71,10
DA:72,10
DA:73,10
DA:74,190
DA:75,78
DA:76,1420
DA:79,78
DA:80,78
DA:81,0
DA:83,190
DA:85,10
DA:86,10
DA:88,0
DA:89,0
DA:92,8
DA:94,8
DA:95,8
DA:96,8
DA:97,8
DA:99,8
DA:110,2
DA:111,8
DA:112,8
DA:113,8
DA:130,8
DA:138,8
DA:141,2
DA:142,2
DA:144,2
DA:145,8
DA:147,2
DA:148,2
DA:149,2
DA:150,2
DA:154,2
DA:155,2
DA:157,2
DA:158,8
DA:160,2
DA:164,2
DA:171,5
DA:172,5
DA:176,5
DA:180,5
DA:184,5
DA:187,5
DA:188,5
DA:191,5
DA:192,5
DA:195,5
DA:197,5
DA:198,20
DA:200,5
DA:201,20
DA:203,5
DA:204,20
DA:206,5
DA:210,5
DA:211,5
DA:212,20
DA:214,5
DA:215,20
DA:217,5
DA:218,20
DA:220,5
DA:225,5
DA:226,5
DA:227,20
DA:229,5
DA:230,20
DA:232,5
DA:233,20
DA:235,5
DA:239,5
DA:240,5
DA:241,20
DA:243,5
DA:244,20
DA:246,5
DA:247,20
DA:249,5
LF:128
LH:123
BRDA:23,1,0,194
BRDA:23,1,1,120
BRDA:26,2,0,56
BRDA:26,2,1,0
BRDA:28,3,0,50
BRDA:28,3,1,6
BRDA:35,4,0,6
BRDA:35,4,1,2
BRDA:41,5,0,2
BRDA:49,6,0,20
BRDA:52,7,0,130
BRDA:56,8,0,130
BRDA:56,8,1,0
BRDA:71,9,0,10
BRDA:74,10,0,78
BRDA:79,11,0,78
BRDA:79,11,1,0
BRDA:96,12,0,8
BRDA:112,13,0,2
BRDA:112,13,1,6
BRF:20
BRH:17
end_of_record
TN:
SF:/home/rawbin/Projets/_1projets_en_cours/modulo/modulo/src/core/converters/sectionConverter/index.js
FNF:0
FNH:0
DA:1,1
DA:3,1
DA:4,1
LF:3
LH:3
BRF:0
BRH:0
end_of_record
TN:
SF:/home/rawbin/Projets/_1projets_en_cours/modulo/modulo/src/core/converters/sectionConverter/organizeTree.js
FN:5,formatMetadata
FN:26,flattenSections
FN:29,(anonymous_4)
FN:31,(anonymous_5)
FN:41,formatSection
FN:46,(anonymous_7)
FN:60,formatSections
FN:65,makeRelations
FN:68,(anonymous_10)
FN:87,(anonymous_12)
FN:88,(anonymous_13)
FN:105,organizeTree
FN:108,(anonymous_15)
FN:111,(anonymous_16)
FN:114,(anonymous_17)
FN:117,(anonymous_18)
FNF:16
FNH:16
FNDA:20,formatMetadata
FNDA:20,flattenSections
FNDA:20,(anonymous_4)
FNDA:15,(anonymous_5)
FNDA:20,formatSection
FNDA:15,(anonymous_7)
FNDA:5,formatSections
FNDA:5,makeRelations
FNDA:20,(anonymous_10)
FNDA:10,(anonymous_12)
FNDA:20,(anonymous_13)
FNDA:5,organizeTree
FNDA:5,(anonymous_15)
FNDA:5,(anonymous_16)
FNDA:5,(anonymous_17)
FNDA:5,(anonymous_18)
DA:1,1
DA:3,1
DA:5,1
DA:6,20
DA:7,20
DA:8,20
DA:9,20
DA:10,20
DA:11,145
DA:12,145
DA:13,145
DA:14,145
DA:15,145
DA:16,145
DA:23,20
DA:26,1
DA:28,20
DA:29,20
DA:30,20
DA:31,20
DA:32,15
DA:35,20
DA:37,0
DA:41,1
DA:42,20
DA:43,20
DA:44,20
DA:45,5
DA:46,5
DA:47,15
DA:50,20
DA:60,1
DA:61,5
DA:62,5
DA:65,1
DA:68,5
DA:69,20
DA:70,20
DA:71,20
DA:72,20
DA:73,5
DA:74,5
DA:76,20
DA:77,5
DA:78,5
DA:80,20
DA:83,5
DA:84,20
DA:85,20
DA:86,5
DA:87,5
DA:88,10
DA:89,20
DA:92,10
DA:93,5
DA:94,5
DA:97,5
DA:98,5
DA:102,5
DA:105,5
DA:107,5
DA:109,5
DA:112,5
DA:115,5
DA:118,5
LF:65
LH:64
BRDA:11,1,0,145
BRDA:14,2,0,0
BRDA:14,2,1,145
BRDA:28,3,0,20
BRDA:28,3,1,0
BRDA:44,4,0,5
BRDA:72,5,0,5
BRDA:76,6,0,5
BRDA:85,7,0,5
BRDA:89,8,0,20
BRDA:89,8,1,20
BRDA:92,9,0,5
BRF:12
BRH:10
end_of_record
TN:
SF:/home/rawbin/Projets/_1projets_en_cours/modulo/modulo/src/core/converters/sectionConverter/parseTreeResources.js
FN:4,parseTreeResources
FN:6,(anonymous_2)
FN:8,(anonymous_3)
FNF:3
FNH:3
FNDA:30,parseTreeResources
FNDA:20,(anonymous_2)
FNDA:20,(anonymous_3)
DA:1,1
DA:2,1
DA:5,30
DA:6,20
DA:7,20
DA:8,20
DA:9,20
DA:13,10
LF:8
LH:8
BRDA:5,1,0,20
BRDA:5,1,1,10
BRDA:7,2,0,20
BRF:3
BRH:3
end_of_record
TN:
SF:/home/rawbin/Projets/_1projets_en_cours/modulo/modulo/src/core/converters/sectionConverter/propagateData.js
FN:4,inheritMetadataFromParent
FN:11,(anonymous_2)
FN:19,(anonymous_3)
FN:55,doInheritMetadataFromParent
FN:76,inheritResourcesFromParent
FN:82,(anonymous_6)
FN:85,(anonymous_7)
FN:92,doInheritResourcesFromParent
FN:107,inheritContextualizersFromParent
FN:112,(anonymous_10)
FN:116,(anonymous_11)
FN:123,doInheritContextualizersFromParent
FN:138,inheritCustomizersFromParent
FN:163,doInheritCustomizersFromParent
FN:178,populateLaterally
FN:181,(anonymous_16)
FN:185,(anonymous_17)
FN:198,propagateData
FN:199,(anonymous_19)
FN:209,(anonymous_21)
FN:221,(anonymous_22)
FN:236,(anonymous_23)
FN:245,(anonymous_24)
FN:250,(anonymous_25)
FN:255,(anonymous_26)
FN:260,(anonymous_27)
FN:265,(anonymous_28)
FN:270,(anonymous_29)
FNF:28
FNH:27
FNDA:15,inheritMetadataFromParent
FNDA:240,(anonymous_2)
FNDA:185,(anonymous_3)
FNDA:20,doInheritMetadataFromParent
FNDA:15,inheritResourcesFromParent
FNDA:110,(anonymous_6)
FNDA:110,(anonymous_7)
FNDA:20,doInheritResourcesFromParent
FNDA:15,inheritContextualizersFromParent
FNDA:15,(anonymous_10)
FNDA:15,(anonymous_11)
FNDA:20,doInheritContextualizersFromParent
FNDA:15,inheritCustomizersFromParent
FNDA:20,doInheritCustomizersFromParent
FNDA:20,populateLaterally
FNDA:325,(anonymous_16)
FNDA:160,(anonymous_17)
FNDA:5,propagateData
FNDA:20,(anonymous_19)
FNDA:0,(anonymous_21)
FNDA:5,(anonymous_22)
FNDA:20,(anonymous_23)
FNDA:20,(anonymous_24)
FNDA:20,(anonymous_25)
FNDA:20,(anonymous_26)
FNDA:20,(anonymous_27)
FNDA:20,(anonymous_28)
FNDA:20,(anonymous_29)
DA:1,1
DA:5,15
DA:6,0
DA:11,15
DA:12,240
DA:13,55
DA:15,185
DA:18,15
DA:19,15
DA:20,185
DA:24,15
DA:25,15
DA:26,15
DA:27,15
DA:28,15
DA:29,15
DA:34,15
DA:35,15
DA:36,15
DA:37,15
DA:38,0
DA:39,0
DA:45,0
DA:51,15
DA:55,5
DA:56,20
DA:58,15
DA:60,15
DA:63,0
DA:72,5
DA:77,15
DA:78,0
DA:82,15
DA:83,110
DA:85,15
DA:86,110
DA:88,15
DA:93,20
DA:94,15
DA:95,15
DA:98,0
DA:103,5
DA:104,5
DA:108,15
DA:109,0
DA:112,15
DA:113,15
DA:116,15
DA:117,15
DA:119,15
DA:124,20
DA:125,15
DA:126,15
DA:129,0
DA:134,5
DA:135,5
DA:139,15
DA:140,0
DA:141,15
DA:142,15
DA:144,0
DA:145,0
DA:147,0
DA:148,0
DA:150,0
DA:152,0
DA:153,0
DA:160,15
DA:164,20
DA:165,15
DA:166,15
DA:169,0
DA:174,5
DA:175,5
DA:179,20
DA:181,20
DA:182,325
DA:183,325
DA:184,280
DA:185,280
DA:186,160
DA:187,160
DA:188,160
DA:193,20
DA:194,20
DA:198,5
DA:199,5
DA:200,20
DA:202,5
DA:204,0
DA:205,0
DA:206,0
DA:207,0
DA:209,0
DA:210,0
DA:211,0
DA:212,0
DA:213,0
DA:214,0
DA:215,0
DA:216,0
DA:217,0
DA:221,5
DA:223,5
DA:228,5
DA:229,5
DA:230,5
DA:231,5
DA:234,5
DA:237,20
DA:238,20
DA:239,20
DA:240,20
DA:241,20
DA:246,20
DA:251,20
DA:256,20
DA:261,20
DA:266,20
DA:271,20
DA:272,20
DA:273,20
DA:274,20
DA:277,5
LF:124
LH:93
BRDA:5,1,0,0
BRDA:12,2,0,55
BRDA:25,3,0,15
BRDA:28,4,0,15
BRDA:36,5,0,15
BRDA:36,5,1,0
BRDA:36,6,0,15
BRDA:36,6,1,15
BRDA:38,7,0,0
BRDA:38,7,1,0
BRDA:56,8,0,15
BRDA:56,9,0,20
BRDA:56,9,1,15
BRDA:62,10,0,0
BRDA:77,11,0,0
BRDA:93,12,0,15
BRDA:93,13,0,20
BRDA:93,13,1,15
BRDA:97,14,0,0
BRDA:108,15,0,0
BRDA:124,16,0,15
BRDA:124,17,0,20
BRDA:124,17,1,15
BRDA:128,18,0,0
BRDA:139,19,0,0
BRDA:139,19,1,15
BRDA:141,20,0,15
BRDA:141,20,1,0
BRDA:145,21,0,0
BRDA:147,22,0,0
BRDA:147,22,1,0
BRDA:152,23,0,0
BRDA:164,24,0,15
BRDA:164,25,0,20
BRDA:164,25,1,15
BRDA:168,26,0,0
BRDA:183,27,0,280
BRDA:187,28,0,160
BRDA:202,29,0,0
BRDA:202,29,1,5
BRDA:238,30,0,20
BRDA:238,30,1,0
BRDA:239,31,0,20
BRDA:239,31,1,0
BRF:44
BRH:25
end_of_record
TN:
SF:/home/rawbin/Projets/_1projets_en_cours/modulo/modulo/src/core/models/index.js
FNF:0
FNH:0
DA:1,1
DA:2,1
DA:3,1
DA:4,1
DA:5,1
LF:5
LH:5
BRF:0
BRH:0
end_of_record
TN:
SF:/home/rawbin/Projets/_1projets_en_cours/modulo/modulo/src/core/renderers/renderToStaticHtml/index.js
FN:20,renderSection
FN:42,(anonymous_3)
FN:43,(anonymous_4)
FN:50,(anonymous_5)
FN:51,(anonymous_6)
FN:57,(anonymous_7)
FN:60,(anonymous_8)
FN:88,(anonymous_9)
FN:89,(anonymous_10)
FN:105,(anonymous_11)
FN:108,(anonymous_12)
FN:137,listChildren
FN:139,(anonymous_14)
FNF:13
FNH:13
FNDA:1,renderSection
FNDA:1,(anonymous_3)
FNDA:1,(anonymous_4)
FNDA:1,(anonymous_5)
FNDA:1,(anonymous_6)
FNDA:1,(anonymous_7)
FNDA:4,(anonymous_8)
FNDA:4,(anonymous_9)
FNDA:77,(anonymous_10)
FNDA:24,(anonymous_11)
FNDA:13,(anonymous_12)
FNDA:4,listChildren
FNDA:16,(anonymous_14)
DA:1,1
DA:2,1
DA:3,1
DA:4,1
DA:5,1
DA:7,1
DA:8,1
DA:9,1
DA:10,1
DA:11,1
DA:12,1
DA:18,1
DA:21,1
DA:22,1
DA:23,1
DA:24,1
DA:25,1
DA:27,1
DA:28,7
DA:29,7
DA:33,1
DA:34,1
DA:35,1
DA:38,1
DA:40,1
DA:43,1
DA:44,1
DA:45,1
DA:47,1
DA:51,1
DA:52,1
DA:53,1
DA:55,1
DA:59,1
DA:60,1
DA:61,4
DA:62,4
DA:63,4
DA:64,4
DA:68,1
DA:69,1
DA:70,1
DA:71,3
DA:72,2
DA:77,1
DA:78,0
DA:86,1
DA:87,1
DA:88,1
DA:89,4
DA:90,77
DA:91,77
DA:94,4
DA:96,4
DA:97,0
DA:100,4
DA:104,1
DA:106,24
DA:109,13
DA:113,1
DA:114,1
DA:115,1
DA:117,1
DA:118,1
DA:132,1
DA:138,4
DA:139,4
DA:140,16
DA:141,3
DA:142,3
DA:143,3
DA:146,4
LF:72
LH:70
BRDA:23,1,0,1
BRDA:23,1,1,0
BRDA:24,2,0,1
BRDA:24,2,1,0
BRDA:28,3,0,7
BRDA:37,4,0,1
BRDA:44,5,0,1
BRDA:52,6,0,1
BRDA:68,7,0,1
BRDA:68,7,1,1
BRDA:69,8,0,1
BRDA:71,9,0,2
BRDA:77,10,0,0
BRDA:96,11,0,0
BRDA:114,12,0,1
BRDA:140,13,0,3
BRF:16
BRH:12
end_of_record
TN:
SF:/home/rawbin/Projets/_1projets_en_cours/modulo/modulo/src/core/resolvers/htmlMetaTemplateSerializer/converter.js
FN:6,serializeHtmlMeta
FN:24,(anonymous_2)
FNF:2
FNH:2
FNDA:260,serializeHtmlMeta
FNDA:60,(anonymous_2)
DA:7,260
DA:8,260
DA:9,260
DA:10,260
DA:11,40
DA:12,40
DA:13,0
DA:14,0
DA:16,0
DA:21,260
DA:22,0
DA:23,260
DA:24,40
DA:25,60
DA:27,40
DA:28,220
DA:29,260
DA:30,260
DA:31,260
DA:33,260
LF:20
LH:16
BRDA:10,1,0,40
BRDA:12,2,0,0
BRDA:21,3,0,0
BRDA:21,3,1,260
BRDA:21,4,0,260
BRDA:21,4,1,0
BRDA:23,5,0,40
BRDA:23,5,1,220
BRDA:23,6,0,260
BRDA:23,6,1,40
BRDA:25,7,0,60
BRDA:25,7,1,0
BRF:12
BRH:8
end_of_record
TN:
SF:/home/rawbin/Projets/_1projets_en_cours/modulo/modulo/src/core/resolvers/htmlMetaTemplateSerializer/index.js
FNF:0
FNH:0
DA:1,1
DA:3,1
LF:2
LH:2
BRF:0
BRH:0
end_of_record
TN:
SF:/home/rawbin/Projets/_1projets_en_cours/modulo/modulo/src/core/resolvers/resolveContextualizations/index.js
FN:6,resolveContextualizer
FN:13,(anonymous_4)
FN:34,(anonymous_6)
FN:43,(anonymous_7)
FN:60,resolveContextualizersAndContextualizations
FN:64,(anonymous_9)
FN:74,(anonymous_10)
FN:77,(anonymous_11)
FN:92,(anonymous_12)
FN:94,(anonymous_13)
FN:100,(anonymous_14)
FN:127,(anonymous_15)
FN:128,(anonymous_16)
FN:137,resolveContextualizationsImplementation
FN:139,(anonymous_18)
FNF:15
FNH:15
FNDA:120,resolveContextualizer
FNDA:10,(anonymous_4)
FNDA:310,(anonymous_6)
FNDA:1810,(anonymous_7)
FNDA:20,resolveContextualizersAndContextualizations
FNDA:110,(anonymous_9)
FNDA:90,(anonymous_10)
FNDA:720,(anonymous_11)
FNDA:90,(anonymous_12)
FNDA:350,(anonymous_13)
FNDA:90,(anonymous_14)
FNDA:90,(anonymous_15)
FNDA:720,(anonymous_16)
FNDA:4,resolveContextualizationsImplementation
FNDA:18,(anonymous_18)
DA:1,1
DA:2,1
DA:3,1
DA:6,120
DA:7,120
DA:8,120
DA:11,10
DA:13,10
DA:14,10
DA:17,10
DA:18,10
DA:19,10
DA:22,0
DA:32,70
DA:33,70
DA:34,70
DA:35,310
DA:37,70
DA:38,70
DA:42,120
DA:43,1810
DA:44,1810
DA:47,0
DA:54,1810
DA:56,120
DA:60,20
DA:61,20
DA:65,110
DA:66,110
DA:67,0
DA:69,110
DA:74,90
DA:75,90
DA:77,90
DA:78,720
DA:80,90
DA:81,0
DA:88,90
DA:90,90
DA:92,90
DA:94,90
DA:95,350
DA:99,90
DA:100,90
DA:101,90
DA:102,90
DA:103,90
DA:106,90
DA:107,0
DA:108,0
DA:116,0
DA:117,0
DA:124,90
DA:126,90
DA:128,90
DA:129,720
DA:131,90
DA:133,20
DA:138,4
DA:139,4
DA:140,18
DA:141,18
DA:143,18
DA:145,10
DA:147,8
DA:149,0
DA:151,0
DA:153,0
DA:155,0
DA:157,0
DA:159,0
DA:161,0
DA:163,0
DA:165,0
DA:168,4
LF:75
LH:58
BRDA:10,1,0,10
BRDA:17,2,0,10
BRDA:17,2,1,0
BRDA:31,3,0,70
BRDA:32,4,0,70
BRDA:46,5,0,0
BRDA:46,6,0,1810
BRDA:46,6,1,930
BRDA:66,7,0,0
BRDA:80,8,0,0
BRDA:80,8,1,90
BRDA:98,9,0,90
BRDA:98,9,1,0
BRDA:101,10,0,90
BRDA:101,11,0,90
BRDA:101,11,1,50
BRDA:106,12,0,0
BRDA:142,13,0,18
BRDA:142,13,1,0
BRDA:142,13,2,0
BRDA:144,14,0,10
BRDA:144,14,1,8
BRDA:144,14,2,0
BRDA:154,15,0,0
BRDA:154,15,1,0
BRDA:154,15,2,0
BRF:26
BRH:14
end_of_record
TN:
SF:/home/rawbin/Projets/_1projets_en_cours/modulo/modulo/src/core/resolvers/resolveDataDependencies/index.js
FN:3,resolveDataDependencies
FN:8,(anonymous_4)
FN:11,(anonymous_5)
FN:20,(anonymous_6)
FN:34,(anonymous_7)
FN:35,(anonymous_8)
FN:39,(anonymous_9)
FN:48,(anonymous_10)
FN:49,(anonymous_11)
FN:57,(anonymous_12)
FN:58,(anonymous_13)
FN:60,(anonymous_14)
FN:67,(anonymous_15)
FN:73,(anonymous_16)
FN:74,(anonymous_17)
FN:82,(anonymous_18)
FN:84,(anonymous_19)
FN:91,(anonymous_20)
FN:92,(anonymous_21)
FN:98,(anonymous_22)
FN:103,(anonymous_23)
FN:104,(anonymous_24)
FN:117,(anonymous_25)
FN:122,(anonymous_26)
FN:131,(anonymous_27)
FN:141,(anonymous_28)
FN:152,(anonymous_29)
FN:159,(anonymous_30)
FN:160,(anonymous_31)
FN:167,(anonymous_32)
FN:179,(anonymous_33)
FN:190,(anonymous_34)
FN:200,(anonymous_35)
FN:201,(anonymous_36)
FN:207,(anonymous_37)
FN:213,(anonymous_38)
FN:217,(anonymous_39)
FNF:37
FNH:35
FNDA:1,resolveDataDependencies
FNDA:4,(anonymous_4)
FNDA:4,(anonymous_5)
FNDA:12,(anonymous_6)
FNDA:216,(anonymous_7)
FNDA:216,(anonymous_8)
FNDA:4,(anonymous_9)
FNDA:4,(anonymous_10)
FNDA:12,(anonymous_11)
FNDA:4,(anonymous_12)
FNDA:97,(anonymous_13)
FNDA:4,(anonymous_14)
FNDA:4,(anonymous_15)
FNDA:4,(anonymous_16)
FNDA:32,(anonymous_17)
FNDA:241,(anonymous_18)
FNDA:12,(anonymous_19)
FNDA:32,(anonymous_20)
FNDA:241,(anonymous_21)
FNDA:4,(anonymous_22)
FNDA:4,(anonymous_23)
FNDA:18,(anonymous_24)
FNDA:203,(anonymous_25)
FNDA:6,(anonymous_26)
FNDA:14,(anonymous_27)
FNDA:44,(anonymous_28)
FNDA:0,(anonymous_29)
FNDA:6,(anonymous_30)
FNDA:14,(anonymous_31)
FNDA:3,(anonymous_32)
FNDA:166,(anonymous_33)
FNDA:0,(anonymous_34)
FNDA:18,(anonymous_35)
FNDA:203,(anonymous_36)
FNDA:4,(anonymous_37)
FNDA:4,(anonymous_38)
FNDA:1,(anonymous_39)
DA:1,1
DA:4,1
DA:5,1
DA:6,1
DA:7,1
DA:8,1
DA:9,4
DA:12,4
DA:13,4
DA:14,4
DA:15,12
DA:16,12
DA:20,12
DA:21,12
DA:23,12
DA:24,12
DA:25,228
DA:26,228
DA:27,216
DA:33,4
DA:34,4
DA:35,216
DA:36,216
DA:37,216
DA:40,4
DA:41,4
DA:45,8
DA:46,8
DA:49,4
DA:50,12
DA:52,4
DA:54,0
DA:58,4
DA:59,97
DA:60,4
DA:61,4
DA:62,4
DA:65,93
DA:68,4
DA:69,4
DA:74,32
DA:75,32
DA:78,241
DA:79,241
DA:82,32
DA:83,241
DA:84,12
DA:85,12
DA:86,12
DA:89,229
DA:92,32
DA:93,241
DA:94,241
DA:96,32
DA:99,4
DA:100,4
DA:104,18
DA:105,18
DA:106,18
DA:109,203
DA:110,203
DA:117,203
DA:118,203
DA:122,6
DA:124,6
DA:125,6
DA:126,14
DA:127,14
DA:133,14
DA:134,14
DA:135,12
DA:137,12
DA:142,44
DA:144,12
DA:145,12
DA:147,0
DA:150,12
DA:151,2
DA:152,0
DA:153,0
DA:154,0
DA:157,2
DA:160,6
DA:161,14
DA:162,14
DA:164,6
DA:168,3
DA:169,3
DA:171,200
DA:172,182
DA:173,39
DA:175,39
DA:180,166
DA:182,39
DA:183,39
DA:185,39
DA:188,39
DA:189,143
DA:190,0
DA:191,0
DA:192,0
DA:195,143
DA:198,18
DA:201,18
DA:202,203
DA:203,203
DA:205,18
DA:208,4
DA:209,4
DA:214,4
DA:218,1
LF:111
LH:103
BRDA:12,1,0,4
BRDA:12,1,1,0
BRDA:12,2,0,4
BRDA:12,2,1,4
BRDA:15,3,0,12
BRDA:26,4,0,216
BRDA:31,5,0,4
BRDA:31,5,1,8
BRDA:59,6,0,4
BRDA:59,6,1,93
BRDA:59,7,0,97
BRDA:59,7,1,69
BRDA:78,8,0,241
BRDA:83,9,0,12
BRDA:83,9,1,229
BRDA:83,10,0,241
BRDA:83,10,1,203
BRDA:109,11,0,203
BRDA:120,12,0,3
BRDA:120,12,1,200
BRDA:120,13,0,203
BRDA:120,13,1,21
BRDA:126,14,0,14
BRDA:134,15,0,12
BRDA:134,15,1,2
BRDA:137,16,0,8
BRDA:137,16,1,4
BRDA:145,17,0,0
BRDA:151,18,0,0
BRDA:151,18,1,2
BRDA:171,19,0,182
BRDA:171,19,1,18
BRDA:171,20,0,200
BRDA:171,20,1,200
BRDA:171,21,0,0
BRDA:171,21,1,200
BRDA:172,22,0,39
BRDA:172,22,1,143
BRDA:175,23,0,0
BRDA:175,23,1,39
BRDA:183,24,0,39
BRDA:189,25,0,0
BRDA:189,25,1,143
BRF:43
BRH:37
end_of_record
TN:
SF:/home/rawbin/Projets/_1projets_en_cours/modulo/modulo/src/core/resolvers/resolveSectionAgainstModels/index.js
FN:5,resolveSectionAgainstModels
FN:8,(anonymous_2)
FN:12,(anonymous_3)
FN:39,(anonymous_4)
FN:55,(anonymous_5)
FNF:5
FNH:5
FNDA:20,resolveSectionAgainstModels
FNDA:160,(anonymous_2)
FNDA:3370,(anonymous_3)
FNDA:485,(anonymous_4)
FNDA:80,(anonymous_5)
DA:1,1
DA:2,1
DA:3,1
DA:5,20
DA:6,20
DA:9,160
DA:10,160
DA:12,160
DA:13,3370
DA:14,3370
DA:15,55
DA:21,3315
DA:22,1445
DA:23,1870
DA:24,0
DA:26,3370
DA:29,0
DA:35,0
DA:41,485
DA:42,485
DA:43,440
DA:44,440
DA:45,25
DA:51,25
DA:54,440
DA:55,40
DA:56,80
DA:57,0
DA:59,80
DA:62,400
DA:63,380
DA:66,440
DA:67,260
DA:71,45
DA:79,485
DA:84,620
DA:85,0
DA:86,0
DA:87,0
DA:95,20
LF:40
LH:33
BRDA:10,1,0,160
BRDA:14,2,0,55
BRDA:14,2,1,3315
BRDA:14,3,0,3370
BRDA:14,3,1,630
BRDA:21,4,0,1445
BRDA:21,4,1,1870
BRDA:23,5,0,0
BRDA:42,6,0,440
BRDA:42,6,1,45
BRDA:43,7,0,440
BRDA:43,7,1,320
BRDA:43,7,2,25
BRDA:44,8,0,25
BRDA:54,9,0,40
BRDA:54,9,1,400
BRDA:56,10,0,0
BRDA:62,11,0,380
BRDA:66,12,0,260
BRDA:84,13,0,0
BRDA:86,14,0,0
BRF:21
BRH:17
end_of_record
TN:
SF:/home/rawbin/Projets/_1projets_en_cours/modulo/modulo/src/core/utils/citationUtils/_static.js
FNF:0
FNH:0
DA:1,1
DA:2,1
DA:8,1
DA:13,1
DA:35,3
DA:43,3
DA:60,1
DA:82,5
DA:90,5
LF:9
LH:9
BRDA:35,1,0,3
BRDA:35,1,1,3
BRDA:82,2,0,5
BRDA:82,2,1,5
BRF:4
BRH:4
end_of_record
TN:
SF:/home/rawbin/Projets/_1projets_en_cours/modulo/modulo/src/core/utils/citationUtils/iso690fr.js
FN:21,renderAdditionnal
FN:64,BlockCitation
FN:75,(anonymous_12)
FN:190,InlineCitation
FN:200,(anonymous_19)
FNF:5
FNH:5
FNDA:8,renderAdditionnal
FNDA:3,BlockCitation
FNDA:5,(anonymous_12)
FNDA:5,InlineCitation
FNDA:4,(anonymous_19)
DA:9,1
DA:10,1
DA:11,1
DA:19,1
DA:22,8
DA:23,8
DA:73,3
DA:74,3
DA:75,3
DA:76,5
DA:84,0
DA:93,3
DA:98,1
DA:99,0
DA:105,1
DA:106,1
DA:120,2
DA:121,0
DA:127,2
DA:144,3
DA:145,2
DA:165,3
DA:199,2
DA:200,2
DA:201,4
DA:209,0
DA:218,5
DA:219,3
DA:228,2
DA:229,0
DA:240,2
DA:241,2
DA:242,2
DA:251,0
LF:34
LH:28
BRDA:25,1,0,3
BRDA:25,1,1,5
BRDA:25,2,0,8
BRDA:25,2,1,7
BRDA:25,2,2,5
BRDA:25,2,3,5
BRDA:25,2,4,5
BRDA:25,2,5,5
BRDA:27,3,0,1
BRDA:27,3,1,7
BRDA:32,4,0,2
BRDA:32,4,1,6
BRDA:36,5,0,0
BRDA:36,5,1,8
BRDA:36,6,0,8
BRDA:36,6,1,7
BRDA:36,6,2,3
BRDA:38,7,0,0
BRDA:38,7,1,8
BRDA:40,8,0,0
BRDA:40,8,1,8
BRDA:40,9,0,8
BRDA:40,9,1,7
BRDA:40,9,2,3
BRDA:42,10,0,0
BRDA:42,10,1,8
BRDA:45,11,0,0
BRDA:45,11,1,8
BRDA:51,12,0,0
BRDA:51,12,1,8
BRDA:74,13,0,3
BRDA:79,14,0,2
BRDA:79,14,1,3
BRDA:97,15,0,1
BRDA:97,15,1,2
BRDA:98,16,0,0
BRDA:105,17,0,0
BRDA:105,17,1,1
BRDA:113,18,0,1
BRDA:113,18,1,0
BRDA:114,19,0,1
BRDA:114,19,1,0
BRDA:115,20,0,1
BRDA:115,20,1,0
BRDA:116,21,0,1
BRDA:116,21,1,0
BRDA:120,22,0,0
BRDA:132,23,0,1
BRDA:132,23,1,1
BRDA:133,24,0,1
BRDA:133,24,1,1
BRDA:134,25,0,1
BRDA:134,25,1,1
BRDA:135,26,0,1
BRDA:135,26,1,1
BRDA:136,27,0,1
BRDA:136,27,1,1
BRDA:136,28,0,2
BRDA:136,28,1,1
BRDA:137,29,0,1
BRDA:137,29,1,1
BRDA:137,30,0,2
BRDA:137,30,1,1
BRDA:137,31,0,1
BRDA:137,31,1,0
BRDA:144,32,0,2
BRDA:144,33,0,3
BRDA:144,33,1,3
BRDA:144,33,2,1
BRDA:147,34,0,0
BRDA:147,34,1,2
BRDA:148,35,0,0
BRDA:148,35,1,2
BRDA:149,36,0,1
BRDA:149,36,1,1
BRDA:151,37,0,1
BRDA:151,37,1,1
BRDA:154,38,0,1
BRDA:154,38,1,1
BRDA:156,39,0,1
BRDA:156,39,1,1
BRDA:170,40,0,0
BRDA:170,40,1,3
BRDA:199,41,0,2
BRDA:204,42,0,2
BRDA:204,42,1,2
BRDA:218,43,0,3
BRDA:218,43,1,2
BRDA:228,44,0,0
BRDA:228,44,1,2
BRDA:240,45,0,2
BRDA:240,46,0,2
BRDA:240,46,1,2
BRDA:241,47,0,2
BRDA:241,47,1,2
BRF:95
BRH:77
end_of_record
TN:
SF:/home/rawbin/Projets/_1projets_en_cours/modulo/modulo/src/core/utils/microDataUtils/index.js
FN:8,toLetters
FN:16,bibToSchema
FN:56,formatSimpleProp
FN:78,formatEntityProp
FN:101,formatTitle
FN:105,formatDate
FN:126,formatPages
FN:134,formatAuthor
FN:143,(anonymous_9)
FN:150,(anonymous_10)
FN:172,formatDoi
FN:176,formatUrl
FN:185,formatParentJournal
FN:222,formatPublisher
FN:240,setSectionMeta
FN:246,metadataToSchema
FN:248,(anonymous_17)
FN:250,(anonymous_18)
FN:264,(anonymous_19)
FNF:19
FNH:1
FNDA:0,toLetters
FNDA:12,bibToSchema
FNDA:0,formatSimpleProp
FNDA:0,formatEntityProp
FNDA:0,formatTitle
FNDA:0,formatDate
FNDA:0,formatPages
FNDA:0,formatAuthor
FNDA:0,(anonymous_9)
FNDA:0,(anonymous_10)
FNDA:0,formatDoi
FNDA:0,formatUrl
FNDA:0,formatParentJournal
FNDA:0,formatPublisher
FNDA:0,setSectionMeta
FNDA:0,metadataToSchema
FNDA:0,(anonymous_17)
FNDA:0,(anonymous_18)
FNDA:0,(anonymous_19)
DA:5,1
DA:9,0
DA:10,0
DA:11,0
DA:12,0
DA:17,12
DA:19,3
DA:21,4
DA:23,0
DA:25,0
DA:27,2
DA:29,1
DA:31,0
DA:33,0
DA:35,1
DA:37,0
DA:39,0
DA:41,0
DA:43,0
DA:45,0
DA:47,0
DA:49,0
DA:51,1
DA:56,0
DA:57,0
DA:58,0
DA:73,0
DA:78,0
DA:79,0
DA:102,0
DA:106,0
DA:107,0
DA:108,0
DA:109,0
DA:111,0
DA:112,0
DA:115,0
DA:116,0
DA:117,0
DA:118,0
DA:119,0
DA:123,0
DA:127,0
DA:128,0
DA:134,0
DA:135,0
DA:137,0
DA:138,0
DA:141,0
DA:143,0
DA:144,0
DA:145,0
DA:147,0
DA:151,0
DA:152,0
DA:154,0
DA:156,0
DA:159,0
DA:160,0
DA:161,0
DA:164,0
DA:166,0
DA:167,0
DA:173,0
DA:177,0
DA:186,0
DA:191,0
DA:196,0
DA:202,0
DA:204,0
DA:206,0
DA:207,0
DA:208,0
DA:210,0
DA:211,0
DA:212,0
DA:214,0
DA:215,0
DA:216,0
DA:218,0
DA:223,0
DA:228,0
DA:230,0
DA:231,0
DA:233,0
DA:241,0
DA:246,0
DA:247,0
DA:248,0
DA:249,0
DA:251,0
DA:252,0
DA:255,0
DA:256,0
DA:259,0
DA:260,0
DA:263,0
DA:264,0
DA:265,0
LF:99
LH:8
BRDA:11,1,0,0
BRDA:11,1,1,0
BRDA:12,2,0,0
BRDA:12,2,1,0
BRDA:18,3,0,3
BRDA:18,3,1,4
BRDA:18,3,2,0
BRDA:18,3,3,0
BRDA:18,3,4,2
BRDA:18,3,5,1
BRDA:18,3,6,0
BRDA:18,3,7,0
BRDA:18,3,8,1
BRDA:18,3,9,0
BRDA:18,3,10,0
BRDA:18,3,11,0
BRDA:18,3,12,0
BRDA:18,3,13,0
BRDA:18,3,14,0
BRDA:18,3,15,0
BRDA:18,3,16,1
BRDA:56,4,0,0
BRDA:56,4,1,0
BRDA:56,5,0,0
BRDA:56,5,1,0
BRDA:56,6,0,0
BRDA:56,6,1,0
BRDA:56,7,0,0
BRDA:56,7,1,0
BRDA:57,8,0,0
BRDA:66,9,0,0
BRDA:66,9,1,0
BRDA:68,10,0,0
BRDA:68,10,1,0
BRDA:78,11,0,0
BRDA:78,11,1,0
BRDA:78,12,0,0
BRDA:78,12,1,0
BRDA:106,13,0,0
BRDA:106,13,1,0
BRDA:108,14,0,0
BRDA:108,15,0,0
BRDA:108,15,1,0
BRDA:111,16,0,0
BRDA:111,17,0,0
BRDA:111,17,1,0
BRDA:115,18,0,0
BRDA:115,19,0,0
BRDA:115,19,1,0
BRDA:116,20,0,0
BRDA:118,21,0,0
BRDA:123,22,0,0
BRDA:123,22,1,0
BRDA:140,23,0,0
BRDA:141,24,0,0
BRDA:144,25,0,0
BRDA:151,26,0,0
BRDA:159,27,0,0
BRDA:160,28,0,0
BRDA:206,29,0,0
BRDA:206,29,1,0
BRDA:210,30,0,0
BRDA:210,30,1,0
BRDA:214,31,0,0
BRDA:214,31,1,0
BRDA:230,32,0,0
BRDA:243,33,0,0
BRDA:243,33,1,0
BRDA:255,34,0,0
BRDA:259,35,0,0
BRDA:263,36,0,0
BRF:71
BRH:6
end_of_record
TN:
SF:/home/rawbin/Projets/_1projets_en_cours/modulo/modulo/src/core/utils/modelUtils/index.js
FN:8,getResourceModel
FN:17,(anonymous_5)
FN:20,(anonymous_6)
FN:21,(anonymous_7)
FN:40,(anonymous_8)
FN:41,(anonymous_9)
FN:57,getContextualizerModel
FN:65,(anonymous_12)
FN:68,(anonymous_13)
FN:69,(anonymous_14)
FN:84,(anonymous_15)
FN:85,(anonymous_16)
FN:100,serializePropAgainstType
FN:112,(anonymous_18)
FN:121,(anonymous_19)
FN:123,(anonymous_20)
FN:129,(anonymous_21)
FN:145,resolvePropAgainstType
FN:154,(anonymous_23)
FN:172,(anonymous_24)
FN:190,(anonymous_25)
FN:197,(anonymous_26)
FN:199,(anonymous_27)
FNF:23
FNH:20
FNDA:260,getResourceModel
FNDA:262,(anonymous_5)
FNDA:970,(anonymous_6)
FNDA:3843,(anonymous_7)
FNDA:3080,(anonymous_8)
FNDA:21844,(anonymous_9)
FNDA:210,getContextualizerModel
FNDA:80,(anonymous_12)
FNDA:0,(anonymous_13)
FNDA:0,(anonymous_14)
FNDA:1680,(anonymous_15)
FNDA:10960,(anonymous_16)
FNDA:258,serializePropAgainstType
FNDA:26,(anonymous_18)
FNDA:20,(anonymous_19)
FNDA:180,(anonymous_20)
FNDA:180,(anonymous_21)
FNDA:4445,resolvePropAgainstType
FNDA:40,(anonymous_23)
FNDA:0,(anonymous_24)
FNDA:250,(anonymous_25)
FNDA:90,(anonymous_26)
FNDA:810,(anonymous_27)
DA:5,1
DA:9,260
DA:10,260
DA:12,260
DA:13,260
DA:14,260
DA:15,260
DA:17,262
DA:18,262
DA:21,970
DA:22,3843
DA:24,970
DA:25,0
DA:27,970
DA:29,262
DA:33,118
DA:38,260
DA:41,3080
DA:42,21844
DA:44,3080
DA:45,250
DA:47,2830
DA:49,260
DA:51,260
DA:53,0
DA:58,210
DA:59,210
DA:61,210
DA:62,210
DA:63,210
DA:65,210
DA:66,80
DA:69,0
DA:70,0
DA:72,0
DA:73,0
DA:75,0
DA:77,80
DA:82,210
DA:85,1680
DA:86,10960
DA:88,1680
DA:89,0
DA:91,1680
DA:93,210
DA:94,210
DA:96,0
DA:101,258
DA:102,0
DA:104,258
DA:106,214
DA:109,4
DA:112,16
DA:113,26
DA:114,26
DA:116,0
DA:120,10
DA:121,10
DA:122,20
DA:123,20
DA:124,180
DA:125,50
DA:127,130
DA:129,180
DA:131,0
DA:133,10
DA:135,0
DA:139,14
DA:146,4445
DA:148,1905
DA:149,385
DA:151,1520
DA:153,2540
DA:154,20
DA:155,40
DA:158,0
DA:160,0
DA:161,0
DA:167,2540
DA:169,130
DA:172,0
DA:173,0
DA:187,1960
DA:190,250
DA:193,140
DA:196,50
DA:197,45
DA:198,90
DA:199,90
DA:200,810
DA:201,810
DA:203,90
DA:205,0
DA:207,45
DA:212,225
LF:95
LH:76
BRDA:10,1,0,260
BRDA:24,2,0,0
BRDA:32,3,0,118
BRDA:32,4,0,262
BRDA:32,4,1,118
BRDA:44,5,0,250
BRDA:59,6,0,210
BRDA:72,7,0,0
BRDA:88,8,0,0
BRDA:101,9,0,0
BRDA:105,10,0,214
BRDA:105,10,1,4
BRDA:105,10,2,16
BRDA:105,10,3,10
BRDA:105,10,4,14
BRDA:113,11,0,26
BRDA:120,12,0,10
BRDA:120,13,0,10
BRDA:120,13,1,10
BRDA:122,14,0,20
BRDA:122,15,0,0
BRDA:122,15,1,20
BRDA:124,16,0,50
BRDA:146,17,0,1905
BRDA:146,17,1,2540
BRDA:148,18,0,385
BRDA:153,19,0,20
BRDA:158,20,0,0
BRDA:160,21,0,0
BRDA:168,22,0,130
BRDA:168,22,1,0
BRDA:168,22,2,1960
BRDA:168,22,3,40
BRDA:168,22,4,140
BRDA:168,22,5,50
BRDA:168,22,6,225
BRDA:196,23,0,45
BRDA:196,24,0,50
BRDA:196,24,1,50
BRDA:198,25,0,90
BRDA:198,26,0,0
BRDA:198,26,1,90
BRF:42
BRH:33
end_of_record
TN:
SF:/home/rawbin/Projets/_1projets_en_cours/modulo/modulo/src/core/utils/sectionUtils/index.js
FN:6,getMetaValue
FN:7,(anonymous_2)
FN:16,setMetaValue
FN:17,(anonymous_4)
FN:26,hasMeta
FN:35,findByMetadata
FN:36,(anonymous_7)
FN:42,sameMetaScope
FN:46,deleteMeta
FN:47,(anonymous_10)
FN:53,metaStringToCouple
FN:60,hasResource
FN:61,(anonymous_13)
FN:66,filterResources
FN:67,(anonymous_15)
FNF:15
FNH:15
FNDA:923,getMetaValue
FNDA:5257,(anonymous_2)
FNDA:52,setMetaValue
FNDA:634,(anonymous_4)
FNDA:403,hasMeta
FNDA:60,findByMetadata
FNDA:100,(anonymous_7)
FNDA:2,sameMetaScope
FNDA:10,deleteMeta
FNDA:50,(anonymous_10)
FNDA:162,metaStringToCouple
FNDA:125,hasResource
FNDA:110,(anonymous_13)
FNDA:160,filterResources
FNDA:1290,(anonymous_15)
DA:7,923
DA:8,5257
DA:10,923
DA:11,545
DA:13,378
DA:17,52
DA:18,634
DA:19,51
DA:21,634
DA:23,52
DA:27,403
DA:28,2
DA:29,401
DA:30,400
DA:32,0
DA:36,60
DA:37,100
DA:38,100
DA:43,2
DA:47,10
DA:48,50
DA:54,162
DA:55,162
DA:56,162
DA:57,162
DA:61,125
DA:62,110
DA:67,160
DA:68,1290
LF:29
LH:28
BRDA:8,1,0,5257
BRDA:8,1,1,2657
BRDA:10,2,0,545
BRDA:18,3,0,51
BRDA:18,4,0,634
BRDA:18,4,1,634
BRDA:27,5,0,2
BRDA:27,5,1,401
BRDA:29,6,0,400
BRDA:43,7,0,2
BRDA:43,7,1,2
BRDA:48,8,0,50
BRDA:48,8,1,50
BRDA:55,9,0,161
BRDA:55,9,1,1
BRF:15
BRH:15
end_of_record
TN:
SF:/home/rawbin/Projets/_1projets_en_cours/modulo/modulo/src/core/validators/sectionValidator/index.js
FNF:0
FNH:0
DA:5,1
DA:7,1
LF:2
LH:2
BRF:0
BRH:0
end_of_record
TN:
SF:/home/rawbin/Projets/_1projets_en_cours/modulo/modulo/src/core/validators/sectionValidator/validator.js
FN:4,validateResources
FN:7,(anonymous_2)
FNF:2
FNH:2
FNDA:20,validateResources
FNDA:160,(anonymous_2)
DA:1,1
DA:5,20
DA:7,20
DA:9,160
DA:10,160
DA:11,0
DA:20,20
LF:7
LH:6
BRDA:10,1,0,0
BRF:1
BRH:0
end_of_record
